#
# There is insufficient memory for the Java Runtime Environment to continue.
# Native memory allocation (malloc) failed to allocate 1048576 bytes. Error detail: AllocateHeap
# Possible reasons:
#   The system is out of physical RAM or swap space
#   This process is running with CompressedOops enabled, and the Java Heap may be blocking the growth of the native heap
# Possible solutions:
#   Reduce memory load on the system
#   Increase physical memory or swap space
#   Check if swap backing store is full
#   Decrease Java heap size (-Xmx/-Xms)
#   Decrease number of Java threads
#   Decrease Java thread stack sizes (-Xss)
#   Set larger code cache with -XX:ReservedCodeCacheSize=
#   JVM is running with Unscaled Compressed Oops mode in which the Java heap is
#     placed in the first 4GB address space. The Java Heap base address is the
#     maximum limit for the native heap growth. Please use -XX:HeapBaseMinAddress
#     to set the Java Heap base and to place the Java Heap above 4GB virtual address.
# This output file may be truncated or incomplete.
#
#  Out of Memory Error (allocation.cpp:44), pid=1432, tid=11360
#
# JRE version: OpenJDK Runtime Environment Temurin-21.0.10+7 (21.0.10+7) (build 21.0.10+7-LTS)
# Java VM: OpenJDK 64-Bit Server VM Temurin-21.0.10+7 (21.0.10+7-LTS, mixed mode, sharing, tiered, compressed oops, compressed class ptrs, parallel gc, windows-amd64)
# No core dump will be written. Minidumps are not enabled by default on client versions of Windows
#

---------------  S U M M A R Y ------------

Command Line: --add-modules=ALL-SYSTEM --add-opens=java.base/java.util=ALL-UNNAMED --add-opens=java.base/java.lang=ALL-UNNAMED --add-opens=java.base/sun.nio.fs=ALL-UNNAMED -Declipse.application=org.eclipse.jdt.ls.core.id1 -Dosgi.bundles.defaultStartLevel=4 -Declipse.product=org.eclipse.jdt.ls.core.product -Djava.import.generatesMetadataFilesAtProjectRoot=false -DDetectVMInstallationsJob.disabled=true -Dfile.encoding=utf8 -XX:+UseParallelGC -XX:GCTimeRatio=4 -XX:AdaptiveSizePolicyWeight=90 -Dsun.zip.disableMemoryMapping=true -Xmx2G -Xms100m -Xlog:disable -javaagent:c:\Users\marcosjesus.suarez\.antigravity\extensions\redhat.java-1.54.0-win32-x64\lombok\lombok-1.18.39-4050.jar -XX:+HeapDumpOnOutOfMemoryError -XX:HeapDumpPath=c:\Users\marcosjesus.suarez\AppData\Roaming\Antigravity\User\workspaceStorage\b25569217978af443ed044dad1cca286\redhat.java -Daether.dependencyCollector.impl=bf c:\Users\marcosjesus.suarez\.antigravity\extensions\redhat.java-1.54.0-win32-x64\server\plugins\org.eclipse.equinox.launcher_1.7.100.v20251111-0406.jar -configuration c:\Users\marcosjesus.suarez\AppData\Roaming\Antigravity\User\globalStorage\redhat.java\1.54.0\config_win -data c:\Users\marcosjesus.suarez\AppData\Roaming\Antigravity\User\workspaceStorage\b25569217978af443ed044dad1cca286\redhat.java\jdt_ws --pipe=\\.\pipe\lsp-b75d038675db355dbaf5a9ee3ca7de74-sock

Host: Intel(R) Core(TM) i3-10320 CPU @ 3.80GHz, 8 cores, 7G,  Windows 10 , 64 bit Build 19041 (10.0.19041.5915)
Time: Mon May 11 17:24:36 2026 Hora de ver. Europa Occidental elapsed time: 3224.506804 seconds (0d 0h 53m 44s)

---------------  T H R E A D  ---------------

Current thread (0x0000019ab8878460):  JavaThread "Attach Listener" daemon [_thread_in_vm, id=11360, stack(0x00000089abd00000,0x00000089abe00000) (1024K)]

Stack: [0x00000089abd00000,0x00000089abe00000]
Native frames: (J=compiled Java code, j=interpreted, Vv=VM code, C=native code)
V  [jvm.dll+0x6d7a39]
V  [jvm.dll+0x8b4b26]
V  [jvm.dll+0x8b70de]
V  [jvm.dll+0x8b77c3]
V  [jvm.dll+0x284346]
V  [jvm.dll+0xc1277]
V  [jvm.dll+0x6d82e9]
V  [jvm.dll+0x1334a6]
V  [jvm.dll+0x3f857e]
V  [jvm.dll+0x85f59d]
V  [jvm.dll+0x6d626d]
C  [ucrtbase.dll+0x21bb2]
C  [KERNEL32.DLL+0x17374]
C  [ntdll.dll+0x4cc91]


---------------  P R O C E S S  ---------------

Threads class SMR info:
_java_thread_list=0x0000019b19fef750, length=43, elements={
0x0000019ab8909240, 0x0000019ab886f9e0, 0x0000019ab8873db0, 0x0000019ab8877a00,
0x0000019ab8878460, 0x0000019ab8878ec0, 0x0000019ab8879920, 0x0000019ab887a760,
0x0000019b11bde040, 0x0000019b11d86cc0, 0x0000019b11f21890, 0x0000019b16982430,
0x0000019b16761eb0, 0x0000019b168e2390, 0x0000019b16777ff0, 0x0000019b16ed6ca0,
0x0000019b172b9380, 0x0000019b16aed960, 0x0000019b16364630, 0x0000019b16363910,
0x0000019b16366070, 0x0000019b16363fa0, 0x0000019b1810cad0, 0x0000019b18107c10,
0x0000019b1810c440, 0x0000019b18107580, 0x0000019b1810aa00, 0x0000019b18108fc0,
0x0000019b1810bdb0, 0x0000019b1810b090, 0x0000019b181082a0, 0x0000019b18109ce0,
0x0000019b170f55e0, 0x0000019b170f27f0, 0x0000019b170f2e80, 0x0000019b170f6990,
0x0000019b170f3510, 0x0000019b170f0090, 0x0000019b170f0720, 0x0000019b18108930,
0x0000019b163659e0, 0x0000019b1810b720, 0x0000019b1810d7f0
}

Java Threads: ( => current thread )
  0x0000019ab8909240 JavaThread "main"                              [_thread_blocked, id=11008, stack(0x00000089ab500000,0x00000089ab600000) (1024K)]
  0x0000019ab886f9e0 JavaThread "Reference Handler"          daemon [_thread_blocked, id=4808, stack(0x00000089aba00000,0x00000089abb00000) (1024K)]
  0x0000019ab8873db0 JavaThread "Finalizer"                  daemon [_thread_blocked, id=4856, stack(0x00000089abb00000,0x00000089abc00000) (1024K)]
  0x0000019ab8877a00 JavaThread "Signal Dispatcher"          daemon [_thread_blocked, id=15232, stack(0x00000089abc00000,0x00000089abd00000) (1024K)]
=>0x0000019ab8878460 JavaThread "Attach Listener"            daemon [_thread_in_vm, id=11360, stack(0x00000089abd00000,0x00000089abe00000) (1024K)]
  0x0000019ab8878ec0 JavaThread "Service Thread"             daemon [_thread_blocked, id=8028, stack(0x00000089abe00000,0x00000089abf00000) (1024K)]
  0x0000019ab8879920 JavaThread "Monitor Deflation Thread"   daemon [_thread_blocked, id=6900, stack(0x00000089abf00000,0x00000089ac000000) (1024K)]
  0x0000019ab887a760 JavaThread "C2 CompilerThread0"         daemon [_thread_blocked, id=16052, stack(0x00000089ac000000,0x00000089ac100000) (1024K)]
  0x0000019b11bde040 JavaThread "C1 CompilerThread0"         daemon [_thread_blocked, id=15372, stack(0x00000089ac100000,0x00000089ac200000) (1024K)]
  0x0000019b11d86cc0 JavaThread "Common-Cleaner"             daemon [_thread_blocked, id=14652, stack(0x00000089ac200000,0x00000089ac300000) (1024K)]
  0x0000019b11f21890 JavaThread "Notification Thread"        daemon [_thread_blocked, id=12936, stack(0x00000089ac400000,0x00000089ac500000) (1024K)]
  0x0000019b16982430 JavaThread "Active Thread: Equinox Container: 18067462-0faa-4da3-a797-84d831c9214c"        [_thread_blocked, id=6704, stack(0x00000089acc00000,0x00000089acd00000) (1024K)]
  0x0000019b16761eb0 JavaThread "Refresh Thread: Equinox Container: 18067462-0faa-4da3-a797-84d831c9214c" daemon [_thread_blocked, id=12260, stack(0x00000089ace00000,0x00000089acf00000) (1024K)]
  0x0000019b168e2390 JavaThread "Framework Event Dispatcher: Equinox Container: 18067462-0faa-4da3-a797-84d831c9214c" daemon [_thread_blocked, id=5824, stack(0x00000089acf00000,0x00000089ad000000) (1024K)]
  0x0000019b16777ff0 JavaThread "Start Level: Equinox Container: 18067462-0faa-4da3-a797-84d831c9214c" daemon [_thread_blocked, id=4412, stack(0x00000089ad000000,0x00000089ad100000) (1024K)]
  0x0000019b16ed6ca0 JavaThread "Bundle File Closer"         daemon [_thread_blocked, id=8680, stack(0x00000089ad100000,0x00000089ad200000) (1024K)]
  0x0000019b172b9380 JavaThread "SCR Component Actor"        daemon [_thread_blocked, id=7928, stack(0x00000089ac300000,0x00000089ac400000) (1024K)]
  0x0000019b16aed960 JavaThread "Worker-JM"                         [_thread_blocked, id=3024, stack(0x00000089ad300000,0x00000089ad400000) (1024K)]
  0x0000019b16364630 JavaThread "JNA Cleaner"                daemon [_thread_blocked, id=16084, stack(0x00000089ac500000,0x00000089ac600000) (1024K)]
  0x0000019b16363910 JavaThread "Java indexing"              daemon [_thread_blocked, id=15012, stack(0x00000089ad600000,0x00000089ad700000) (1024K)]
  0x0000019b16366070 JavaThread "Thread-1"                   daemon [_thread_in_native, id=4532, stack(0x00000089add00000,0x00000089ade00000) (1024K)]
  0x0000019b16363fa0 JavaThread "Thread-2"                   daemon [_thread_in_native, id=8228, stack(0x00000089ade00000,0x00000089adf00000) (1024K)]
  0x0000019b1810cad0 JavaThread "Thread-3"                   daemon [_thread_in_native, id=11056, stack(0x00000089adf00000,0x00000089ae000000) (1024K)]
  0x0000019b18107c10 JavaThread "Thread-4"                   daemon [_thread_in_native, id=7908, stack(0x00000089ae000000,0x00000089ae100000) (1024K)]
  0x0000019b1810c440 JavaThread "Thread-5"                   daemon [_thread_in_native, id=2260, stack(0x00000089ae100000,0x00000089ae200000) (1024K)]
  0x0000019b18107580 JavaThread "Thread-6"                   daemon [_thread_in_native, id=13412, stack(0x00000089ae200000,0x00000089ae300000) (1024K)]
  0x0000019b1810aa00 JavaThread "Thread-7"                   daemon [_thread_in_native, id=11928, stack(0x00000089ae300000,0x00000089ae400000) (1024K)]
  0x0000019b18108fc0 JavaThread "Thread-8"                   daemon [_thread_in_native, id=3664, stack(0x00000089ae400000,0x00000089ae500000) (1024K)]
  0x0000019b1810bdb0 JavaThread "Thread-9"                   daemon [_thread_in_native, id=12560, stack(0x00000089ae500000,0x00000089ae600000) (1024K)]
  0x0000019b1810b090 JavaThread "pool-2-thread-1"                   [_thread_blocked, id=972, stack(0x00000089ae600000,0x00000089ae700000) (1024K)]
  0x0000019b181082a0 JavaThread "WorkspaceEventsHandler"            [_thread_blocked, id=10796, stack(0x00000089ae700000,0x00000089ae800000) (1024K)]
  0x0000019b18109ce0 JavaThread "pool-1-thread-1"                   [_thread_blocked, id=4860, stack(0x00000089ae800000,0x00000089ae900000) (1024K)]
  0x0000019b170f55e0 JavaThread "Cleaner-0"                  daemon [_thread_blocked, id=4244, stack(0x00000089af000000,0x00000089af100000) (1024K)]
  0x0000019b170f27f0 JavaThread "Worker-6"                          [_thread_blocked, id=3312, stack(0x00000089ada00000,0x00000089adb00000) (1024K)]
  0x0000019b170f2e80 JavaThread "Java Debug Server"          daemon [_thread_in_native, id=1460, stack(0x00000089ad400000,0x00000089ad500000) (1024K)]
  0x0000019b170f6990 JavaThread "pool-5-thread-1"                   [_thread_in_native, id=15732, stack(0x00000089ad500000,0x00000089ad600000) (1024K)]
  0x0000019b170f3510 JavaThread "RxSchedulerPurge-1"         daemon [_thread_blocked, id=4364, stack(0x00000089ad700000,0x00000089ad800000) (1024K)]
  0x0000019b170f0090 JavaThread "RxCachedWorkerPoolEvictor-1" daemon [_thread_blocked, id=14508, stack(0x00000089ad800000,0x00000089ad900000) (1024K)]
  0x0000019b170f0720 JavaThread "RxNewThreadScheduler-1"     daemon [_thread_blocked, id=4996, stack(0x00000089ad900000,0x00000089ada00000) (1024K)]
  0x0000019b18108930 JavaThread "process reaper (pid 9940)"  daemon [_thread_in_native, id=10812, stack(0x00000089aaf50000,0x00000089aaf70000) (128K)]
  0x0000019b163659e0 JavaThread "Worker-11"                         [_thread_blocked, id=10668, stack(0x00000089ab300000,0x00000089ab400000) (1024K)]
  0x0000019b1810b720 JavaThread "Compiler Source File Reader" daemon [_thread_blocked, id=8008, stack(0x00000089ab900000,0x00000089aba00000) (1024K)]
  0x0000019b1810d7f0 JavaThread "Compiler Source File Reader" daemon [_thread_blocked, id=5520, stack(0x00000089adb00000,0x00000089adc00000) (1024K)]
Total: 43

Other Threads:
  0x0000019ab661e740 VMThread "VM Thread"                           [id=14188, stack(0x00000089ab800000,0x00000089ab900000) (1024K)]
  0x0000019ab8970630 WatcherThread "VM Periodic Task Thread"        [id=15664, stack(0x00000089ab700000,0x00000089ab800000) (1024K)]
  0x0000019ab8925f20 WorkerThread "GC Thread#0"                     [id=12876, stack(0x00000089ab600000,0x00000089ab700000) (1024K)]
  0x0000019b1694c830 WorkerThread "GC Thread#1"                     [id=14808, stack(0x00000089ac600000,0x00000089ac700000) (1024K)]
  0x0000019b1694ebf0 WorkerThread "GC Thread#2"                     [id=7304, stack(0x00000089ac700000,0x00000089ac800000) (1024K)]
  0x0000019b1694efa0 WorkerThread "GC Thread#3"                     [id=12844, stack(0x00000089ac800000,0x00000089ac900000) (1024K)]
  0x0000019b1694f350 WorkerThread "GC Thread#4"                     [id=9240, stack(0x00000089ac900000,0x00000089aca00000) (1024K)]
  0x0000019b1694f700 WorkerThread "GC Thread#5"                     [id=12224, stack(0x00000089aca00000,0x00000089acb00000) (1024K)]
  0x0000019b1694fab0 WorkerThread "GC Thread#6"                     [id=11272, stack(0x00000089acb00000,0x00000089acc00000) (1024K)]
  0x0000019b168b1750 WorkerThread "GC Thread#7"                     [id=11932, stack(0x00000089acd00000,0x00000089ace00000) (1024K)]
Total: 10

Threads with active compile tasks:
Total: 0

VM state: not at safepoint (normal execution)

VM Mutex/Monitor currently owned by a thread: None

Heap address: 0x0000000080000000, size: 2048 MB, Compressed Oops mode: 32-bit

CDS archive(s) mapped at: [0x0000019ad0000000-0x0000019ad0ba0000-0x0000019ad0ba0000), size 12189696, SharedBaseAddress: 0x0000019ad0000000, ArchiveRelocationMode: 1.
Compressed class space mapped at: 0x0000019ad1000000-0x0000019b11000000, reserved size: 1073741824
Narrow klass base: 0x0000019ad0000000, Narrow klass shift: 0, Narrow klass range: 0x100000000

GC Precious Log:
 CardTable entry size: 512
 CPUs: 8 total, 8 available
 Memory: 8021M
 Large Page Support: Disabled
 NUMA Support: Disabled
 Compressed Oops: Enabled (32-bit)
 Alignments: Space 512K, Generation 512K, Heap 2M
 Heap Min Capacity: 100M
 Heap Initial Capacity: 100M
 Heap Max Capacity: 2G
 Pre-touch: Disabled
 Parallel Workers: 8

Heap:
 PSYoungGen      total 11776K, used 8545K [0x00000000d5580000, 0x00000000d6580000, 0x0000000100000000)
  eden space 10240K, 69% used [0x00000000d5580000,0x00000000d5c7a008,0x00000000d5f80000)
  from space 1536K, 91% used [0x00000000d6280000,0x00000000d63de7b0,0x00000000d6400000)
  to   space 1536K, 0% used [0x00000000d6400000,0x00000000d6400000,0x00000000d6580000)
 ParOldGen       total 579584K, used 359629K [0x0000000080000000, 0x00000000a3600000, 0x00000000d5580000)
  object space 579584K, 62% used [0x0000000080000000,0x0000000095f33780,0x00000000a3600000)
 Metaspace       used 76527K, committed 78144K, reserved 1179648K
  class space    used 7983K, committed 8704K, reserved 1048576K

Card table byte_map: [0x0000019ab82b0000,0x0000019ab86c0000] _byte_map_base: 0x0000019ab7eb0000

Marking Bits: (ParMarkBitMap*) 0x00007ff928fa3450
 Begin Bits: [0x0000019acadc0000, 0x0000019accdc0000)
 End Bits:   [0x0000019accdc0000, 0x0000019acedc0000)

Polling page: 0x0000019ab6740000

Metaspace:

Usage:
  Non-class:     66.94 MB used.
      Class:      7.80 MB used.
       Both:     74.73 MB used.

Virtual space:
  Non-class space:      128.00 MB reserved,      67.81 MB ( 53%) committed,  2 nodes.
      Class space:        1.00 GB reserved,       8.50 MB ( <1%) committed,  1 nodes.
             Both:        1.12 GB reserved,      76.31 MB (  7%) committed. 

Chunk freelists:
   Non-Class:  12.11 MB
       Class:  7.42 MB
        Both:  19.53 MB

MaxMetaspaceSize: unlimited
CompressedClassSpaceSize: 1.00 GB
Initial GC threshold: 21.00 MB
Current GC threshold: 120.25 MB
CDS: on
 - commit_granule_bytes: 65536.
 - commit_granule_words: 8192.
 - virtual_space_node_default_size: 8388608.
 - enlarge_chunks_in_place: 1.
 - use_allocation_guard: 0.


Internal statistics:

num_allocs_failed_limit: 13.
num_arena_births: 1546.
num_arena_deaths: 70.
num_vsnodes_births: 3.
num_vsnodes_deaths: 0.
num_space_committed: 1221.
num_space_uncommitted: 0.
num_chunks_returned_to_freelist: 107.
num_chunks_taken_from_freelist: 5353.
num_chunk_merges: 45.
num_chunk_splits: 3207.
num_chunks_enlarged: 1747.
num_inconsistent_stats: 0.

CodeHeap 'non-profiled nmethods': size=120000Kb used=16738Kb max_used=16738Kb free=103261Kb
 bounds [0x0000019ac35e0000, 0x0000019ac4640000, 0x0000019acab10000]
CodeHeap 'profiled nmethods': size=120000Kb used=36941Kb max_used=36941Kb free=83058Kb
 bounds [0x0000019abbb10000, 0x0000019abdf30000, 0x0000019ac3040000]
CodeHeap 'non-nmethods': size=5760Kb used=1485Kb max_used=1591Kb free=4274Kb
 bounds [0x0000019ac3040000, 0x0000019ac32b0000, 0x0000019ac35e0000]
CodeCache: size=245760Kb, used=55164Kb, max_used=55270Kb, free=190593Kb
 total_blobs=16671, nmethods=15865, adapters=709, full_count=0
Compilation: enabled, stopped_count=0, restarted_count=0

Compilation events (20 events):
Event: 3083.243 Thread 0x0000019ab887a760 17479       4       java.util.concurrent.locks.AbstractQueuedSynchronizer$Node::setStatusRelaxed (12 bytes)
Event: 3083.244 Thread 0x0000019ab887a760 nmethod 17479 0x0000019ac4635610 code [0x0000019ac46357a0, 0x0000019ac4635830]
Event: 3092.145 Thread 0x0000019ab887a760 17480       4       java.util.concurrent.ThreadPoolExecutor::beforeExecute (1 bytes)
Event: 3092.146 Thread 0x0000019ab887a760 nmethod 17480 0x0000019ac4635910 code [0x0000019ac4635aa0, 0x0000019ac4635b28]
Event: 3100.101 Thread 0x0000019b11bde040 17481       3       org.eclipse.core.internal.filesystem.local.LocalFile::equals (54 bytes)
Event: 3100.102 Thread 0x0000019b11bde040 nmethod 17481 0x0000019abdf22b90 code [0x0000019abdf22da0, 0x0000019abdf23590]
Event: 3104.253 Thread 0x0000019ab887a760 17482       4       java.util.concurrent.ThreadPoolExecutor::afterExecute (1 bytes)
Event: 3104.253 Thread 0x0000019ab887a760 nmethod 17482 0x0000019ac4635c10 code [0x0000019ac4635da0, 0x0000019ac4635e28]
Event: 3160.199 Thread 0x0000019ab887a760 17483       4       java.nio.ByteBuffer::put (124 bytes)
Event: 3160.204 Thread 0x0000019ab887a760 nmethod 17483 0x0000019ac4635f10 code [0x0000019ac4636120, 0x0000019ac46368b8]
Event: 3160.204 Thread 0x0000019ab887a760 17484 %     4       java.net.URI::needsNormalization @ 123 (184 bytes)
Event: 3160.207 Thread 0x0000019ab887a760 nmethod 17484% 0x0000019ac4637190 code [0x0000019ac4637380, 0x0000019ac4637898]
Event: 3190.615 Thread 0x0000019ab887a760 17485       4       com.google.gson.stream.JsonReader::doPeek (785 bytes)
Event: 3190.618 Thread 0x0000019ab887a760 nmethod 17485 0x0000019ac4637d90 code [0x0000019ac4637fe0, 0x0000019ac4638630]
Event: 3200.891 Thread 0x0000019b11bde040 17486       3       java.util.concurrent.ConcurrentHashMap::equals (206 bytes)
Event: 3200.892 Thread 0x0000019b11bde040 nmethod 17486 0x0000019abdf23810 code [0x0000019abdf23b00, 0x0000019abdf24c58]
Event: 3224.257 Thread 0x0000019b11bde040 17487       3       java.nio.charset.CharsetDecoder::flush (49 bytes)
Event: 3224.257 Thread 0x0000019b11bde040 nmethod 17487 0x0000019abdf25110 code [0x0000019abdf252e0, 0x0000019abdf256a8]
Event: 3224.257 Thread 0x0000019b11bde040 17488       3       java.nio.charset.CharsetDecoder::implFlush (4 bytes)
Event: 3224.257 Thread 0x0000019b11bde040 nmethod 17488 0x0000019abdf25810 code [0x0000019abdf259a0, 0x0000019abdf25ab8]

GC Heap History (20 events):
Event: 3013.714 GC heap before
{Heap before GC invocations=664 (full 4):
 PSYoungGen      total 14848K, used 14671K [0x00000000d5580000, 0x00000000d7400000, 0x0000000100000000)
  eden space 10240K, 100% used [0x00000000d5580000,0x00000000d5f80000,0x00000000d5f80000)
  from space 4608K, 96% used [0x00000000d5f80000,0x00000000d63d3ca8,0x00000000d6400000)
  to   space 9216K, 0% used [0x00000000d6b00000,0x00000000d6b00000,0x00000000d7400000)
 ParOldGen       total 579584K, used 288720K [0x0000000080000000, 0x00000000a3600000, 0x00000000d5580000)
  object space 579584K, 49% used [0x0000000080000000,0x00000000919f43a0,0x00000000a3600000)
 Metaspace       used 76297K, committed 77888K, reserved 1179648K
  class space    used 7978K, committed 8704K, reserved 1048576K
}
Event: 3013.723 GC heap after
{Heap after GC invocations=664 (full 4):
 PSYoungGen      total 12288K, used 1781K [0x00000000d5580000, 0x00000000d6d00000, 0x0000000100000000)
  eden space 10240K, 0% used [0x00000000d5580000,0x00000000d5580000,0x00000000d5f80000)
  from space 2048K, 86% used [0x00000000d6b00000,0x00000000d6cbd6f0,0x00000000d6d00000)
  to   space 3584K, 0% used [0x00000000d6600000,0x00000000d6600000,0x00000000d6980000)
 ParOldGen       total 579584K, used 290912K [0x0000000080000000, 0x00000000a3600000, 0x00000000d5580000)
  object space 579584K, 50% used [0x0000000080000000,0x0000000091c181b0,0x00000000a3600000)
 Metaspace       used 76297K, committed 77888K, reserved 1179648K
  class space    used 7978K, committed 8704K, reserved 1048576K
}
Event: 3020.894 GC heap before
{Heap before GC invocations=665 (full 4):
 PSYoungGen      total 12288K, used 12021K [0x00000000d5580000, 0x00000000d6d00000, 0x0000000100000000)
  eden space 10240K, 99% used [0x00000000d5580000,0x00000000d5f7fff0,0x00000000d5f80000)
  from space 2048K, 86% used [0x00000000d6b00000,0x00000000d6cbd6f0,0x00000000d6d00000)
  to   space 3584K, 0% used [0x00000000d6600000,0x00000000d6600000,0x00000000d6980000)
 ParOldGen       total 579584K, used 290912K [0x0000000080000000, 0x00000000a3600000, 0x00000000d5580000)
  object space 579584K, 50% used [0x0000000080000000,0x0000000091c181b0,0x00000000a3600000)
 Metaspace       used 76381K, committed 78016K, reserved 1179648K
  class space    used 7978K, committed 8704K, reserved 1048576K
}
Event: 3020.896 GC heap after
{Heap after GC invocations=665 (full 4):
 PSYoungGen      total 13824K, used 534K [0x00000000d5580000, 0x00000000d6b80000, 0x0000000100000000)
  eden space 10240K, 0% used [0x00000000d5580000,0x00000000d5580000,0x00000000d5f80000)
  from space 3584K, 14% used [0x00000000d6600000,0x00000000d6685ae8,0x00000000d6980000)
  to   space 1536K, 0% used [0x00000000d6a00000,0x00000000d6a00000,0x00000000d6b80000)
 ParOldGen       total 579584K, used 292114K [0x0000000080000000, 0x00000000a3600000, 0x00000000d5580000)
  object space 579584K, 50% used [0x0000000080000000,0x0000000091d44828,0x00000000a3600000)
 Metaspace       used 76381K, committed 78016K, reserved 1179648K
  class space    used 7978K, committed 8704K, reserved 1048576K
}
Event: 3021.164 GC heap before
{Heap before GC invocations=666 (full 4):
 PSYoungGen      total 13824K, used 10774K [0x00000000d5580000, 0x00000000d6b80000, 0x0000000100000000)
  eden space 10240K, 100% used [0x00000000d5580000,0x00000000d5f80000,0x00000000d5f80000)
  from space 3584K, 14% used [0x00000000d6600000,0x00000000d6685ae8,0x00000000d6980000)
  to   space 1536K, 0% used [0x00000000d6a00000,0x00000000d6a00000,0x00000000d6b80000)
 ParOldGen       total 579584K, used 292114K [0x0000000080000000, 0x00000000a3600000, 0x00000000d5580000)
  object space 579584K, 50% used [0x0000000080000000,0x0000000091d44828,0x00000000a3600000)
 Metaspace       used 76408K, committed 78016K, reserved 1179648K
  class space    used 7981K, committed 8704K, reserved 1048576K
}
Event: 3021.171 GC heap after
{Heap after GC invocations=666 (full 4):
 PSYoungGen      total 11776K, used 1509K [0x00000000d5580000, 0x00000000d7380000, 0x0000000100000000)
  eden space 10240K, 0% used [0x00000000d5580000,0x00000000d5580000,0x00000000d5f80000)
  from space 1536K, 98% used [0x00000000d6a00000,0x00000000d6b79630,0x00000000d6b80000)
  to   space 10240K, 0% used [0x00000000d5f80000,0x00000000d5f80000,0x00000000d6980000)
 ParOldGen       total 579584K, used 299098K [0x0000000080000000, 0x00000000a3600000, 0x00000000d5580000)
  object space 579584K, 51% used [0x0000000080000000,0x0000000092416828,0x00000000a3600000)
 Metaspace       used 76408K, committed 78016K, reserved 1179648K
  class space    used 7981K, committed 8704K, reserved 1048576K
}
Event: 3021.195 GC heap before
{Heap before GC invocations=667 (full 4):
 PSYoungGen      total 11776K, used 11601K [0x00000000d5580000, 0x00000000d7380000, 0x0000000100000000)
  eden space 10240K, 98% used [0x00000000d5580000,0x00000000d5f5b020,0x00000000d5f80000)
  from space 1536K, 98% used [0x00000000d6a00000,0x00000000d6b79630,0x00000000d6b80000)
  to   space 10240K, 0% used [0x00000000d5f80000,0x00000000d5f80000,0x00000000d6980000)
 ParOldGen       total 579584K, used 299098K [0x0000000080000000, 0x00000000a3600000, 0x00000000d5580000)
  object space 579584K, 51% used [0x0000000080000000,0x0000000092416828,0x00000000a3600000)
 Metaspace       used 76408K, committed 78016K, reserved 1179648K
  class space    used 7981K, committed 8704K, reserved 1048576K
}
Event: 3021.200 GC heap after
{Heap after GC invocations=667 (full 4):
 PSYoungGen      total 20480K, used 9484K [0x00000000d5580000, 0x00000000d7380000, 0x0000000100000000)
  eden space 10240K, 0% used [0x00000000d5580000,0x00000000d5580000,0x00000000d5f80000)
  from space 10240K, 92% used [0x00000000d5f80000,0x00000000d68c3000,0x00000000d6980000)
  to   space 10240K, 0% used [0x00000000d6980000,0x00000000d6980000,0x00000000d7380000)
 ParOldGen       total 579584K, used 301895K [0x0000000080000000, 0x00000000a3600000, 0x00000000d5580000)
  object space 579584K, 52% used [0x0000000080000000,0x00000000926d1d98,0x00000000a3600000)
 Metaspace       used 76408K, committed 78016K, reserved 1179648K
  class space    used 7981K, committed 8704K, reserved 1048576K
}
Event: 3021.246 GC heap before
{Heap before GC invocations=668 (full 4):
 PSYoungGen      total 20480K, used 19724K [0x00000000d5580000, 0x00000000d7380000, 0x0000000100000000)
  eden space 10240K, 100% used [0x00000000d5580000,0x00000000d5f80000,0x00000000d5f80000)
  from space 10240K, 92% used [0x00000000d5f80000,0x00000000d68c3000,0x00000000d6980000)
  to   space 10240K, 0% used [0x00000000d6980000,0x00000000d6980000,0x00000000d7380000)
 ParOldGen       total 579584K, used 301895K [0x0000000080000000, 0x00000000a3600000, 0x00000000d5580000)
  object space 579584K, 52% used [0x0000000080000000,0x00000000926d1d98,0x00000000a3600000)
 Metaspace       used 76408K, committed 78016K, reserved 1179648K
  class space    used 7981K, committed 8704K, reserved 1048576K
}
Event: 3021.255 GC heap after
{Heap after GC invocations=668 (full 4):
 PSYoungGen      total 20480K, used 9694K [0x00000000d5580000, 0x00000000d7380000, 0x0000000100000000)
  eden space 10240K, 0% used [0x00000000d5580000,0x00000000d5580000,0x00000000d5f80000)
  from space 10240K, 94% used [0x00000000d6980000,0x00000000d72f78a0,0x00000000d7380000)
  to   space 10240K, 0% used [0x00000000d5f80000,0x00000000d5f80000,0x00000000d6980000)
 ParOldGen       total 579584K, used 310709K [0x0000000080000000, 0x00000000a3600000, 0x00000000d5580000)
  object space 579584K, 53% used [0x0000000080000000,0x0000000092f6d598,0x00000000a3600000)
 Metaspace       used 76408K, committed 78016K, reserved 1179648K
  class space    used 7981K, committed 8704K, reserved 1048576K
}
Event: 3021.271 GC heap before
{Heap before GC invocations=669 (full 4):
 PSYoungGen      total 20480K, used 19934K [0x00000000d5580000, 0x00000000d7380000, 0x0000000100000000)
  eden space 10240K, 100% used [0x00000000d5580000,0x00000000d5f80000,0x00000000d5f80000)
  from space 10240K, 94% used [0x00000000d6980000,0x00000000d72f78a0,0x00000000d7380000)
  to   space 10240K, 0% used [0x00000000d5f80000,0x00000000d5f80000,0x00000000d6980000)
 ParOldGen       total 579584K, used 310709K [0x0000000080000000, 0x00000000a3600000, 0x00000000d5580000)
  object space 579584K, 53% used [0x0000000080000000,0x0000000092f6d598,0x00000000a3600000)
 Metaspace       used 76408K, committed 78016K, reserved 1179648K
  class space    used 7981K, committed 8704K, reserved 1048576K
}
Event: 3021.279 GC heap after
{Heap after GC invocations=669 (full 4):
 PSYoungGen      total 18944K, used 8487K [0x00000000d5580000, 0x00000000d7180000, 0x0000000100000000)
  eden space 10240K, 0% used [0x00000000d5580000,0x00000000d5580000,0x00000000d5f80000)
  from space 8704K, 97% used [0x00000000d5f80000,0x00000000d67c9d98,0x00000000d6800000)
  to   space 9216K, 0% used [0x00000000d6880000,0x00000000d6880000,0x00000000d7180000)
 ParOldGen       total 579584K, used 321155K [0x0000000080000000, 0x00000000a3600000, 0x00000000d5580000)
  object space 579584K, 55% used [0x0000000080000000,0x00000000939a0ed8,0x00000000a3600000)
 Metaspace       used 76408K, committed 78016K, reserved 1179648K
  class space    used 7981K, committed 8704K, reserved 1048576K
}
Event: 3021.325 GC heap before
{Heap before GC invocations=670 (full 4):
 PSYoungGen      total 18944K, used 18727K [0x00000000d5580000, 0x00000000d7180000, 0x0000000100000000)
  eden space 10240K, 100% used [0x00000000d5580000,0x00000000d5f80000,0x00000000d5f80000)
  from space 8704K, 97% used [0x00000000d5f80000,0x00000000d67c9d98,0x00000000d6800000)
  to   space 9216K, 0% used [0x00000000d6880000,0x00000000d6880000,0x00000000d7180000)
 ParOldGen       total 579584K, used 321155K [0x0000000080000000, 0x00000000a3600000, 0x00000000d5580000)
  object space 579584K, 55% used [0x0000000080000000,0x00000000939a0ed8,0x00000000a3600000)
 Metaspace       used 76415K, committed 78016K, reserved 1179648K
  class space    used 7981K, committed 8704K, reserved 1048576K
}
Event: 3021.330 GC heap after
{Heap after GC invocations=670 (full 4):
 PSYoungGen      total 14848K, used 4469K [0x00000000d5580000, 0x00000000d6d00000, 0x0000000100000000)
  eden space 10240K, 0% used [0x00000000d5580000,0x00000000d5580000,0x00000000d5f80000)
  from space 4608K, 97% used [0x00000000d6880000,0x00000000d6cdd788,0x00000000d6d00000)
  to   space 6144K, 0% used [0x00000000d6100000,0x00000000d6100000,0x00000000d6700000)
 ParOldGen       total 579584K, used 329552K [0x0000000080000000, 0x00000000a3600000, 0x00000000d5580000)
  object space 579584K, 56% used [0x0000000080000000,0x00000000941d4368,0x00000000a3600000)
 Metaspace       used 76415K, committed 78016K, reserved 1179648K
  class space    used 7981K, committed 8704K, reserved 1048576K
}
Event: 3021.370 GC heap before
{Heap before GC invocations=671 (full 4):
 PSYoungGen      total 14848K, used 14709K [0x00000000d5580000, 0x00000000d6d00000, 0x0000000100000000)
  eden space 10240K, 100% used [0x00000000d5580000,0x00000000d5f80000,0x00000000d5f80000)
  from space 4608K, 97% used [0x00000000d6880000,0x00000000d6cdd788,0x00000000d6d00000)
  to   space 6144K, 0% used [0x00000000d6100000,0x00000000d6100000,0x00000000d6700000)
 ParOldGen       total 579584K, used 329552K [0x0000000080000000, 0x00000000a3600000, 0x00000000d5580000)
  object space 579584K, 56% used [0x0000000080000000,0x00000000941d4368,0x00000000a3600000)
 Metaspace       used 76474K, committed 78080K, reserved 1179648K
  class space    used 7982K, committed 8704K, reserved 1048576K
}
Event: 3021.374 GC heap after
{Heap after GC invocations=671 (full 4):
 PSYoungGen      total 13312K, used 2793K [0x00000000d5580000, 0x00000000d6900000, 0x0000000100000000)
  eden space 10240K, 0% used [0x00000000d5580000,0x00000000d5580000,0x00000000d5f80000)
  from space 3072K, 90% used [0x00000000d6100000,0x00000000d63ba5c8,0x00000000d6400000)
  to   space 4096K, 0% used [0x00000000d6500000,0x00000000d6500000,0x00000000d6900000)
 ParOldGen       total 579584K, used 333825K [0x0000000080000000, 0x00000000a3600000, 0x00000000d5580000)
  object space 579584K, 57% used [0x0000000080000000,0x00000000946007d8,0x00000000a3600000)
 Metaspace       used 76474K, committed 78080K, reserved 1179648K
  class space    used 7982K, committed 8704K, reserved 1048576K
}
Event: 3021.418 GC heap before
{Heap before GC invocations=672 (full 4):
 PSYoungGen      total 13312K, used 13033K [0x00000000d5580000, 0x00000000d6900000, 0x0000000100000000)
  eden space 10240K, 100% used [0x00000000d5580000,0x00000000d5f80000,0x00000000d5f80000)
  from space 3072K, 90% used [0x00000000d6100000,0x00000000d63ba5c8,0x00000000d6400000)
  to   space 4096K, 0% used [0x00000000d6500000,0x00000000d6500000,0x00000000d6900000)
 ParOldGen       total 579584K, used 356865K [0x0000000080000000, 0x00000000a3600000, 0x00000000d5580000)
  object space 579584K, 61% used [0x0000000080000000,0x0000000095c807f8,0x00000000a3600000)
 Metaspace       used 76481K, committed 78080K, reserved 1179648K
  class space    used 7982K, committed 8704K, reserved 1048576K
}
Event: 3021.423 GC heap after
{Heap after GC invocations=672 (full 4):
 PSYoungGen      total 10752K, used 352K [0x00000000d5580000, 0x00000000d6580000, 0x0000000100000000)
  eden space 10240K, 0% used [0x00000000d5580000,0x00000000d5580000,0x00000000d5f80000)
  from space 512K, 68% used [0x00000000d6500000,0x00000000d6558000,0x00000000d6580000)
  to   space 1536K, 0% used [0x00000000d6280000,0x00000000d6280000,0x00000000d6400000)
 ParOldGen       total 579584K, used 359487K [0x0000000080000000, 0x00000000a3600000, 0x00000000d5580000)
  object space 579584K, 62% used [0x0000000080000000,0x0000000095f0fc78,0x00000000a3600000)
 Metaspace       used 76481K, committed 78080K, reserved 1179648K
  class space    used 7982K, committed 8704K, reserved 1048576K
}
Event: 3021.650 GC heap before
{Heap before GC invocations=673 (full 4):
 PSYoungGen      total 10752K, used 10592K [0x00000000d5580000, 0x00000000d6580000, 0x0000000100000000)
  eden space 10240K, 100% used [0x00000000d5580000,0x00000000d5f80000,0x00000000d5f80000)
  from space 512K, 68% used [0x00000000d6500000,0x00000000d6558000,0x00000000d6580000)
  to   space 1536K, 0% used [0x00000000d6280000,0x00000000d6280000,0x00000000d6400000)
 ParOldGen       total 579584K, used 359487K [0x0000000080000000, 0x00000000a3600000, 0x00000000d5580000)
  object space 579584K, 62% used [0x0000000080000000,0x0000000095f0fc78,0x00000000a3600000)
 Metaspace       used 76507K, committed 78080K, reserved 1179648K
  class space    used 7983K, committed 8704K, reserved 1048576K
}
Event: 3021.652 GC heap after
{Heap after GC invocations=673 (full 4):
 PSYoungGen      total 11776K, used 1401K [0x00000000d5580000, 0x00000000d6580000, 0x0000000100000000)
  eden space 10240K, 0% used [0x00000000d5580000,0x00000000d5580000,0x00000000d5f80000)
  from space 1536K, 91% used [0x00000000d6280000,0x00000000d63de7b0,0x00000000d6400000)
  to   space 1536K, 0% used [0x00000000d6400000,0x00000000d6400000,0x00000000d6580000)
 ParOldGen       total 579584K, used 359629K [0x0000000080000000, 0x00000000a3600000, 0x00000000d5580000)
  object space 579584K, 62% used [0x0000000080000000,0x0000000095f33780,0x00000000a3600000)
 Metaspace       used 76507K, committed 78080K, reserved 1179648K
  class space    used 7983K, committed 8704K, reserved 1048576K
}

Dll operation events (11 events):
Event: 0.014 Loaded shared library c:\Users\marcosjesus.suarez\.antigravity\extensions\redhat.java-1.54.0-win32-x64\jre\21.0.10-win32-x86_64\bin\java.dll
Event: 0.110 Loaded shared library c:\Users\marcosjesus.suarez\.antigravity\extensions\redhat.java-1.54.0-win32-x64\jre\21.0.10-win32-x86_64\bin\zip.dll
Event: 0.134 Loaded shared library C:\Users\marcosjesus.suarez\.antigravity\extensions\redhat.java-1.54.0-win32-x64\jre\21.0.10-win32-x86_64\bin\instrument.dll
Event: 0.139 Loaded shared library C:\Users\marcosjesus.suarez\.antigravity\extensions\redhat.java-1.54.0-win32-x64\jre\21.0.10-win32-x86_64\bin\net.dll
Event: 0.141 Loaded shared library C:\Users\marcosjesus.suarez\.antigravity\extensions\redhat.java-1.54.0-win32-x64\jre\21.0.10-win32-x86_64\bin\nio.dll
Event: 0.162 Loaded shared library C:\Users\marcosjesus.suarez\.antigravity\extensions\redhat.java-1.54.0-win32-x64\jre\21.0.10-win32-x86_64\bin\zip.dll
Event: 0.188 Loaded shared library C:\Users\marcosjesus.suarez\.antigravity\extensions\redhat.java-1.54.0-win32-x64\jre\21.0.10-win32-x86_64\bin\jimage.dll
Event: 0.255 Loaded shared library c:\Users\marcosjesus.suarez\.antigravity\extensions\redhat.java-1.54.0-win32-x64\jre\21.0.10-win32-x86_64\bin\verify.dll
Event: 1.642 Loaded shared library C:\Users\marcosjesus.suarez\AppData\Roaming\Antigravity\User\globalStorage\redhat.java\1.54.0\config_win\org.eclipse.equinox.launcher\org.eclipse.equinox.launcher.win32.win32.x86_64_1.3.0.v20260203-2149\eclipse_11919.dll
Event: 5.511 Loaded shared library C:\Users\marcosjesus.suarez\AppData\Local\Temp\jna--306259543\jna1254368534315233316.dll
Event: 2421.137 Loaded shared library C:\Users\marcosjesus.suarez\.antigravity\extensions\redhat.java-1.54.0-win32-x64\jre\21.0.10-win32-x86_64\bin\extnet.dll

Deoptimization events (20 events):
Event: 3021.599 Thread 0x0000019b170f27f0 DEOPT PACKING pc=0x0000019ac4093548 sp=0x00000089adafe9a0
Event: 3021.599 Thread 0x0000019b170f27f0 DEOPT UNPACKING pc=0x0000019ac3093aa2 sp=0x00000089adafe938 mode 2
Event: 3021.599 Thread 0x0000019b170f27f0 Uncommon trap: trap_request=0xffffffde fr.pc=0x0000019ac4093548 relative=0x0000000000000208
Event: 3021.599 Thread 0x0000019b170f27f0 Uncommon trap: reason=class_check action=maybe_recompile pc=0x0000019ac4093548 method=org.eclipse.jdt.internal.core.util.Util.equalArraysOrNull([Ljava/lang/Object;[Ljava/lang/Object;)Z @ 55 c2
Event: 3021.599 Thread 0x0000019b170f27f0 DEOPT PACKING pc=0x0000019ac4093548 sp=0x00000089adafe9a0
Event: 3021.599 Thread 0x0000019b170f27f0 DEOPT UNPACKING pc=0x0000019ac3093aa2 sp=0x00000089adafe938 mode 2
Event: 3021.653 Thread 0x0000019b170f27f0 Uncommon trap: trap_request=0xffffffde fr.pc=0x0000019ac37feb50 relative=0x00000000000012b0
Event: 3021.653 Thread 0x0000019b170f27f0 Uncommon trap: reason=class_check action=maybe_recompile pc=0x0000019ac37feb50 method=org.eclipse.jdt.internal.core.JavaElement.openWhenClosed(Lorg/eclipse/jdt/internal/compiler/env/IElementInfo;ZLorg/eclipse/core/runtime/IProgressMonitor;)Lorg/eclipse/jd
Event: 3021.653 Thread 0x0000019b170f27f0 DEOPT PACKING pc=0x0000019ac37feb50 sp=0x00000089adafe070
Event: 3021.653 Thread 0x0000019b170f27f0 DEOPT UNPACKING pc=0x0000019ac3093aa2 sp=0x00000089adafe020 mode 2
Event: 3021.656 Thread 0x0000019b170f27f0 Uncommon trap: trap_request=0xffffffde fr.pc=0x0000019ac37feb50 relative=0x00000000000012b0
Event: 3021.656 Thread 0x0000019b170f27f0 Uncommon trap: reason=class_check action=maybe_recompile pc=0x0000019ac37feb50 method=org.eclipse.jdt.internal.core.JavaElement.openWhenClosed(Lorg/eclipse/jdt/internal/compiler/env/IElementInfo;ZLorg/eclipse/core/runtime/IProgressMonitor;)Lorg/eclipse/jd
Event: 3021.656 Thread 0x0000019b170f27f0 DEOPT PACKING pc=0x0000019ac37feb50 sp=0x00000089adafe070
Event: 3021.656 Thread 0x0000019b170f27f0 DEOPT UNPACKING pc=0x0000019ac3093aa2 sp=0x00000089adafe020 mode 2
Event: 3021.664 Thread 0x0000019b170f27f0 DEOPT PACKING pc=0x0000019abdbb679a sp=0x00000089adafdcb0
Event: 3021.664 Thread 0x0000019b170f27f0 DEOPT UNPACKING pc=0x0000019ac3094242 sp=0x00000089adafd130 mode 0
Event: 3021.675 Thread 0x0000019b170f27f0 Uncommon trap: trap_request=0xffffff6e fr.pc=0x0000019ac462efa8 relative=0x0000000000000108
Event: 3021.675 Thread 0x0000019b170f27f0 Uncommon trap: reason=loop_limit_check action=maybe_recompile pc=0x0000019ac462efa8 method=org.eclipse.jdt.internal.compiler.lookup.BlockScope.findLocalType([C)Lorg/eclipse/jdt/internal/compiler/lookup/ReferenceBinding; @ 79 c2
Event: 3021.675 Thread 0x0000019b170f27f0 DEOPT PACKING pc=0x0000019ac462efa8 sp=0x00000089adafda20
Event: 3021.675 Thread 0x0000019b170f27f0 DEOPT UNPACKING pc=0x0000019ac3093aa2 sp=0x00000089adafd9a0 mode 2

Classes loaded (20 events):
Event: 2421.354 Loading class java/util/TimerThread
Event: 2421.354 Loading class java/util/TimerThread done
Event: 2421.354 Loading class java/util/Timer$ThreadReaper
Event: 2421.354 Loading class java/util/Timer$ThreadReaper done
Event: 2421.358 Loading class java/util/concurrent/CompletableFuture$UniWhenComplete
Event: 2421.358 Loading class java/util/concurrent/CompletableFuture$UniWhenComplete done
Event: 2421.358 Loading class java/util/concurrent/CompletableFuture$UniCompose
Event: 2421.358 Loading class java/util/concurrent/CompletableFuture$UniCompose done
Event: 2421.358 Loading class java/util/concurrent/CompletableFuture$UniRelay
Event: 2421.358 Loading class java/util/concurrent/CompletableFuture$UniRelay done
Event: 2422.251 Loading class java/util/concurrent/ScheduledThreadPoolExecutor$DelayedWorkQueue$Itr
Event: 2422.252 Loading class java/util/concurrent/ScheduledThreadPoolExecutor$DelayedWorkQueue$Itr done
Event: 2422.575 Loading class java/lang/ProcessHandleImpl$ExitCompletion
Event: 2422.575 Loading class java/lang/ProcessHandleImpl$ExitCompletion done
Event: 2422.575 Loading class java/lang/ProcessHandleImpl$1
Event: 2422.575 Loading class java/lang/ProcessHandleImpl$1 done
Event: 2422.576 Loading class java/util/concurrent/CompletableFuture$UniHandle
Event: 2422.576 Loading class java/util/concurrent/CompletableFuture$UniHandle done
Event: 3021.134 Loading class java/util/ArrayDeque$DeqSpliterator
Event: 3021.134 Loading class java/util/ArrayDeque$DeqSpliterator done

Classes unloaded (20 events):
Event: 1392.867 Thread 0x0000019ab661e740 Unloading class 0x0000019ad1747c00 'java/lang/invoke/LambdaForm$MH+0x0000019ad1747c00'
Event: 1392.867 Thread 0x0000019ab661e740 Unloading class 0x0000019ad1747800 'java/lang/invoke/LambdaForm$MH+0x0000019ad1747800'
Event: 1392.867 Thread 0x0000019ab661e740 Unloading class 0x0000019ad1747400 'java/lang/invoke/LambdaForm$MH+0x0000019ad1747400'
Event: 1392.867 Thread 0x0000019ab661e740 Unloading class 0x0000019ad1746c00 'java/lang/invoke/LambdaForm$MH+0x0000019ad1746c00'
Event: 1392.867 Thread 0x0000019ab661e740 Unloading class 0x0000019ad1746800 'java/lang/invoke/LambdaForm$MH+0x0000019ad1746800'
Event: 1392.867 Thread 0x0000019ab661e740 Unloading class 0x0000019ad1746400 'java/lang/invoke/LambdaForm$MH+0x0000019ad1746400'
Event: 1392.867 Thread 0x0000019ab661e740 Unloading class 0x0000019ad1746000 'java/lang/invoke/LambdaForm$MH+0x0000019ad1746000'
Event: 1392.867 Thread 0x0000019ab661e740 Unloading class 0x0000019ad1745c00 'java/lang/invoke/LambdaForm$MH+0x0000019ad1745c00'
Event: 1392.867 Thread 0x0000019ab661e740 Unloading class 0x0000019ad1745400 'java/lang/invoke/LambdaForm$MH+0x0000019ad1745400'
Event: 1392.867 Thread 0x0000019ab661e740 Unloading class 0x0000019ad1745000 'java/lang/invoke/LambdaForm$MH+0x0000019ad1745000'
Event: 1392.867 Thread 0x0000019ab661e740 Unloading class 0x0000019ad1744400 'java/lang/invoke/LambdaForm$MH+0x0000019ad1744400'
Event: 1392.867 Thread 0x0000019ab661e740 Unloading class 0x0000019ad1744800 'java/lang/invoke/LambdaForm$MH+0x0000019ad1744800'
Event: 1392.867 Thread 0x0000019ab661e740 Unloading class 0x0000019ad1744000 'java/lang/invoke/LambdaForm$MH+0x0000019ad1744000'
Event: 1392.867 Thread 0x0000019ab661e740 Unloading class 0x0000019ad1735000 'java/lang/invoke/LambdaForm$DMH+0x0000019ad1735000'
Event: 1392.867 Thread 0x0000019ab661e740 Unloading class 0x0000019ad1734c00 'java/lang/invoke/LambdaForm$DMH+0x0000019ad1734c00'
Event: 1392.867 Thread 0x0000019ab661e740 Unloading class 0x0000019ad1734800 'java/lang/invoke/LambdaForm$DMH+0x0000019ad1734800'
Event: 1392.867 Thread 0x0000019ab661e740 Unloading class 0x0000019ad1734400 'java/lang/invoke/LambdaForm$DMH+0x0000019ad1734400'
Event: 1392.867 Thread 0x0000019ab661e740 Unloading class 0x0000019ad16f9000 'java/lang/invoke/LambdaForm$DMH+0x0000019ad16f9000'
Event: 1392.867 Thread 0x0000019ab661e740 Unloading class 0x0000019ad16f8c00 'java/lang/invoke/LambdaForm$DMH+0x0000019ad16f8c00'
Event: 1392.867 Thread 0x0000019ab661e740 Unloading class 0x0000019ad16f8800 'java/lang/invoke/LambdaForm$DMH+0x0000019ad16f8800'

Classes redefined (0 events):
No events

Internal exceptions (20 events):
Event: 2420.958 Thread 0x0000019b16362bf0 Exception <a 'sun/nio/fs/WindowsException'{0x00000000d66dfd00}> (0x00000000d66dfd00) 
thrown [s\src\hotspot\share\prims\jni.cpp, line 520]
Event: 2420.958 Thread 0x0000019b16362bf0 Exception <a 'sun/nio/fs/WindowsException'{0x00000000d66e05c8}> (0x00000000d66e05c8) 
thrown [s\src\hotspot\share\prims\jni.cpp, line 520]
Event: 2421.156 Thread 0x0000019b170f6990 Exception <a 'java/io/FileNotFoundException'{0x00000000d66097b8}> (0x00000000d66097b8) 
thrown [s\src\hotspot\share\prims\jni.cpp, line 520]
Event: 2421.289 Thread 0x0000019b170f6990 Exception <a 'java/lang/NoSuchMethodError'{0x00000000d62052f0}: 'java.lang.Object java.lang.invoke.DirectMethodHandle$Holder.invokeVirtual(java.lang.Object, java.lang.Object, java.lang.Object, java.lang.Object)'> (0x00000000d62052f0) 
thrown [s\src\hotspot\share\interpreter\linkResolver.cpp, line 773]
Event: 2421.319 Thread 0x0000019b170f0720 Exception <a 'java/lang/NoSuchMethodError'{0x00000000d661b480}: 'java.lang.Object java.lang.invoke.DirectMethodHandle$Holder.invokeStatic(java.lang.Object, long, java.lang.Object, java.lang.Object)'> (0x00000000d661b480) 
thrown [s\src\hotspot\share\interpreter\linkResolver.cpp, line 773]
Event: 2421.334 Thread 0x0000019b170f0720 Exception <a 'sun/nio/fs/WindowsException'{0x00000000d66e2558}> (0x00000000d66e2558) 
thrown [s\src\hotspot\share\prims\jni.cpp, line 520]
Event: 2421.334 Thread 0x0000019b170f0720 Exception <a 'sun/nio/fs/WindowsException'{0x00000000d66e3580}> (0x00000000d66e3580) 
thrown [s\src\hotspot\share\prims\jni.cpp, line 520]
Event: 2421.357 Thread 0x0000019b170f0720 Exception <a 'java/lang/NoSuchMethodError'{0x00000000d678f048}: 'void java.lang.invoke.DirectMethodHandle$Holder.invokeStatic(java.lang.Object, java.lang.Object, java.lang.Object, java.lang.Object, java.lang.Object, java.lang.Object, java.lang.Object)'> (0x00000000d678f048) 
thrown [s\src\hotspot\share\interpreter\linkResolver.cpp, line 773]
Event: 2422.491 Thread 0x0000019b1810b720 Exception <a 'java/lang/NoSuchMethodError'{0x00000000d67c9718}: 'long java.lang.invoke.DelegatingMethodHandle$Holder.reinvoke_L(java.lang.Object, java.lang.Object)'> (0x00000000d67c9718) 
thrown [s\src\hotspot\share\interpreter\linkResolver.cpp, line 773]
Event: 2422.491 Thread 0x0000019b1810b720 Exception <a 'java/lang/NoSuchMethodError'{0x00000000d67d3650}: 'void java.lang.invoke.DelegatingMethodHandle$Holder.reinvoke_L(java.lang.Object, java.lang.Object, long)'> (0x00000000d67d3650) 
thrown [s\src\hotspot\share\interpreter\linkResolver.cpp, line 773]
Event: 2422.578 Thread 0x0000019b1810b720 Exception <a 'java/lang/NoSuchMethodError'{0x00000000d55babe8}: 'long java.lang.invoke.Invokers$Holder.invokeExact_MT(java.lang.Object, java.lang.Object, java.lang.Object)'> (0x00000000d55babe8) 
thrown [s\src\hotspot\share\interpreter\linkResolver.cpp, line 773]
Event: 2623.299 Thread 0x0000019b16363910 Exception <a 'sun/nio/fs/WindowsException'{0x00000000d588c250}> (0x00000000d588c250) 
thrown [s\src\hotspot\share\prims\jni.cpp, line 520]
Event: 2623.501 Thread 0x0000019b16363910 Exception <a 'sun/nio/fs/WindowsException'{0x00000000d5bc22f8}> (0x00000000d5bc22f8) 
thrown [s\src\hotspot\share\prims\jni.cpp, line 520]
Event: 2923.282 Thread 0x0000019b170f27f0 Exception <a 'sun/nio/fs/WindowsException'{0x00000000d5eb1990}> (0x00000000d5eb1990) 
thrown [s\src\hotspot\share\prims\jni.cpp, line 520]
Event: 2923.282 Thread 0x0000019b170f27f0 Exception <a 'sun/nio/fs/WindowsException'{0x00000000d5eb2258}> (0x00000000d5eb2258) 
thrown [s\src\hotspot\share\prims\jni.cpp, line 520]
Event: 3013.185 Thread 0x0000019b16363910 Exception <a 'sun/nio/fs/WindowsException'{0x00000000d653dc50}> (0x00000000d653dc50) 
thrown [s\src\hotspot\share\prims\jni.cpp, line 520]
Event: 3013.330 Thread 0x0000019b16363910 Exception <a 'sun/nio/fs/WindowsException'{0x00000000d5fce618}> (0x00000000d5fce618) 
thrown [s\src\hotspot\share\prims\jni.cpp, line 520]
Event: 3021.151 Thread 0x0000019b16363910 Exception <a 'sun/nio/fs/WindowsException'{0x00000000d5734dd8}> (0x00000000d5734dd8) 
thrown [s\src\hotspot\share\prims\jni.cpp, line 520]
Event: 3021.307 Thread 0x0000019b16363910 Exception <a 'sun/nio/fs/WindowsException'{0x00000000d56971a0}> (0x00000000d56971a0) 
thrown [s\src\hotspot\share\prims\jni.cpp, line 520]
Event: 3021.338 Thread 0x0000019b16363910 Implicit null exception at 0x0000019ac45b5f68 to 0x0000019ac45b63f0

ZGC Phase Switch (0 events):
No events

VM Operations (20 events):
Event: 3021.246 Executing safepoint VM operation: ParallelGCFailedAllocation (Allocation Failure)
Event: 3021.255 Executing safepoint VM operation: ParallelGCFailedAllocation (Allocation Failure) done
Event: 3021.271 Executing safepoint VM operation: ParallelGCFailedAllocation (Allocation Failure)
Event: 3021.279 Executing safepoint VM operation: ParallelGCFailedAllocation (Allocation Failure) done
Event: 3021.325 Executing safepoint VM operation: ParallelGCFailedAllocation (Allocation Failure)
Event: 3021.330 Executing safepoint VM operation: ParallelGCFailedAllocation (Allocation Failure) done
Event: 3021.347 Executing non-safepoint VM operation: HandshakeAllThreads (Deoptimize)
Event: 3021.347 Executing non-safepoint VM operation: HandshakeAllThreads (Deoptimize) done
Event: 3021.370 Executing safepoint VM operation: ParallelGCFailedAllocation (Allocation Failure)
Event: 3021.374 Executing safepoint VM operation: ParallelGCFailedAllocation (Allocation Failure) done
Event: 3021.418 Executing safepoint VM operation: ParallelGCFailedAllocation (Allocation Failure)
Event: 3021.423 Executing safepoint VM operation: ParallelGCFailedAllocation (Allocation Failure) done
Event: 3021.650 Executing safepoint VM operation: ParallelGCFailedAllocation (Allocation Failure)
Event: 3021.652 Executing safepoint VM operation: ParallelGCFailedAllocation (Allocation Failure) done
Event: 3022.662 Executing safepoint VM operation: Cleanup
Event: 3022.662 Executing safepoint VM operation: Cleanup done
Event: 3066.041 Executing non-safepoint VM operation: HandshakeAllThreads (HandshakeForDeflation)
Event: 3066.041 Executing non-safepoint VM operation: HandshakeAllThreads (HandshakeForDeflation) done
Event: 3066.041 Executing non-safepoint VM operation: RendezvousGCThreads
Event: 3066.041 Executing non-safepoint VM operation: RendezvousGCThreads done

Memory protections (0 events):
No events

Nmethod flushes (20 events):
Event: 1392.890 Thread 0x0000019ab661e740 flushing  nmethod 0x0000019abcaa2890
Event: 1392.890 Thread 0x0000019ab661e740 flushing  nmethod 0x0000019abcacbb10
Event: 1392.890 Thread 0x0000019ab661e740 flushing  nmethod 0x0000019abcadfa10
Event: 1392.890 Thread 0x0000019ab661e740 flushing  nmethod 0x0000019abcae6f90
Event: 1392.890 Thread 0x0000019ab661e740 flushing  nmethod 0x0000019abcae8090
Event: 1392.890 Thread 0x0000019ab661e740 flushing  nmethod 0x0000019abcaec910
Event: 1392.890 Thread 0x0000019ab661e740 flushing  nmethod 0x0000019abcaef010
Event: 1392.890 Thread 0x0000019ab661e740 flushing osr nmethod 0x0000019abcaef510
Event: 1392.890 Thread 0x0000019ab661e740 flushing  nmethod 0x0000019abcaf3910
Event: 1392.890 Thread 0x0000019ab661e740 flushing  nmethod 0x0000019abcaf7d10
Event: 1392.890 Thread 0x0000019ab661e740 flushing  nmethod 0x0000019abcb04310
Event: 1392.890 Thread 0x0000019ab661e740 flushing  nmethod 0x0000019abcb11c10
Event: 1392.890 Thread 0x0000019ab661e740 flushing  nmethod 0x0000019abcb35990
Event: 1392.890 Thread 0x0000019ab661e740 flushing  nmethod 0x0000019abcb35c90
Event: 1392.890 Thread 0x0000019ab661e740 flushing osr nmethod 0x0000019abcb3e590
Event: 1392.890 Thread 0x0000019ab661e740 flushing osr nmethod 0x0000019abcb8c510
Event: 1392.890 Thread 0x0000019ab661e740 flushing  nmethod 0x0000019abcb95290
Event: 1392.890 Thread 0x0000019ab661e740 flushing  nmethod 0x0000019abcbc5f10
Event: 1392.890 Thread 0x0000019ab661e740 flushing  nmethod 0x0000019abcc15b10
Event: 1392.890 Thread 0x0000019ab661e740 flushing  nmethod 0x0000019abcc35210

Events (20 events):
Event: 3012.955 Thread 0x0000019b11bde040 Thread added: 0x0000019b1b9a5720
Event: 3013.126 Thread 0x0000019b1b9a5720 Thread exited: 0x0000019b1b9a5720
Event: 3013.187 Thread 0x0000019b170f27f0 Thread added: 0x0000019b16362bf0
Event: 3013.309 Thread 0x0000019b163659e0 Thread added: 0x0000019b1810b720
Event: 3013.327 Thread 0x0000019b163659e0 Thread added: 0x0000019b181061d0
Event: 3013.353 Thread 0x0000019b11bde040 Thread added: 0x0000019b1b9a42b0
Event: 3013.708 Thread 0x0000019b1b9a42b0 Thread exited: 0x0000019b1b9a42b0
Event: 3013.768 Thread 0x0000019b11bde040 Thread added: 0x0000019b1b9a3be0
Event: 3013.800 Thread 0x0000019b11bde040 Thread added: 0x0000019b1b9a19d0
Event: 3018.834 Thread 0x0000019b1b9a19d0 Thread exited: 0x0000019b1b9a19d0
Event: 3018.849 Thread 0x0000019b1b9a3be0 Thread exited: 0x0000019b1b9a3be0
Event: 3020.896 Thread 0x0000019ab887a760 Thread added: 0x0000019b1b9a19d0
Event: 3021.130 Thread 0x0000019b1b9a19d0 Thread exited: 0x0000019b1b9a19d0
Event: 3021.258 Thread 0x0000019b170f27f0 Thread added: 0x0000019b1810d7f0
Event: 3021.308 Thread 0x0000019b11bde040 Thread added: 0x0000019b1b9a5df0
Event: 3021.355 Thread 0x0000019b11bde040 Thread added: 0x0000019b1b9a20a0
Event: 3021.577 Thread 0x0000019b1b9a20a0 Thread exited: 0x0000019b1b9a20a0
Event: 3026.701 Thread 0x0000019b1b9a5df0 Thread exited: 0x0000019b1b9a5df0
Event: 3081.363 Thread 0x0000019b181061d0 Thread exited: 0x0000019b181061d0
Event: 3081.580 Thread 0x0000019b16362bf0 Thread exited: 0x0000019b16362bf0


Dynamic libraries:
0x00007ff7f5280000 - 0x00007ff7f528e000 	c:\Users\marcosjesus.suarez\.antigravity\extensions\redhat.java-1.54.0-win32-x64\jre\21.0.10-win32-x86_64\bin\java.exe
0x00007ff9814b0000 - 0x00007ff9816a8000 	C:\Windows\SYSTEM32\ntdll.dll
0x00007ff97f4d0000 - 0x00007ff97f592000 	C:\Windows\System32\KERNEL32.DLL
0x00007ff97ed40000 - 0x00007ff97f036000 	C:\Windows\System32\KERNELBASE.dll
0x00007ff97f230000 - 0x00007ff97f330000 	C:\Windows\System32\ucrtbase.dll
0x00007ff96c240000 - 0x00007ff96c258000 	c:\Users\marcosjesus.suarez\.antigravity\extensions\redhat.java-1.54.0-win32-x64\jre\21.0.10-win32-x86_64\bin\jli.dll
0x00007ff980640000 - 0x00007ff9807e1000 	C:\Windows\System32\USER32.dll
0x00007ff97eb40000 - 0x00007ff97eb62000 	C:\Windows\System32\win32u.dll
0x00007ff981440000 - 0x00007ff98146b000 	C:\Windows\System32\GDI32.dll
0x00007ff97eba0000 - 0x00007ff97ecb9000 	C:\Windows\System32\gdi32full.dll
0x00007ff97f3e0000 - 0x00007ff97f47d000 	C:\Windows\System32\msvcp_win.dll
0x00007ff9745f0000 - 0x00007ff97460e000 	c:\Users\marcosjesus.suarez\.antigravity\extensions\redhat.java-1.54.0-win32-x64\jre\21.0.10-win32-x86_64\bin\VCRUNTIME140.dll
0x00007ff954340000 - 0x00007ff9545db000 	C:\Windows\WinSxS\amd64_microsoft.windows.common-controls_6595b64144ccf1df_6.0.19041.6456_none_60b8a6cb71f64256\COMCTL32.dll
0x00007ff980850000 - 0x00007ff9808ee000 	C:\Windows\System32\msvcrt.dll
0x00007ff980a20000 - 0x00007ff980a4f000 	C:\Windows\System32\IMM32.DLL
0x00007ff976fb0000 - 0x00007ff976fbc000 	c:\Users\marcosjesus.suarez\.antigravity\extensions\redhat.java-1.54.0-win32-x64\jre\21.0.10-win32-x86_64\bin\vcruntime140_1.dll
0x00007ff93a760000 - 0x00007ff93a7ed000 	c:\Users\marcosjesus.suarez\.antigravity\extensions\redhat.java-1.54.0-win32-x64\jre\21.0.10-win32-x86_64\bin\msvcp140.dll
0x00007ff9282e0000 - 0x00007ff929081000 	c:\Users\marcosjesus.suarez\.antigravity\extensions\redhat.java-1.54.0-win32-x64\jre\21.0.10-win32-x86_64\bin\server\jvm.dll
0x00007ff980e90000 - 0x00007ff980f41000 	C:\Windows\System32\ADVAPI32.dll
0x00007ff980df0000 - 0x00007ff980e8f000 	C:\Windows\System32\sechost.dll
0x00007ff980c00000 - 0x00007ff980d20000 	C:\Windows\System32\RPCRT4.dll
0x00007ff97eb70000 - 0x00007ff97eb97000 	C:\Windows\System32\bcrypt.dll
0x00007ff980d20000 - 0x00007ff980d8b000 	C:\Windows\System32\WS2_32.dll
0x00007ff97e9a0000 - 0x00007ff97e9eb000 	C:\Windows\SYSTEM32\POWRPROF.dll
0x00007ff96c060000 - 0x00007ff96c087000 	C:\Windows\SYSTEM32\WINMM.dll
0x00007ff97aa60000 - 0x00007ff97aa6a000 	C:\Windows\SYSTEM32\VERSION.dll
0x00007ff97e980000 - 0x00007ff97e992000 	C:\Windows\SYSTEM32\UMPDC.dll
0x00007ff97c7b0000 - 0x00007ff97c7c2000 	C:\Windows\SYSTEM32\kernel.appcore.dll
0x00007ff975200000 - 0x00007ff97520a000 	c:\Users\marcosjesus.suarez\.antigravity\extensions\redhat.java-1.54.0-win32-x64\jre\21.0.10-win32-x86_64\bin\jimage.dll
0x00007ff96ca70000 - 0x00007ff96cc71000 	C:\Windows\SYSTEM32\DBGHELP.DLL
0x00007ff9694c0000 - 0x00007ff9694f4000 	C:\Windows\SYSTEM32\dbgcore.DLL
0x00007ff97f040000 - 0x00007ff97f0c2000 	C:\Windows\System32\bcryptPrimitives.dll
0x00007ff96c0d0000 - 0x00007ff96c0df000 	c:\Users\marcosjesus.suarez\.antigravity\extensions\redhat.java-1.54.0-win32-x64\jre\21.0.10-win32-x86_64\bin\instrument.dll
0x00007ff969520000 - 0x00007ff969540000 	c:\Users\marcosjesus.suarez\.antigravity\extensions\redhat.java-1.54.0-win32-x64\jre\21.0.10-win32-x86_64\bin\java.dll
0x00007ff97f5b0000 - 0x00007ff97fd20000 	C:\Windows\System32\SHELL32.dll
0x00007ff97c9b0000 - 0x00007ff97d155000 	C:\Windows\SYSTEM32\windows.storage.dll
0x00007ff980f50000 - 0x00007ff9812a4000 	C:\Windows\System32\combase.dll
0x00007ff97e3b0000 - 0x00007ff97e3db000 	C:\Windows\SYSTEM32\Wldp.dll
0x00007ff97fea0000 - 0x00007ff97ff6d000 	C:\Windows\System32\OLEAUT32.dll
0x00007ff97fff0000 - 0x00007ff98009d000 	C:\Windows\System32\SHCORE.dll
0x00007ff9807f0000 - 0x00007ff98084b000 	C:\Windows\System32\shlwapi.dll
0x00007ff97ea70000 - 0x00007ff97ea94000 	C:\Windows\SYSTEM32\profapi.dll
0x00007ff95a3d0000 - 0x00007ff95a3e8000 	c:\Users\marcosjesus.suarez\.antigravity\extensions\redhat.java-1.54.0-win32-x64\jre\21.0.10-win32-x86_64\bin\zip.dll
0x00007ff967ab0000 - 0x00007ff967ac0000 	C:\Users\marcosjesus.suarez\.antigravity\extensions\redhat.java-1.54.0-win32-x64\jre\21.0.10-win32-x86_64\bin\net.dll
0x00007ff97ac40000 - 0x00007ff97ad4a000 	C:\Windows\SYSTEM32\WINHTTP.dll
0x00007ff97e190000 - 0x00007ff97e1fa000 	C:\Windows\system32\mswsock.dll
0x00007ff959350000 - 0x00007ff959366000 	C:\Users\marcosjesus.suarez\.antigravity\extensions\redhat.java-1.54.0-win32-x64\jre\21.0.10-win32-x86_64\bin\nio.dll
0x00007ff967420000 - 0x00007ff967430000 	c:\Users\marcosjesus.suarez\.antigravity\extensions\redhat.java-1.54.0-win32-x64\jre\21.0.10-win32-x86_64\bin\verify.dll
0x00007ff946c00000 - 0x00007ff946c45000 	C:\Users\marcosjesus.suarez\AppData\Roaming\Antigravity\User\globalStorage\redhat.java\1.54.0\config_win\org.eclipse.equinox.launcher\org.eclipse.equinox.launcher.win32.win32.x86_64_1.3.0.v20260203-2149\eclipse_11919.dll
0x00007ff9808f0000 - 0x00007ff980a1b000 	C:\Windows\System32\ole32.dll
0x00007ff97e3f0000 - 0x00007ff97e408000 	C:\Windows\SYSTEM32\CRYPTSP.dll
0x00007ff97dad0000 - 0x00007ff97db08000 	C:\Windows\system32\rsaenh.dll
0x00007ff97ea30000 - 0x00007ff97ea5e000 	C:\Windows\SYSTEM32\USERENV.dll
0x00007ff97e320000 - 0x00007ff97e32c000 	C:\Windows\SYSTEM32\CRYPTBASE.dll
0x00007ff97de90000 - 0x00007ff97decb000 	C:\Windows\SYSTEM32\IPHLPAPI.DLL
0x00007ff97f5a0000 - 0x00007ff97f5a8000 	C:\Windows\System32\NSI.dll
0x00007ff946860000 - 0x00007ff9468a9000 	C:\Users\marcosjesus.suarez\AppData\Local\Temp\jna--306259543\jna1254368534315233316.dll
0x00007ff980540000 - 0x00007ff980548000 	C:\Windows\System32\PSAPI.DLL
0x00007ff97bb00000 - 0x00007ff97bb17000 	C:\Windows\SYSTEM32\dhcpcsvc6.DLL
0x00007ff97bae0000 - 0x00007ff97bafd000 	C:\Windows\SYSTEM32\dhcpcsvc.DLL
0x00007ff97bbf0000 - 0x00007ff97bbf9000 	C:\Users\marcosjesus.suarez\.antigravity\extensions\redhat.java-1.54.0-win32-x64\jre\21.0.10-win32-x86_64\bin\extnet.dll

JVMTI agents:
c:\Users\marcosjesus.suarez\.antigravity\extensions\redhat.java-1.54.0-win32-x64\lombok\lombok-1.18.39-4050.jar path:c:\Users\marcosjesus.suarez\.antigravity\extensions\redhat.java-1.54.0-win32-x64\jre\21.0.10-win32-x86_64\bin\instrument.dll, loaded, initialized, instrumentlib options:none

dbghelp: loaded successfully - version: 4.0.5 - missing functions: none
symbol engine: initialized successfully - sym options: 0x614 - pdb path: .;c:\Users\marcosjesus.suarez\.antigravity\extensions\redhat.java-1.54.0-win32-x64\jre\21.0.10-win32-x86_64\bin;C:\Windows\SYSTEM32;C:\Windows\WinSxS\amd64_microsoft.windows.common-controls_6595b64144ccf1df_6.0.19041.6456_none_60b8a6cb71f64256;c:\Users\marcosjesus.suarez\.antigravity\extensions\redhat.java-1.54.0-win32-x64\jre\21.0.10-win32-x86_64\bin\server;C:\Users\marcosjesus.suarez\AppData\Roaming\Antigravity\User\globalStorage\redhat.java\1.54.0\config_win\org.eclipse.equinox.launcher\org.eclipse.equinox.launcher.win32.win32.x86_64_1.3.0.v20260203-2149;C:\Users\marcosjesus.suarez\AppData\Local\Temp\jna--306259543

VM Arguments:
jvm_args: --add-modules=ALL-SYSTEM --add-opens=java.base/java.util=ALL-UNNAMED --add-opens=java.base/java.lang=ALL-UNNAMED --add-opens=java.base/sun.nio.fs=ALL-UNNAMED -Declipse.application=org.eclipse.jdt.ls.core.id1 -Dosgi.bundles.defaultStartLevel=4 -Declipse.product=org.eclipse.jdt.ls.core.product -Djava.import.generatesMetadataFilesAtProjectRoot=false -DDetectVMInstallationsJob.disabled=true -Dfile.encoding=utf8 -XX:+UseParallelGC -XX:GCTimeRatio=4 -XX:AdaptiveSizePolicyWeight=90 -Dsun.zip.disableMemoryMapping=true -Xmx2G -Xms100m -Xlog:disable -javaagent:c:\Users\marcosjesus.suarez\.antigravity\extensions\redhat.java-1.54.0-win32-x64\lombok\lombok-1.18.39-4050.jar -XX:+HeapDumpOnOutOfMemoryError -XX:HeapDumpPath=c:\Users\marcosjesus.suarez\AppData\Roaming\Antigravity\User\workspaceStorage\b25569217978af443ed044dad1cca286\redhat.java -Daether.dependencyCollector.impl=bf 
java_command: c:\Users\marcosjesus.suarez\.antigravity\extensions\redhat.java-1.54.0-win32-x64\server\plugins\org.eclipse.equinox.launcher_1.7.100.v20251111-0406.jar -configuration c:\Users\marcosjesus.suarez\AppData\Roaming\Antigravity\User\globalStorage\redhat.java\1.54.0\config_win -data c:\Users\marcosjesus.suarez\AppData\Roaming\Antigravity\User\workspaceStorage\b25569217978af443ed044dad1cca286\redhat.java\jdt_ws --pipe=\\.\pipe\lsp-b75d038675db355dbaf5a9ee3ca7de74-sock
java_class_path (initial): c:\Users\marcosjesus.suarez\.antigravity\extensions\redhat.java-1.54.0-win32-x64\server\plugins\org.eclipse.equinox.launcher_1.7.100.v20251111-0406.jar
Launcher Type: SUN_STANDARD

[Global flags]
    uintx AdaptiveSizePolicyWeight                 = 90                                        {product} {command line}
     intx CICompilerCount                          = 4                                         {product} {ergonomic}
    uintx GCTimeRatio                              = 4                                         {product} {command line}
     bool HeapDumpOnOutOfMemoryError               = true                                   {manageable} {command line}
    ccstr HeapDumpPath                             = c:\Users\marcosjesus.suarez\AppData\Roaming\Antigravity\User\workspaceStorage\b25569217978af443ed044dad1cca286\redhat.java         {manageable} {command line}
   size_t InitialHeapSize                          = 104857600                                 {product} {command line}
   size_t MaxHeapSize                              = 2147483648                                {product} {command line}
   size_t MaxNewSize                               = 715653120                                 {product} {ergonomic}
   size_t MinHeapDeltaBytes                        = 524288                                    {product} {ergonomic}
   size_t MinHeapSize                              = 104857600                                 {product} {command line}
   size_t NewSize                                  = 34603008                                  {product} {ergonomic}
    uintx NonNMethodCodeHeapSize                   = 5839372                                {pd product} {ergonomic}
    uintx NonProfiledCodeHeapSize                  = 122909434                              {pd product} {ergonomic}
   size_t OldSize                                  = 70254592                                  {product} {ergonomic}
    uintx ProfiledCodeHeapSize                     = 122909434                              {pd product} {ergonomic}
    uintx ReservedCodeCacheSize                    = 251658240                              {pd product} {ergonomic}
     bool SegmentedCodeCache                       = true                                      {product} {ergonomic}
   size_t SoftMaxHeapSize                          = 2147483648                             {manageable} {ergonomic}
     bool UseCompressedOops                        = true                           {product lp64_product} {ergonomic}
     bool UseLargePagesIndividualAllocation        = false                                  {pd product} {ergonomic}
     bool UseParallelGC                            = true                                      {product} {command line}

Logging:
Log output configuration:
 #0: stdout all=off uptime,level,tags foldmultilines=false
 #1: stderr all=off uptime,level,tags foldmultilines=false

Release file:
JAVA_VERSION="21.0.10" 
MODULES="java.base java.compiler java.datatransfer java.xml java.prefs java.desktop java.instrument java.logging java.management java.security.sasl java.naming java.rmi java.management.rmi java.net.http java.scripting java.security.jgss java.transaction.xa java.sql java.sql.rowset java.xml.crypto java.se java.smartcardio jdk.accessibility jdk.internal.jvmstat jdk.attach jdk.charsets jdk.internal.opt jdk.zipfs jdk.compiler jdk.crypto.ec jdk.crypto.cryptoki jdk.crypto.mscapi jdk.dynalink jdk.internal.ed jdk.editpad jdk.hotspot.agent jdk.httpserver jdk.internal.le jdk.internal.vm.ci jdk.internal.vm.compiler jdk.internal.vm.compiler.management jdk.jartool jdk.javadoc jdk.jcmd jdk.management jdk.management.agent jdk.jconsole jdk.jdeps jdk.jdwp.agent jdk.jdi jdk.jfr jdk.jshell jdk.jsobject jdk.jstatd jdk.localedata jdk.management.jfr jdk.naming.dns jdk.naming.rmi jdk.net jdk.nio.mapmode jdk.random jdk.sctp jdk.security.auth jdk.security.jgss jdk.unsupported jdk.unsupported.desktop jdk.xml.dom" 

Environment Variables:
PATH=C:\Program Files\Common Files\Oracle\Java\javapath;C:\Program Files (x86)\VMware\VMware Workstation\bin\;C:\Windows\system32;C:\Windows;C:\Windows\System32\Wbem;C:\Windows\System32\WindowsPowerShell\v1.0\;C:\Windows\System32\OpenSSH\;C:\Program Files\PuTTY\;C:\Program Files\nodejs\;C:\Program Files\Microsoft VS Code\bin;C:\Program Files\Microsoft SQL Server\150\Tools\Binn\;C:\Program Files\Microsoft SQL Server\Client SDK\ODBC\170\Tools\Binn\;C:\Program Files\dotnet\;C:\Users\jorge.mendez\AppData\Roaming\npm;C:\xampp\mysql\bin;C:\Users\marcosjesus.suarez\AppData\Local\Microsoft\WindowsApps;C:\Users\marcosjesus.suarez\AppData\Local\GitHubDesktop\bin;C:\Users\marcosjesus.suarez\AppData\Local\Programs\Antigravity\bin;C:\Users\marcosjesus.suarez\AppData\Local\Programs\Git\cmd
USERNAME=marcosjesus.suarez
OS=Windows_NT
PROCESSOR_IDENTIFIER=Intel64 Family 6 Model 165 Stepping 3, GenuineIntel
TMP=C:\Users\MARCOS~1.SUA\AppData\Local\Temp
TEMP=C:\Users\MARCOS~1.SUA\AppData\Local\Temp




Periodic native trim disabled

---------------  S Y S T E M  ---------------

OS:
 Windows 10 , 64 bit Build 19041 (10.0.19041.5915)
OS uptime: 3 days 23:34 hours
Hyper-V role detected

CPU: total 8 (initial active 8) (4 cores per cpu, 2 threads per core) family 6 model 165 stepping 3 microcode 0xea, cx8, cmov, fxsr, ht, mmx, 3dnowpref, sse, sse2, sse3, ssse3, sse4.1, sse4.2, popcnt, lzcnt, tsc, tscinvbit, avx, avx2, aes, erms, clmul, bmi1, bmi2, adx, fma, vzeroupper, clflush, clflushopt, hv, rdtscp, f16c
Processor Information for the first 8 processors :
  Max Mhz: 3792, Current Mhz: 3792, Mhz Limit: 3792

Memory: 4k page, system-wide physical 8021M (696M free)
TotalPageFile size 10069M (AvailPageFile size 62M)
current process WorkingSet (physical memory assigned to process): 831M, peak: 921M
current process commit charge ("private bytes"): 943M, peak: 982M

vm_info: OpenJDK 64-Bit Server VM (21.0.10+7-LTS) for windows-amd64 JRE (21.0.10+7-LTS), built on 2026-01-20T00:00:00Z by "admin" with MS VC++ 17.12 (VS2022)

END.
