#
# There is insufficient memory for the Java Runtime Environment to continue.
# Native memory allocation (mmap) failed to map 19922944 bytes for G1 virtual space
# Possible reasons:
#   The system is out of physical RAM or swap space
#   The process is running with CompressedOops enabled, and the Java Heap may be blocking the growth of the native heap
# Possible solutions:
#   Reduce memory load on the system
#   Increase physical memory or swap space
#   Check if swap backing store is full
#   Decrease Java heap size (-Xmx/-Xms)
#   Decrease number of Java threads
#   Decrease Java thread stack sizes (-Xss)
#   Set larger code cache with -XX:ReservedCodeCacheSize=
#   JVM is running with Unscaled Compressed Oops mode in which the Java heap is
#     placed in the first 4GB address space. The Java Heap base address is the
#     maximum limit for the native heap growth. Please use -XX:HeapBaseMinAddress
#     to set the Java Heap base and to place the Java Heap above 4GB virtual address.
# This output file may be truncated or incomplete.
#
#  Out of Memory Error (os_windows.cpp:3603), pid=1600, tid=7956
#
# JRE version: Java(TM) SE Runtime Environment (21.0.9+7) (build 21.0.9+7-LTS-338)
# Java VM: Java HotSpot(TM) 64-Bit Server VM (21.0.9+7-LTS-338, mixed mode, sharing, tiered, compressed oops, compressed class ptrs, g1 gc, windows-amd64)
# No core dump will be written. Minidumps are not enabled by default on client versions of Windows
#

---------------  S U M M A R Y ------------

Command Line: --enable-native-access=ALL-UNNAMED -Dclassworlds.conf=C:\Users\marcosjesus.suarez\.m2\wrapper\dists\apache-maven-3.9.14\ed7edd442f634ac1c1ef5ba2b61b6d690b5221091f1a8e1123f5fadcc967520d\bin\m2.conf -Dmaven.home=C:\Users\marcosjesus.suarez\.m2\wrapper\dists\apache-maven-3.9.14\ed7edd442f634ac1c1ef5ba2b61b6d690b5221091f1a8e1123f5fadcc967520d -Dlibrary.jansi.path=C:\Users\marcosjesus.suarez\.m2\wrapper\dists\apache-maven-3.9.14\ed7edd442f634ac1c1ef5ba2b61b6d690b5221091f1a8e1123f5fadcc967520d\lib\jansi-native -Dmaven.multiModuleProjectDirectory=C:\Users\marcosjesus.suarez\Desktop\Practica final\Proyecto-Intermodular-Unido-main\Proyecto-Final-Multiplataforma-BackApi-master org.codehaus.plexus.classworlds.launcher.Launcher clean compile

Host: Intel(R) Core(TM) i3-10320 CPU @ 3.80GHz, 8 cores, 7G,  Windows 10 , 64 bit Build 19041 (10.0.19041.5915)
Time: Thu Apr 23 17:05:35 2026 Hora de ver. Europa Occidental elapsed time: 4.001582 seconds (0d 0h 0m 4s)

---------------  T H R E A D  ---------------

Current thread (0x000001988f8df7f0):  VMThread "VM Thread"          [id=7956, stack(0x0000000a69900000,0x0000000a69a00000) (1024K)]

Stack: [0x0000000a69900000,0x0000000a69a00000]
Native frames: (J=compiled Java code, j=interpreted, Vv=VM code, C=native code)
V  [jvm.dll+0x6cbf89]
V  [jvm.dll+0x858421]
V  [jvm.dll+0x85a94e]
V  [jvm.dll+0x85b023]
V  [jvm.dll+0x27ebc6]
V  [jvm.dll+0x6c8705]
V  [jvm.dll+0x6bd26a]
V  [jvm.dll+0x354a0a]
V  [jvm.dll+0x35c686]
V  [jvm.dll+0x3af79e]
V  [jvm.dll+0x3afa48]
V  [jvm.dll+0x328d1c]
V  [jvm.dll+0x328da7]
V  [jvm.dll+0x36d6cc]
V  [jvm.dll+0x36bf1e]
V  [jvm.dll+0x3284e1]
V  [jvm.dll+0x36b63a]
V  [jvm.dll+0x860df0]
V  [jvm.dll+0x862174]
V  [jvm.dll+0x8626b0]
V  [jvm.dll+0x862953]
V  [jvm.dll+0x80265b]
V  [jvm.dll+0x6ca66d]
C  [ucrtbase.dll+0x21bb2]
C  [KERNEL32.DLL+0x17374]
C  [ntdll.dll+0x4cc91]

VM_Operation (0x0000000a692fc900): G1CollectForAllocation, mode: safepoint, requested by thread 0x00000198f0d126e0


---------------  P R O C E S S  ---------------

Threads class SMR info:
_java_thread_list=0x00000198d6198770, length=14, elements={
0x00000198f0d126e0, 0x000001988f9005f0, 0x000001988f901510, 0x000001988f905fd0,
0x000001988f906a30, 0x000001988f9077f0, 0x000001988f9089f0, 0x000001988f90b790,
0x000001988f90e240, 0x000001988fba1880, 0x000001988fbadd30, 0x00000198d5098050,
0x00000198d521abf0, 0x00000198d6193110
}

Java Threads: ( => current thread )
  0x00000198f0d126e0 JavaThread "main"                              [_thread_blocked, id=2748, stack(0x0000000a69200000,0x0000000a69300000) (1024K)]
  0x000001988f9005f0 JavaThread "Reference Handler"          daemon [_thread_blocked, id=11208, stack(0x0000000a69a00000,0x0000000a69b00000) (1024K)]
  0x000001988f901510 JavaThread "Finalizer"                  daemon [_thread_blocked, id=6892, stack(0x0000000a69b00000,0x0000000a69c00000) (1024K)]
  0x000001988f905fd0 JavaThread "Signal Dispatcher"          daemon [_thread_blocked, id=7748, stack(0x0000000a69c00000,0x0000000a69d00000) (1024K)]
  0x000001988f906a30 JavaThread "Attach Listener"            daemon [_thread_blocked, id=9060, stack(0x0000000a69d00000,0x0000000a69e00000) (1024K)]
  0x000001988f9077f0 JavaThread "Service Thread"             daemon [_thread_blocked, id=4592, stack(0x0000000a69e00000,0x0000000a69f00000) (1024K)]
  0x000001988f9089f0 JavaThread "Monitor Deflation Thread"   daemon [_thread_blocked, id=5900, stack(0x0000000a69f00000,0x0000000a6a000000) (1024K)]
  0x000001988f90b790 JavaThread "C2 CompilerThread0"         daemon [_thread_blocked, id=8468, stack(0x0000000a6a000000,0x0000000a6a100000) (1024K)]
  0x000001988f90e240 JavaThread "C1 CompilerThread0"         daemon [_thread_blocked, id=4776, stack(0x0000000a6a100000,0x0000000a6a200000) (1024K)]
  0x000001988fba1880 JavaThread "Notification Thread"        daemon [_thread_blocked, id=7568, stack(0x0000000a6a200000,0x0000000a6a300000) (1024K)]
  0x000001988fbadd30 JavaThread "Common-Cleaner"             daemon [_thread_blocked, id=7380, stack(0x0000000a6a300000,0x0000000a6a400000) (1024K)]
  0x00000198d5098050 JavaThread "C2 CompilerThread1"         daemon [_thread_blocked, id=9376, stack(0x0000000a6a400000,0x0000000a6a500000) (1024K)]
  0x00000198d521abf0 JavaThread "C2 CompilerThread2"         daemon [_thread_blocked, id=10016, stack(0x0000000a6a500000,0x0000000a6a600000) (1024K)]
  0x00000198d6193110 JavaThread "Thread-1"                   daemon [_thread_blocked, id=10372, stack(0x0000000a6ad00000,0x0000000a6ae00000) (1024K)]
Total: 14

Other Threads:
=>0x000001988f8df7f0 VMThread "VM Thread"                           [id=7956, stack(0x0000000a69900000,0x0000000a69a00000) (1024K)]
  0x000001988f8d0b90 WatcherThread "VM Periodic Task Thread"        [id=13400, stack(0x0000000a69800000,0x0000000a69900000) (1024K)]
  0x00000198f2f738e0 WorkerThread "GC Thread#0"                     [id=12392, stack(0x0000000a69300000,0x0000000a69400000) (1024K)]
  0x00000198d5c7b340 WorkerThread "GC Thread#1"                     [id=9944, stack(0x0000000a6a600000,0x0000000a6a700000) (1024K)]
  0x00000198d59917e0 WorkerThread "GC Thread#2"                     [id=11216, stack(0x0000000a6a700000,0x0000000a6a800000) (1024K)]
  0x00000198d523b6e0 WorkerThread "GC Thread#3"                     [id=14004, stack(0x0000000a6a800000,0x0000000a6a900000) (1024K)]
  0x00000198d5394a50 WorkerThread "GC Thread#4"                     [id=10700, stack(0x0000000a6a900000,0x0000000a6aa00000) (1024K)]
  0x00000198d5395610 WorkerThread "GC Thread#5"                     [id=5656, stack(0x0000000a6aa00000,0x0000000a6ab00000) (1024K)]
  0x00000198d5cf2460 WorkerThread "GC Thread#6"                     [id=6872, stack(0x0000000a6ab00000,0x0000000a6ac00000) (1024K)]
  0x00000198d5cf2c20 WorkerThread "GC Thread#7"                     [id=8028, stack(0x0000000a6ac00000,0x0000000a6ad00000) (1024K)]
  0x00000198f2f84ba0 ConcurrentGCThread "G1 Main Marker"            [id=7008, stack(0x0000000a69400000,0x0000000a69500000) (1024K)]
  0x00000198f2f85860 WorkerThread "G1 Conc#0"                       [id=14140, stack(0x0000000a69500000,0x0000000a69600000) (1024K)]
  0x00000198d78b7390 WorkerThread "G1 Conc#1"                       [id=3100, stack(0x0000000a6ae00000,0x0000000a6af00000) (1024K)]
  0x00000198f2fee7f0 ConcurrentGCThread "G1 Refine#0"               [id=14664, stack(0x0000000a69600000,0x0000000a69700000) (1024K)]
  0x000001988f7a34d0 ConcurrentGCThread "G1 Service"                [id=15032, stack(0x0000000a69700000,0x0000000a69800000) (1024K)]
Total: 15

Threads with active compile tasks:
C2 CompilerThread0     4021 6345       4       jdk.internal.jrtfs.JrtPath::getFileName (5 bytes)
C2 CompilerThread1     4021 6344       4       java.util.regex.Pattern::sequence (647 bytes)
C2 CompilerThread2     4021 6312       4       jdk.internal.jimage.ImageLocation::getFullName (109 bytes)
Total: 3

VM state: at safepoint (normal execution)

VM Mutex/Monitor currently owned by a thread:  ([mutex/lock_event])
[0x00007fff550e0df0] Threads_lock - owner thread: 0x000001988f8df7f0
[0x00007fff550e0ef0] Heap_lock - owner thread: 0x00000198f0d126e0

Heap address: 0x0000000082a00000, size: 2006 MB, Compressed Oops mode: 32-bit

CDS archive(s) mapped at: [0x0000019890000000-0x0000019890c90000-0x0000019890c90000), size 13172736, SharedBaseAddress: 0x0000019890000000, ArchiveRelocationMode: 1.
Compressed class space mapped at: 0x0000019891000000-0x00000198d1000000, reserved size: 1073741824
Narrow klass base: 0x0000019890000000, Narrow klass shift: 0, Narrow klass range: 0x100000000

GC Precious Log:
 CardTable entry size: 512
 Card Set container configuration: InlinePtr #cards 5 size 8 Array Of Cards #cards 12 size 40 Howl #buckets 4 coarsen threshold 1843 Howl Bitmap #cards 512 size 80 coarsen threshold 460 Card regions per heap region 1 cards per card region 2048
 CPUs: 8 total, 8 available
 Memory: 8021M
 Large Page Support: Disabled
 NUMA Support: Disabled
 Compressed Oops: Enabled (32-bit)
 Heap Region Size: 1M
 Heap Min Capacity: 8M
 Heap Initial Capacity: 126M
 Heap Max Capacity: 2006M
 Pre-touch: Disabled
 Parallel Workers: 8
 Concurrent Workers: 2
 Concurrent Refinement Workers: 8
 Periodic GC: Disabled

Heap:
 garbage-first heap   total 126976K, used 45815K [0x0000000082a00000, 0x0000000100000000)
  region size 1024K, 10 young (10240K), 10 survivors (10240K)
 Metaspace       used 26962K, committed 27328K, reserved 1114112K
  class space    used 3021K, committed 3200K, reserved 1048576K

Heap Regions: E=young(eden), S=young(survivor), O=old, HS=humongous(starts), HC=humongous(continues), CS=collection set, F=free, TAMS=top-at-mark-start, PB=parsable bottom
|   0|0x0000000082a00000, 0x0000000082b00000, 0x0000000082b00000|100%| O|  |TAMS 0x0000000082a00000| PB 0x0000000082a00000| Untracked 
|   1|0x0000000082b00000, 0x0000000082c00000, 0x0000000082c00000|100%| O|  |TAMS 0x0000000082b00000| PB 0x0000000082b00000| Untracked 
|   2|0x0000000082c00000, 0x0000000082d00000, 0x0000000082d00000|100%| O|  |TAMS 0x0000000082c00000| PB 0x0000000082c00000| Untracked 
|   3|0x0000000082d00000, 0x0000000082e00000, 0x0000000082e00000|100%| O|  |TAMS 0x0000000082d00000| PB 0x0000000082d00000| Untracked 
|   4|0x0000000082e00000, 0x0000000082f00000, 0x0000000082f00000|100%| O|  |TAMS 0x0000000082e00000| PB 0x0000000082e00000| Untracked 
|   5|0x0000000082f00000, 0x0000000083000000, 0x0000000083000000|100%| O|  |TAMS 0x0000000082f00000| PB 0x0000000082f00000| Untracked 
|   6|0x0000000083000000, 0x0000000083100000, 0x0000000083100000|100%| O|  |TAMS 0x0000000083000000| PB 0x0000000083000000| Untracked 
|   7|0x0000000083100000, 0x0000000083200000, 0x0000000083200000|100%| O|  |TAMS 0x0000000083100000| PB 0x0000000083100000| Untracked 
|   8|0x0000000083200000, 0x0000000083300000, 0x0000000083300000|100%| O|  |TAMS 0x0000000083200000| PB 0x0000000083200000| Untracked 
|   9|0x0000000083300000, 0x0000000083400000, 0x0000000083400000|100%| O|  |TAMS 0x0000000083300000| PB 0x0000000083300000| Untracked 
|  10|0x0000000083400000, 0x0000000083500000, 0x0000000083500000|100%| O|  |TAMS 0x0000000083400000| PB 0x0000000083400000| Untracked 
|  11|0x0000000083500000, 0x0000000083600000, 0x0000000083600000|100%| O|  |TAMS 0x0000000083500000| PB 0x0000000083500000| Untracked 
|  12|0x0000000083600000, 0x0000000083700000, 0x0000000083700000|100%| O|  |TAMS 0x0000000083600000| PB 0x0000000083600000| Untracked 
|  13|0x0000000083700000, 0x000000008373ddc0, 0x0000000083800000| 24%| O|Cm|TAMS 0x0000000083700000| PB 0x0000000083700000| Complete 
|  14|0x0000000083800000, 0x0000000083900000, 0x0000000083900000|100%|HS|  |TAMS 0x0000000083800000| PB 0x0000000083800000| Complete 
|  15|0x0000000083900000, 0x0000000083900000, 0x0000000083a00000|  0%| F|  |TAMS 0x0000000083900000| PB 0x0000000083900000| Untracked 
|  16|0x0000000083a00000, 0x0000000083a00000, 0x0000000083b00000|  0%| F|  |TAMS 0x0000000083a00000| PB 0x0000000083a00000| Untracked 
|  17|0x0000000083b00000, 0x0000000083b00000, 0x0000000083c00000|  0%| F|  |TAMS 0x0000000083b00000| PB 0x0000000083b00000| Untracked 
|  18|0x0000000083c00000, 0x0000000083d00000, 0x0000000083d00000|100%|HS|  |TAMS 0x0000000083c00000| PB 0x0000000083c00000| Complete 
|  19|0x0000000083d00000, 0x0000000083e00000, 0x0000000083e00000|100%|HC|  |TAMS 0x0000000083d00000| PB 0x0000000083d00000| Complete 
|  20|0x0000000083e00000, 0x0000000083f00000, 0x0000000083f00000|100%|HC|  |TAMS 0x0000000083e00000| PB 0x0000000083e00000| Complete 
|  21|0x0000000083f00000, 0x0000000084000000, 0x0000000084000000|100%|HS|  |TAMS 0x0000000083f00000| PB 0x0000000083f00000| Complete 
|  22|0x0000000084000000, 0x0000000084000000, 0x0000000084100000|  0%| F|  |TAMS 0x0000000084000000| PB 0x0000000084000000| Untracked 
|  23|0x0000000084100000, 0x0000000084100000, 0x0000000084200000|  0%| F|  |TAMS 0x0000000084100000| PB 0x0000000084100000| Untracked 
|  24|0x0000000084200000, 0x0000000084200000, 0x0000000084300000|  0%| F|  |TAMS 0x0000000084200000| PB 0x0000000084200000| Untracked 
|  25|0x0000000084300000, 0x0000000084300000, 0x0000000084400000|  0%| F|  |TAMS 0x0000000084300000| PB 0x0000000084300000| Untracked 
|  26|0x0000000084400000, 0x0000000084400000, 0x0000000084500000|  0%| F|  |TAMS 0x0000000084400000| PB 0x0000000084400000| Untracked 
|  27|0x0000000084500000, 0x0000000084500000, 0x0000000084600000|  0%| F|  |TAMS 0x0000000084500000| PB 0x0000000084500000| Untracked 
|  28|0x0000000084600000, 0x0000000084600000, 0x0000000084700000|  0%| F|  |TAMS 0x0000000084600000| PB 0x0000000084600000| Untracked 
|  29|0x0000000084700000, 0x0000000084700000, 0x0000000084800000|  0%| F|  |TAMS 0x0000000084700000| PB 0x0000000084700000| Untracked 
|  30|0x0000000084800000, 0x0000000084800000, 0x0000000084900000|  0%| F|  |TAMS 0x0000000084800000| PB 0x0000000084800000| Untracked 
|  31|0x0000000084900000, 0x0000000084900000, 0x0000000084a00000|  0%| F|  |TAMS 0x0000000084900000| PB 0x0000000084900000| Untracked 
|  32|0x0000000084a00000, 0x0000000084a00000, 0x0000000084b00000|  0%| F|  |TAMS 0x0000000084a00000| PB 0x0000000084a00000| Untracked 
|  33|0x0000000084b00000, 0x0000000084b00000, 0x0000000084c00000|  0%| F|  |TAMS 0x0000000084b00000| PB 0x0000000084b00000| Untracked 
|  34|0x0000000084c00000, 0x0000000084c00000, 0x0000000084d00000|  0%| F|  |TAMS 0x0000000084c00000| PB 0x0000000084c00000| Untracked 
|  35|0x0000000084d00000, 0x0000000084d00000, 0x0000000084e00000|  0%| F|  |TAMS 0x0000000084d00000| PB 0x0000000084d00000| Untracked 
|  36|0x0000000084e00000, 0x0000000084e00000, 0x0000000084f00000|  0%| F|  |TAMS 0x0000000084e00000| PB 0x0000000084e00000| Untracked 
|  37|0x0000000084f00000, 0x0000000084f00000, 0x0000000085000000|  0%| F|  |TAMS 0x0000000084f00000| PB 0x0000000084f00000| Untracked 
|  38|0x0000000085000000, 0x0000000085000000, 0x0000000085100000|  0%| F|  |TAMS 0x0000000085000000| PB 0x0000000085000000| Untracked 
|  39|0x0000000085100000, 0x0000000085100000, 0x0000000085200000|  0%| F|  |TAMS 0x0000000085100000| PB 0x0000000085100000| Untracked 
|  40|0x0000000085200000, 0x0000000085200000, 0x0000000085300000|  0%| F|  |TAMS 0x0000000085200000| PB 0x0000000085200000| Untracked 
|  41|0x0000000085300000, 0x0000000085300000, 0x0000000085400000|  0%| F|  |TAMS 0x0000000085300000| PB 0x0000000085300000| Untracked 
|  42|0x0000000085400000, 0x0000000085400000, 0x0000000085500000|  0%| F|  |TAMS 0x0000000085400000| PB 0x0000000085400000| Untracked 
|  43|0x0000000085500000, 0x0000000085500000, 0x0000000085600000|  0%| F|  |TAMS 0x0000000085500000| PB 0x0000000085500000| Untracked 
|  44|0x0000000085600000, 0x0000000085600000, 0x0000000085700000|  0%| F|  |TAMS 0x0000000085600000| PB 0x0000000085600000| Untracked 
|  45|0x0000000085700000, 0x0000000085700000, 0x0000000085800000|  0%| F|  |TAMS 0x0000000085700000| PB 0x0000000085700000| Untracked 
|  46|0x0000000085800000, 0x0000000085800000, 0x0000000085900000|  0%| F|  |TAMS 0x0000000085800000| PB 0x0000000085800000| Untracked 
|  47|0x0000000085900000, 0x0000000085900000, 0x0000000085a00000|  0%| F|  |TAMS 0x0000000085900000| PB 0x0000000085900000| Untracked 
|  48|0x0000000085a00000, 0x0000000085a00000, 0x0000000085b00000|  0%| F|  |TAMS 0x0000000085a00000| PB 0x0000000085a00000| Untracked 
|  49|0x0000000085b00000, 0x0000000085b00000, 0x0000000085c00000|  0%| F|  |TAMS 0x0000000085b00000| PB 0x0000000085b00000| Untracked 
|  50|0x0000000085c00000, 0x0000000085c00000, 0x0000000085d00000|  0%| F|  |TAMS 0x0000000085c00000| PB 0x0000000085c00000| Untracked 
|  51|0x0000000085d00000, 0x0000000085d00000, 0x0000000085e00000|  0%| F|  |TAMS 0x0000000085d00000| PB 0x0000000085d00000| Untracked 
|  52|0x0000000085e00000, 0x0000000085e00000, 0x0000000085f00000|  0%| F|  |TAMS 0x0000000085e00000| PB 0x0000000085e00000| Untracked 
|  53|0x0000000085f00000, 0x0000000085f00000, 0x0000000086000000|  0%| F|  |TAMS 0x0000000085f00000| PB 0x0000000085f00000| Untracked 
|  54|0x0000000086000000, 0x0000000086000000, 0x0000000086100000|  0%| F|  |TAMS 0x0000000086000000| PB 0x0000000086000000| Untracked 
|  55|0x0000000086100000, 0x0000000086100000, 0x0000000086200000|  0%| F|  |TAMS 0x0000000086100000| PB 0x0000000086100000| Untracked 
|  56|0x0000000086200000, 0x0000000086200000, 0x0000000086300000|  0%| F|  |TAMS 0x0000000086200000| PB 0x0000000086200000| Untracked 
|  57|0x0000000086300000, 0x0000000086300000, 0x0000000086400000|  0%| F|  |TAMS 0x0000000086300000| PB 0x0000000086300000| Untracked 
|  58|0x0000000086400000, 0x0000000086400000, 0x0000000086500000|  0%| F|  |TAMS 0x0000000086400000| PB 0x0000000086400000| Untracked 
|  59|0x0000000086500000, 0x0000000086500000, 0x0000000086600000|  0%| F|  |TAMS 0x0000000086500000| PB 0x0000000086500000| Untracked 
|  60|0x0000000086600000, 0x0000000086600000, 0x0000000086700000|  0%| F|  |TAMS 0x0000000086600000| PB 0x0000000086600000| Untracked 
|  61|0x0000000086700000, 0x0000000086700000, 0x0000000086800000|  0%| F|  |TAMS 0x0000000086700000| PB 0x0000000086700000| Untracked 
|  62|0x0000000086800000, 0x0000000086800000, 0x0000000086900000|  0%| F|  |TAMS 0x0000000086800000| PB 0x0000000086800000| Untracked 
|  63|0x0000000086900000, 0x0000000086900000, 0x0000000086a00000|  0%| F|  |TAMS 0x0000000086900000| PB 0x0000000086900000| Untracked 
|  64|0x0000000086a00000, 0x0000000086a00000, 0x0000000086b00000|  0%| F|  |TAMS 0x0000000086a00000| PB 0x0000000086a00000| Untracked 
|  65|0x0000000086b00000, 0x0000000086b00000, 0x0000000086c00000|  0%| F|  |TAMS 0x0000000086b00000| PB 0x0000000086b00000| Untracked 
|  66|0x0000000086c00000, 0x0000000086c00000, 0x0000000086d00000|  0%| F|  |TAMS 0x0000000086c00000| PB 0x0000000086c00000| Untracked 
|  67|0x0000000086d00000, 0x0000000086d00000, 0x0000000086e00000|  0%| F|  |TAMS 0x0000000086d00000| PB 0x0000000086d00000| Untracked 
|  68|0x0000000086e00000, 0x0000000086e00000, 0x0000000086f00000|  0%| F|  |TAMS 0x0000000086e00000| PB 0x0000000086e00000| Untracked 
|  69|0x0000000086f00000, 0x0000000086f00000, 0x0000000087000000|  0%| F|  |TAMS 0x0000000086f00000| PB 0x0000000086f00000| Untracked 
|  70|0x0000000087000000, 0x0000000087000000, 0x0000000087100000|  0%| F|  |TAMS 0x0000000087000000| PB 0x0000000087000000| Untracked 
|  71|0x0000000087100000, 0x0000000087100000, 0x0000000087200000|  0%| F|  |TAMS 0x0000000087100000| PB 0x0000000087100000| Untracked 
|  72|0x0000000087200000, 0x0000000087200000, 0x0000000087300000|  0%| F|  |TAMS 0x0000000087200000| PB 0x0000000087200000| Untracked 
|  73|0x0000000087300000, 0x0000000087300000, 0x0000000087400000|  0%| F|  |TAMS 0x0000000087300000| PB 0x0000000087300000| Untracked 
|  74|0x0000000087400000, 0x0000000087400000, 0x0000000087500000|  0%| F|  |TAMS 0x0000000087400000| PB 0x0000000087400000| Untracked 
|  75|0x0000000087500000, 0x0000000087500000, 0x0000000087600000|  0%| F|  |TAMS 0x0000000087500000| PB 0x0000000087500000| Untracked 
|  76|0x0000000087600000, 0x0000000087600000, 0x0000000087700000|  0%| F|  |TAMS 0x0000000087600000| PB 0x0000000087600000| Untracked 
|  77|0x0000000087700000, 0x0000000087700000, 0x0000000087800000|  0%| F|  |TAMS 0x0000000087700000| PB 0x0000000087700000| Untracked 
|  78|0x0000000087800000, 0x0000000087800000, 0x0000000087900000|  0%| F|  |TAMS 0x0000000087800000| PB 0x0000000087800000| Untracked 
|  79|0x0000000087900000, 0x0000000087900000, 0x0000000087a00000|  0%| F|  |TAMS 0x0000000087900000| PB 0x0000000087900000| Untracked 
|  80|0x0000000087a00000, 0x0000000087a00000, 0x0000000087b00000|  0%| F|  |TAMS 0x0000000087a00000| PB 0x0000000087a00000| Untracked 
|  81|0x0000000087b00000, 0x0000000087b00000, 0x0000000087c00000|  0%| F|  |TAMS 0x0000000087b00000| PB 0x0000000087b00000| Untracked 
|  82|0x0000000087c00000, 0x0000000087c00000, 0x0000000087d00000|  0%| F|  |TAMS 0x0000000087c00000| PB 0x0000000087c00000| Untracked 
|  83|0x0000000087d00000, 0x0000000087d00000, 0x0000000087e00000|  0%| F|  |TAMS 0x0000000087d00000| PB 0x0000000087d00000| Untracked 
|  84|0x0000000087e00000, 0x0000000087e00000, 0x0000000087f00000|  0%| F|  |TAMS 0x0000000087e00000| PB 0x0000000087e00000| Untracked 
|  85|0x0000000087f00000, 0x0000000087f00000, 0x0000000088000000|  0%| F|  |TAMS 0x0000000087f00000| PB 0x0000000087f00000| Untracked 
|  86|0x0000000088000000, 0x0000000088000000, 0x0000000088100000|  0%| F|  |TAMS 0x0000000088000000| PB 0x0000000088000000| Untracked 
|  87|0x0000000088100000, 0x0000000088100000, 0x0000000088200000|  0%| F|  |TAMS 0x0000000088100000| PB 0x0000000088100000| Untracked 
|  88|0x0000000088200000, 0x0000000088200000, 0x0000000088300000|  0%| F|  |TAMS 0x0000000088200000| PB 0x0000000088200000| Untracked 
|  89|0x0000000088300000, 0x0000000088300000, 0x0000000088400000|  0%| F|  |TAMS 0x0000000088300000| PB 0x0000000088300000| Untracked 
|  90|0x0000000088400000, 0x0000000088400000, 0x0000000088500000|  0%| F|  |TAMS 0x0000000088400000| PB 0x0000000088400000| Untracked 
|  91|0x0000000088500000, 0x0000000088500000, 0x0000000088600000|  0%| F|  |TAMS 0x0000000088500000| PB 0x0000000088500000| Untracked 
|  92|0x0000000088600000, 0x0000000088600000, 0x0000000088700000|  0%| F|  |TAMS 0x0000000088600000| PB 0x0000000088600000| Untracked 
|  93|0x0000000088700000, 0x0000000088700000, 0x0000000088800000|  0%| F|  |TAMS 0x0000000088700000| PB 0x0000000088700000| Untracked 
|  94|0x0000000088800000, 0x0000000088800000, 0x0000000088900000|  0%| F|  |TAMS 0x0000000088800000| PB 0x0000000088800000| Untracked 
|  95|0x0000000088900000, 0x0000000088900000, 0x0000000088a00000|  0%| F|  |TAMS 0x0000000088900000| PB 0x0000000088900000| Untracked 
|  96|0x0000000088a00000, 0x0000000088b00000, 0x0000000088b00000|100%| S|CS|TAMS 0x0000000088a00000| PB 0x0000000088a00000| Complete 
|  97|0x0000000088b00000, 0x0000000088c00000, 0x0000000088c00000|100%| S|CS|TAMS 0x0000000088b00000| PB 0x0000000088b00000| Complete 
|  98|0x0000000088c00000, 0x0000000088d00000, 0x0000000088d00000|100%| S|CS|TAMS 0x0000000088c00000| PB 0x0000000088c00000| Complete 
|  99|0x0000000088d00000, 0x0000000088e00000, 0x0000000088e00000|100%| S|CS|TAMS 0x0000000088d00000| PB 0x0000000088d00000| Complete 
| 100|0x0000000088e00000, 0x0000000088f00000, 0x0000000088f00000|100%| S|CS|TAMS 0x0000000088e00000| PB 0x0000000088e00000| Complete 
| 101|0x0000000088f00000, 0x0000000089000000, 0x0000000089000000|100%| S|CS|TAMS 0x0000000088f00000| PB 0x0000000088f00000| Complete 
| 102|0x0000000089000000, 0x0000000089100000, 0x0000000089100000|100%| S|CS|TAMS 0x0000000089000000| PB 0x0000000089000000| Complete 
| 103|0x0000000089100000, 0x0000000089200000, 0x0000000089200000|100%| S|CS|TAMS 0x0000000089100000| PB 0x0000000089100000| Complete 
| 104|0x0000000089200000, 0x0000000089300000, 0x0000000089300000|100%| S|CS|TAMS 0x0000000089200000| PB 0x0000000089200000| Complete 
| 105|0x0000000089300000, 0x0000000089400000, 0x0000000089400000|100%| S|CS|TAMS 0x0000000089300000| PB 0x0000000089300000| Complete 
| 125|0x000000008a700000, 0x000000008a700000, 0x000000008a800000|  0%| F|  |TAMS 0x000000008a700000| PB 0x000000008a700000| Untracked 
|1989|0x00000000fef00000, 0x00000000fef80000, 0x00000000ff000000| 50%| O|  |TAMS 0x00000000fef00000| PB 0x00000000fef00000| Untracked 
|1990|0x00000000ff000000, 0x00000000ff100000, 0x00000000ff100000|100%| O|  |TAMS 0x00000000ff000000| PB 0x00000000ff000000| Untracked 
|1991|0x00000000ff100000, 0x00000000ff200000, 0x00000000ff200000|100%| O|  |TAMS 0x00000000ff100000| PB 0x00000000ff100000| Untracked 
|1992|0x00000000ff200000, 0x00000000ff300000, 0x00000000ff300000|100%| O|  |TAMS 0x00000000ff200000| PB 0x00000000ff200000| Untracked 
|1993|0x00000000ff300000, 0x00000000ff400000, 0x00000000ff400000|100%| O|  |TAMS 0x00000000ff300000| PB 0x00000000ff300000| Untracked 
|1994|0x00000000ff400000, 0x00000000ff500000, 0x00000000ff500000|100%| O|  |TAMS 0x00000000ff400000| PB 0x00000000ff400000| Untracked 
|1995|0x00000000ff500000, 0x00000000ff600000, 0x00000000ff600000|100%| O|  |TAMS 0x00000000ff500000| PB 0x00000000ff500000| Untracked 
|1996|0x00000000ff600000, 0x00000000ff700000, 0x00000000ff700000|100%| O|  |TAMS 0x00000000ff600000| PB 0x00000000ff600000| Untracked 
|1997|0x00000000ff700000, 0x00000000ff800000, 0x00000000ff800000|100%| O|  |TAMS 0x00000000ff700000| PB 0x00000000ff700000| Untracked 
|1998|0x00000000ff800000, 0x00000000ff900000, 0x00000000ff900000|100%| O|  |TAMS 0x00000000ff800000| PB 0x00000000ff800000| Untracked 
|1999|0x00000000ff900000, 0x00000000ffa00000, 0x00000000ffa00000|100%| O|  |TAMS 0x00000000ff900000| PB 0x00000000ff900000| Untracked 
|2000|0x00000000ffa00000, 0x00000000ffb00000, 0x00000000ffb00000|100%| O|  |TAMS 0x00000000ffa00000| PB 0x00000000ffa00000| Untracked 
|2001|0x00000000ffb00000, 0x00000000ffc00000, 0x00000000ffc00000|100%| O|  |TAMS 0x00000000ffb00000| PB 0x00000000ffb00000| Untracked 
|2002|0x00000000ffc00000, 0x00000000ffd00000, 0x00000000ffd00000|100%| O|  |TAMS 0x00000000ffc00000| PB 0x00000000ffc00000| Untracked 
|2003|0x00000000ffd00000, 0x00000000ffe00000, 0x00000000ffe00000|100%| O|  |TAMS 0x00000000ffd00000| PB 0x00000000ffd00000| Untracked 
|2004|0x00000000ffe00000, 0x00000000fff00000, 0x00000000fff00000|100%| O|  |TAMS 0x00000000ffe00000| PB 0x00000000ffe00000| Untracked 
|2005|0x00000000fff00000, 0x0000000100000000, 0x0000000100000000|100%| O|  |TAMS 0x00000000fff00000| PB 0x00000000fff00000| Untracked 

Card table byte_map: [0x00000198fbaf0000,0x00000198fbee0000] _byte_map_base: 0x00000198fb6db000

Marking Bits: (CMBitMap*) 0x00000198f2f74800
 Bits: [0x00000198fbee0000, 0x00000198fde38000)

Polling page: 0x00000198f0ec0000

Metaspace:

Usage:
  Non-class:     23.38 MB used.
      Class:      2.95 MB used.
       Both:     26.33 MB used.

Virtual space:
  Non-class space:       64.00 MB reserved,      23.56 MB ( 37%) committed,  1 nodes.
      Class space:        1.00 GB reserved,       3.12 MB ( <1%) committed,  1 nodes.
             Both:        1.06 GB reserved,      26.69 MB (  2%) committed. 

Chunk freelists:
   Non-Class:  8.23 MB
       Class:  12.86 MB
        Both:  21.09 MB

MaxMetaspaceSize: unlimited
CompressedClassSpaceSize: 1.00 GB
Initial GC threshold: 21.00 MB
Current GC threshold: 35.56 MB
CDS: on
 - commit_granule_bytes: 65536.
 - commit_granule_words: 8192.
 - virtual_space_node_default_size: 8388608.
 - enlarge_chunks_in_place: 1.
 - use_allocation_guard: 0.


Internal statistics:

num_allocs_failed_limit: 3.
num_arena_births: 206.
num_arena_deaths: 0.
num_vsnodes_births: 2.
num_vsnodes_deaths: 0.
num_space_committed: 427.
num_space_uncommitted: 0.
num_chunks_returned_to_freelist: 3.
num_chunks_taken_from_freelist: 1159.
num_chunk_merges: 3.
num_chunk_splits: 816.
num_chunks_enlarged: 660.
num_inconsistent_stats: 0.

CodeHeap 'non-profiled nmethods': size=120000Kb used=3869Kb max_used=3869Kb free=116130Kb
 bounds [0x0000019887ad0000, 0x0000019887ea0000, 0x000001988f000000]
CodeHeap 'profiled nmethods': size=120000Kb used=13906Kb max_used=13906Kb free=106094Kb
 bounds [0x0000019880000000, 0x0000019880da0000, 0x0000019887530000]
CodeHeap 'non-nmethods': size=5760Kb used=1443Kb max_used=1546Kb free=4316Kb
 bounds [0x0000019887530000, 0x00000198877a0000, 0x0000019887ad0000]
 total_blobs=6870 nmethods=6342 adapters=432
 compilation: enabled
              stopped_count=0, restarted_count=0
 full_count=0

Compilation events (20 events):
Event: 3.947 Thread 0x000001988f90e240 6335       3       java.util.stream.MatchOps::lambda$makeRef$0 (10 bytes)
Event: 3.947 Thread 0x000001988f90e240 nmethod 6335 0x0000019880d8f790 code [0x0000019880d8f960, 0x0000019880d8fce0]
Event: 3.947 Thread 0x000001988f90e240 6337       3       com.sun.tools.javac.comp.Attr$ResultInfo::check (21 bytes)
Event: 3.947 Thread 0x000001988f90e240 nmethod 6337 0x0000019880d8fe10 code [0x0000019880d8ffc0, 0x0000019880d90130]
Event: 3.947 Thread 0x000001988f90e240 6339       3       com.sun.tools.javac.comp.MatchBindingsComputer::finishBindings (62 bytes)
Event: 3.947 Thread 0x000001988f90e240 nmethod 6339 0x0000019880d90210 code [0x0000019880d903e0, 0x0000019880d90728]
Event: 3.947 Thread 0x000001988f90e240 6338       3       com.sun.tools.javac.comp.Check::checkType (168 bytes)
Event: 3.948 Thread 0x000001988f90e240 nmethod 6338 0x0000019880d90890 code [0x0000019880d90c80, 0x0000019880d92880]
Event: 3.948 Thread 0x000001988f90e240 6340       3       com.sun.tools.javac.code.Type$ErrorType::<init> (37 bytes)
Event: 3.949 Thread 0x000001988f90e240 nmethod 6340 0x0000019880d93110 code [0x0000019880d932e0, 0x0000019880d935f0]
Event: 3.949 Thread 0x000001988f90e240 6341       3       java.util.EnumSet::typeCheck (59 bytes)
Event: 3.949 Thread 0x000001988f90e240 nmethod 6341 0x0000019880d93710 code [0x0000019880d939c0, 0x0000019880d94408]
Event: 3.954 Thread 0x000001988f90b790 nmethod 6293 0x0000019887e93990 code [0x0000019887e93c60, 0x0000019887e95310]
Event: 3.954 Thread 0x000001988f90b790 6342       4       java.util.ImmutableCollections$ListN::get (7 bytes)
Event: 3.955 Thread 0x000001988f90b790 nmethod 6342 0x0000019887e95d10 code [0x0000019887e95ea0, 0x0000019887e95f70]
Event: 3.955 Thread 0x000001988f90b790 6343       4       java.nio.MappedByteBuffer::position (6 bytes)
Event: 3.957 Thread 0x000001988f90b790 nmethod 6343 0x0000019887e96010 code [0x0000019887e961a0, 0x0000019887e962b0]
Event: 3.957 Thread 0x00000198d5098050 nmethod 6330 0x0000019887e96410 code [0x0000019887e96600, 0x0000019887e970c8]
Event: 3.961 Thread 0x00000198d5098050 6344       4       java.util.regex.Pattern::sequence (647 bytes)
Event: 3.961 Thread 0x000001988f90b790 6345       4       jdk.internal.jrtfs.JrtPath::getFileName (5 bytes)

GC Heap History (11 events):
Event: 0.449 GC heap before
{Heap before GC invocations=0 (full 0):
 garbage-first heap   total 129024K, used 22528K [0x0000000082a00000, 0x0000000100000000)
  region size 1024K, 23 young (23552K), 0 survivors (0K)
 Metaspace       used 5586K, committed 5760K, reserved 1114112K
  class space    used 642K, committed 768K, reserved 1048576K
}
Event: 0.454 GC heap after
{Heap after GC invocations=1 (full 0):
 garbage-first heap   total 129024K, used 3734K [0x0000000082a00000, 0x0000000100000000)
  region size 1024K, 3 young (3072K), 3 survivors (3072K)
 Metaspace       used 5586K, committed 5760K, reserved 1114112K
  class space    used 642K, committed 768K, reserved 1048576K
}
Event: 0.821 GC heap before
{Heap before GC invocations=1 (full 0):
 garbage-first heap   total 129024K, used 35478K [0x0000000082a00000, 0x0000000100000000)
  region size 1024K, 34 young (34816K), 3 survivors (3072K)
 Metaspace       used 9589K, committed 9792K, reserved 1114112K
  class space    used 1123K, committed 1216K, reserved 1048576K
}
Event: 0.825 GC heap after
{Heap after GC invocations=2 (full 0):
 garbage-first heap   total 129024K, used 5562K [0x0000000082a00000, 0x0000000100000000)
  region size 1024K, 2 young (2048K), 2 survivors (2048K)
 Metaspace       used 9589K, committed 9792K, reserved 1114112K
  class space    used 1123K, committed 1216K, reserved 1048576K
}
Event: 1.808 GC heap before
{Heap before GC invocations=2 (full 0):
 garbage-first heap   total 129024K, used 80314K [0x0000000082a00000, 0x0000000100000000)
  region size 1024K, 75 young (76800K), 2 survivors (2048K)
 Metaspace       used 15727K, committed 16000K, reserved 1114112K
  class space    used 1822K, committed 1920K, reserved 1048576K
}
Event: 1.820 GC heap after
{Heap after GC invocations=3 (full 0):
 garbage-first heap   total 129024K, used 14072K [0x0000000082a00000, 0x0000000100000000)
  region size 1024K, 10 young (10240K), 10 survivors (10240K)
 Metaspace       used 15727K, committed 16000K, reserved 1114112K
  class space    used 1822K, committed 1920K, reserved 1048576K
}
Event: 2.560 GC heap before
{Heap before GC invocations=3 (full 0):
 garbage-first heap   total 129024K, used 80632K [0x0000000082a00000, 0x0000000100000000)
  region size 1024K, 75 young (76800K), 10 survivors (10240K)
 Metaspace       used 17656K, committed 17984K, reserved 1114112K
  class space    used 1986K, committed 2176K, reserved 1048576K
}
Event: 2.568 GC heap after
{Heap after GC invocations=4 (full 0):
 garbage-first heap   total 129024K, used 17143K [0x0000000082a00000, 0x0000000100000000)
  region size 1024K, 4 young (4096K), 4 survivors (4096K)
 Metaspace       used 17656K, committed 17984K, reserved 1114112K
  class space    used 1986K, committed 2176K, reserved 1048576K
}
Event: 3.013 GC heap before
{Heap before GC invocations=4 (full 0):
 garbage-first heap   total 129024K, used 57079K [0x0000000082a00000, 0x0000000100000000)
  region size 1024K, 37 young (37888K), 4 survivors (4096K)
 Metaspace       used 21137K, committed 21504K, reserved 1114112K
  class space    used 2399K, committed 2560K, reserved 1048576K
}
Event: 3.018 GC heap after
{Heap after GC invocations=5 (full 0):
 garbage-first heap   total 129024K, used 27642K [0x0000000082a00000, 0x0000000100000000)
  region size 1024K, 8 young (8192K), 8 survivors (8192K)
 Metaspace       used 21137K, committed 21504K, reserved 1114112K
  class space    used 2399K, committed 2560K, reserved 1048576K
}
Event: 3.963 GC heap before
{Heap before GC invocations=6 (full 0):
 garbage-first heap   total 99328K, used 98298K [0x0000000082a00000, 0x0000000100000000)
  region size 1024K, 75 young (76800K), 8 survivors (8192K)
 Metaspace       used 26962K, committed 27328K, reserved 1114112K
  class space    used 3021K, committed 3200K, reserved 1048576K
}

Dll operation events (8 events):
Event: 0.004 Loaded shared library C:\Program Files\Java\jdk-21\bin\java.dll
Event: 0.025 Loaded shared library C:\Program Files\Java\jdk-21\bin\jsvml.dll
Event: 0.036 Loaded shared library C:\Program Files\Java\jdk-21\bin\net.dll
Event: 0.037 Loaded shared library C:\Program Files\Java\jdk-21\bin\nio.dll
Event: 0.040 Loaded shared library C:\Program Files\Java\jdk-21\bin\zip.dll
Event: 0.140 Loaded shared library C:\Program Files\Java\jdk-21\bin\jimage.dll
Event: 0.141 Loaded shared library C:\Users\marcosjesus.suarez\.m2\wrapper\dists\apache-maven-3.9.14\ed7edd442f634ac1c1ef5ba2b61b6d690b5221091f1a8e1123f5fadcc967520d\lib\jansi-native\Windows\x86_64\jansi.dll
Event: 0.147 Loaded shared library C:\Program Files\Java\jdk-21\bin\verify.dll

Deoptimization events (20 events):
Event: 3.748 Thread 0x00000198f0d126e0 DEOPT PACKING pc=0x0000019880307bbc sp=0x0000000a692fcf40
Event: 3.748 Thread 0x00000198f0d126e0 DEOPT UNPACKING pc=0x0000019887584e42 sp=0x0000000a692fc430 mode 0
Event: 3.767 Thread 0x00000198f0d126e0 DEOPT PACKING pc=0x0000019880b13de6 sp=0x0000000a692fcc70
Event: 3.767 Thread 0x00000198f0d126e0 DEOPT UNPACKING pc=0x0000019887584e42 sp=0x0000000a692fc1f0 mode 0
Event: 3.806 Thread 0x00000198f0d126e0 Uncommon trap: trap_request=0xffffff45 fr.pc=0x0000019887e393e8 relative=0x00000000000006c8
Event: 3.806 Thread 0x00000198f0d126e0 Uncommon trap: reason=unstable_if action=reinterpret pc=0x0000019887e393e8 method=java.nio.file.FileTreeWalker.visit(Ljava/nio/file/Path;ZZ)Ljava/nio/file/FileTreeWalker$Event; @ 84 c2
Event: 3.806 Thread 0x00000198f0d126e0 DEOPT PACKING pc=0x0000019887e393e8 sp=0x0000000a692fcf00
Event: 3.806 Thread 0x00000198f0d126e0 DEOPT UNPACKING pc=0x00000198875846a2 sp=0x0000000a692fcec0 mode 2
Event: 3.806 Thread 0x00000198f0d126e0 Uncommon trap: trap_request=0xffffff45 fr.pc=0x0000019887e5a44c relative=0x0000000000004a6c
Event: 3.806 Thread 0x00000198f0d126e0 Uncommon trap: reason=unstable_if action=reinterpret pc=0x0000019887e5a44c method=java.nio.file.FileTreeWalker.visit(Ljava/nio/file/Path;ZZ)Ljava/nio/file/FileTreeWalker$Event; @ 53 c2
Event: 3.806 Thread 0x00000198f0d126e0 DEOPT PACKING pc=0x0000019887e5a44c sp=0x0000000a692fce90
Event: 3.806 Thread 0x00000198f0d126e0 DEOPT UNPACKING pc=0x00000198875846a2 sp=0x0000000a692fcea0 mode 2
Event: 3.843 Thread 0x00000198f0d126e0 Uncommon trap: trap_request=0xffffff45 fr.pc=0x0000019887e0b20c relative=0x000000000000006c
Event: 3.843 Thread 0x00000198f0d126e0 Uncommon trap: reason=unstable_if action=reinterpret pc=0x0000019887e0b20c method=com.sun.tools.javac.jvm.PoolReader.sizeof(I)I @ 1 c2
Event: 3.843 Thread 0x00000198f0d126e0 DEOPT PACKING pc=0x0000019887e0b20c sp=0x0000000a692fcb60
Event: 3.843 Thread 0x00000198f0d126e0 DEOPT UNPACKING pc=0x00000198875846a2 sp=0x0000000a692fcaf0 mode 2
Event: 3.902 Thread 0x00000198f0d126e0 Uncommon trap: trap_request=0xfffffff4 fr.pc=0x0000019887b9985c relative=0x00000000000002bc
Event: 3.902 Thread 0x00000198f0d126e0 Uncommon trap: reason=null_check action=make_not_entrant pc=0x0000019887b9985c method=java.util.stream.Nodes$FixedNodeBuilder.accept(Ljava/lang/Object;)V @ 28 c2
Event: 3.902 Thread 0x00000198f0d126e0 DEOPT PACKING pc=0x0000019887b9985c sp=0x0000000a692fc5a0
Event: 3.902 Thread 0x00000198f0d126e0 DEOPT UNPACKING pc=0x00000198875846a2 sp=0x0000000a692fc540 mode 2

Classes loaded (20 events):
Event: 3.745 Loading class java/util/stream/Nodes$SpinedNodeBuilder
Event: 3.746 Loading class java/util/stream/SpinedBuffer
Event: 3.746 Loading class java/util/stream/AbstractSpinedBuffer
Event: 3.746 Loading class java/util/stream/AbstractSpinedBuffer done
Event: 3.746 Loading class java/util/stream/SpinedBuffer done
Event: 3.746 Loading class java/util/stream/Nodes$SpinedNodeBuilder done
Event: 3.784 Loading class jdk/internal/jrtfs/JrtDirectoryStream
Event: 3.784 Loading class jdk/internal/jrtfs/JrtDirectoryStream done
Event: 3.784 Loading class java/util/stream/StreamSpliterators$WrappingSpliterator
Event: 3.785 Loading class java/util/stream/StreamSpliterators$AbstractWrappingSpliterator
Event: 3.785 Loading class java/util/stream/StreamSpliterators$AbstractWrappingSpliterator done
Event: 3.785 Loading class java/util/stream/StreamSpliterators$WrappingSpliterator done
Event: 3.785 Loading class jdk/internal/jrtfs/JrtDirectoryStream$1
Event: 3.785 Loading class jdk/internal/jrtfs/JrtDirectoryStream$1 done
Event: 3.785 Loading class java/util/stream/StreamSpliterators
Event: 3.785 Loading class java/util/stream/StreamSpliterators done
Event: 3.785 Loading class java/util/function/BooleanSupplier
Event: 3.785 Loading class java/util/function/BooleanSupplier done
Event: 3.806 Loading class java/nio/file/FileTreeWalker$1
Event: 3.806 Loading class java/nio/file/FileTreeWalker$1 done

Classes unloaded (0 events):
No events

Classes redefined (0 events):
No events

Internal exceptions (20 events):
Event: 3.895 Thread 0x00000198f0d126e0 Exception <a 'sun/nio/fs/WindowsException'{0x0000000084aa6ed0}> (0x0000000084aa6ed0) 
thrown [s\open\src\hotspot\share\prims\jni.cpp, line 520]
Event: 3.895 Thread 0x00000198f0d126e0 Exception <a 'sun/nio/fs/WindowsException'{0x0000000084aa7d08}> (0x0000000084aa7d08) 
thrown [s\open\src\hotspot\share\prims\jni.cpp, line 520]
Event: 3.897 Thread 0x00000198f0d126e0 Exception <a 'sun/nio/fs/WindowsException'{0x0000000084aba780}> (0x0000000084aba780) 
thrown [s\open\src\hotspot\share\prims\jni.cpp, line 520]
Event: 3.897 Thread 0x00000198f0d126e0 Exception <a 'sun/nio/fs/WindowsException'{0x0000000084abcc80}> (0x0000000084abcc80) 
thrown [s\open\src\hotspot\share\prims\jni.cpp, line 520]
Event: 3.898 Thread 0x00000198f0d126e0 Exception <a 'sun/nio/fs/WindowsException'{0x0000000084ac0f50}> (0x0000000084ac0f50) 
thrown [s\open\src\hotspot\share\prims\jni.cpp, line 520]
Event: 3.899 Thread 0x00000198f0d126e0 Exception <a 'sun/nio/fs/WindowsException'{0x0000000084ac4af8}> (0x0000000084ac4af8) 
thrown [s\open\src\hotspot\share\prims\jni.cpp, line 520]
Event: 3.899 Thread 0x00000198f0d126e0 Exception <a 'sun/nio/fs/WindowsException'{0x0000000084ac82d8}> (0x0000000084ac82d8) 
thrown [s\open\src\hotspot\share\prims\jni.cpp, line 520]
Event: 3.899 Thread 0x00000198f0d126e0 Exception <a 'sun/nio/fs/WindowsException'{0x0000000084ac91f8}> (0x0000000084ac91f8) 
thrown [s\open\src\hotspot\share\prims\jni.cpp, line 520]
Event: 3.899 Thread 0x00000198f0d126e0 Exception <a 'sun/nio/fs/WindowsException'{0x0000000084acac68}> (0x0000000084acac68) 
thrown [s\open\src\hotspot\share\prims\jni.cpp, line 520]
Event: 3.900 Thread 0x00000198f0d126e0 Exception <a 'sun/nio/fs/WindowsException'{0x0000000084ace340}> (0x0000000084ace340) 
thrown [s\open\src\hotspot\share\prims\jni.cpp, line 520]
Event: 3.900 Thread 0x00000198f0d126e0 Exception <a 'sun/nio/fs/WindowsException'{0x0000000084ad4948}> (0x0000000084ad4948) 
thrown [s\open\src\hotspot\share\prims\jni.cpp, line 520]
Event: 3.902 Thread 0x00000198f0d126e0 Implicit null exception at 0x0000019887b9960c to 0x0000019887b9984c
Event: 3.908 Thread 0x00000198f0d126e0 Exception <a 'sun/nio/fs/WindowsException'{0x0000000084af8938}> (0x0000000084af8938) 
thrown [s\open\src\hotspot\share\prims\jni.cpp, line 520]
Event: 3.908 Thread 0x00000198f0d126e0 Exception <a 'sun/nio/fs/WindowsException'{0x0000000084af94a8}> (0x0000000084af94a8) 
thrown [s\open\src\hotspot\share\prims\jni.cpp, line 520]
Event: 3.909 Thread 0x00000198f0d126e0 Exception <a 'sun/nio/fs/WindowsException'{0x0000000084902730}> (0x0000000084902730) 
thrown [s\open\src\hotspot\share\prims\jni.cpp, line 520]
Event: 3.910 Thread 0x00000198f0d126e0 Exception <a 'sun/nio/fs/WindowsException'{0x0000000084929b68}> (0x0000000084929b68) 
thrown [s\open\src\hotspot\share\prims\jni.cpp, line 520]
Event: 3.912 Thread 0x00000198f0d126e0 Exception <a 'sun/nio/fs/WindowsException'{0x00000000849835e0}> (0x00000000849835e0) 
thrown [s\open\src\hotspot\share\prims\jni.cpp, line 520]
Event: 3.938 Thread 0x00000198f0d126e0 Exception <a 'sun/nio/fs/WindowsException'{0x00000000845327d8}> (0x00000000845327d8) 
thrown [s\open\src\hotspot\share\prims\jni.cpp, line 520]
Event: 3.939 Thread 0x00000198f0d126e0 Exception <a 'sun/nio/fs/WindowsException'{0x0000000084533478}> (0x0000000084533478) 
thrown [s\open\src\hotspot\share\prims\jni.cpp, line 520]
Event: 3.939 Thread 0x00000198f0d126e0 Exception <a 'sun/nio/fs/WindowsException'{0x0000000084534390}> (0x0000000084534390) 
thrown [s\open\src\hotspot\share\prims\jni.cpp, line 520]

ZGC Phase Switch (0 events):
No events

VM Operations (20 events):
Event: 2.928 Executing VM operation: HandshakeAllThreads (Deoptimize) done
Event: 2.989 Executing VM operation: HandshakeAllThreads (Deoptimize)
Event: 2.989 Executing VM operation: HandshakeAllThreads (Deoptimize) done
Event: 2.989 Executing VM operation: HandshakeAllThreads (Deoptimize)
Event: 2.989 Executing VM operation: HandshakeAllThreads (Deoptimize) done
Event: 2.998 Executing VM operation: ICBufferFull
Event: 2.998 Executing VM operation: ICBufferFull done
Event: 3.013 Executing VM operation: CollectForMetadataAllocation (Metadata GC Threshold)
Event: 3.018 Executing VM operation: CollectForMetadataAllocation (Metadata GC Threshold) done
Event: 3.034 Executing VM operation: G1PauseRemark
Event: 3.039 Executing VM operation: G1PauseRemark done
Event: 3.043 Executing VM operation: G1PauseCleanup
Event: 3.043 Executing VM operation: G1PauseCleanup done
Event: 3.747 Executing VM operation: HandshakeAllThreads (Deoptimize)
Event: 3.747 Executing VM operation: HandshakeAllThreads (Deoptimize) done
Event: 3.806 Executing VM operation: HandshakeAllThreads (Deoptimize)
Event: 3.806 Executing VM operation: HandshakeAllThreads (Deoptimize) done
Event: 3.813 Executing VM operation: ICBufferFull
Event: 3.813 Executing VM operation: ICBufferFull done
Event: 3.963 Executing VM operation: G1CollectForAllocation (G1 Evacuation Pause)

Events (16 events):
Event: 0.014 Thread 0x00000198f0d126e0 Thread added: 0x00000198f0d126e0
Event: 0.023 Thread 0x000001988f9005f0 Thread added: 0x000001988f9005f0
Event: 0.023 Thread 0x000001988f901510 Thread added: 0x000001988f901510
Event: 0.023 Thread 0x000001988f905fd0 Thread added: 0x000001988f905fd0
Event: 0.023 Thread 0x000001988f906a30 Thread added: 0x000001988f906a30
Event: 0.024 Thread 0x000001988f9077f0 Thread added: 0x000001988f9077f0
Event: 0.024 Thread 0x000001988f9089f0 Thread added: 0x000001988f9089f0
Event: 0.024 Thread 0x000001988f90b790 Thread added: 0x000001988f90b790
Event: 0.024 Thread 0x000001988f90e240 Thread added: 0x000001988f90e240
Event: 0.033 Thread 0x000001988fba1880 Thread added: 0x000001988fba1880
Event: 0.034 Thread 0x000001988fbadd30 Thread added: 0x000001988fbadd30
Event: 0.139 Thread 0x00000198d5060a40 Thread added: 0x00000198d5060a40
Event: 0.144 Thread 0x00000198d5060a40 Thread exited: 0x00000198d5060a40
Event: 0.205 Thread 0x00000198d5098050 Thread added: 0x00000198d5098050
Event: 0.433 Thread 0x00000198d521abf0 Thread added: 0x00000198d521abf0
Event: 1.143 Thread 0x00000198d6193110 Thread added: 0x00000198d6193110


Dynamic libraries:
0x00007ff649440000 - 0x00007ff649450000 	C:\Program Files\Java\jdk-21\bin\java.exe
0x00007fffd4010000 - 0x00007fffd4208000 	C:\Windows\SYSTEM32\ntdll.dll
0x00007fffd35e0000 - 0x00007fffd36a2000 	C:\Windows\System32\KERNEL32.DLL
0x00007fffd1b40000 - 0x00007fffd1e36000 	C:\Windows\System32\KERNELBASE.dll
0x00007fffd1770000 - 0x00007fffd1870000 	C:\Windows\System32\ucrtbase.dll
0x00007fff95030000 - 0x00007fff9504b000 	C:\Program Files\Java\jdk-21\bin\VCRUNTIME140.dll
0x00007fff920f0000 - 0x00007fff92109000 	C:\Program Files\Java\jdk-21\bin\jli.dll
0x00007fffd32c0000 - 0x00007fffd3371000 	C:\Windows\System32\ADVAPI32.dll
0x00007fffd3380000 - 0x00007fffd341e000 	C:\Windows\System32\msvcrt.dll
0x00007fffd3220000 - 0x00007fffd32bf000 	C:\Windows\System32\sechost.dll
0x00007fffd3c40000 - 0x00007fffd3d60000 	C:\Windows\System32\RPCRT4.dll
0x00007fffd1b10000 - 0x00007fffd1b37000 	C:\Windows\System32\bcrypt.dll
0x00007fffd2fa0000 - 0x00007fffd3141000 	C:\Windows\System32\USER32.dll
0x00007fffd19c0000 - 0x00007fffd19e2000 	C:\Windows\System32\win32u.dll
0x00007fffae2b0000 - 0x00007fffae54b000 	C:\Windows\WinSxS\amd64_microsoft.windows.common-controls_6595b64144ccf1df_6.0.19041.6456_none_60b8a6cb71f64256\COMCTL32.dll
0x00007fffd3740000 - 0x00007fffd376b000 	C:\Windows\System32\GDI32.dll
0x00007fffd19f0000 - 0x00007fffd1b09000 	C:\Windows\System32\gdi32full.dll
0x00007fffd1920000 - 0x00007fffd19bd000 	C:\Windows\System32\msvcp_win.dll
0x00007fffce500000 - 0x00007fffce50a000 	C:\Windows\SYSTEM32\VERSION.dll
0x00007fffd3d80000 - 0x00007fffd3daf000 	C:\Windows\System32\IMM32.DLL
0x00007fffc74b0000 - 0x00007fffc74bc000 	C:\Program Files\Java\jdk-21\bin\vcruntime140_1.dll
0x00007fff6ca20000 - 0x00007fff6caae000 	C:\Program Files\Java\jdk-21\bin\msvcp140.dll
0x00007fff544a0000 - 0x00007fff551bd000 	C:\Program Files\Java\jdk-21\bin\server\jvm.dll
0x00007fffd3db0000 - 0x00007fffd3e1b000 	C:\Windows\System32\WS2_32.dll
0x00007fffd1500000 - 0x00007fffd154b000 	C:\Windows\SYSTEM32\POWRPROF.dll
0x00007fffbf560000 - 0x00007fffbf587000 	C:\Windows\SYSTEM32\WINMM.dll
0x00007fffd14e0000 - 0x00007fffd14f2000 	C:\Windows\SYSTEM32\UMPDC.dll
0x00007fffcf310000 - 0x00007fffcf322000 	C:\Windows\SYSTEM32\kernel.appcore.dll
0x00007fffb7170000 - 0x00007fffb717a000 	C:\Program Files\Java\jdk-21\bin\jimage.dll
0x00007fffbce70000 - 0x00007fffbd071000 	C:\Windows\SYSTEM32\DBGHELP.DLL
0x00007fffbbf80000 - 0x00007fffbbfb4000 	C:\Windows\SYSTEM32\dbgcore.DLL
0x00007fffd1fa0000 - 0x00007fffd2022000 	C:\Windows\System32\bcryptPrimitives.dll
0x00007fff91760000 - 0x00007fff9177f000 	C:\Program Files\Java\jdk-21\bin\java.dll
0x00007fffd2450000 - 0x00007fffd2bc0000 	C:\Windows\System32\SHELL32.dll
0x00007fffcf510000 - 0x00007fffcfcb5000 	C:\Windows\SYSTEM32\windows.storage.dll
0x00007fffd2bc0000 - 0x00007fffd2f14000 	C:\Windows\System32\combase.dll
0x00007fffd0f10000 - 0x00007fffd0f3b000 	C:\Windows\SYSTEM32\Wldp.dll
0x00007fffd3150000 - 0x00007fffd321d000 	C:\Windows\System32\OLEAUT32.dll
0x00007fffd34d0000 - 0x00007fffd357d000 	C:\Windows\System32\SHCORE.dll
0x00007fffd2190000 - 0x00007fffd21eb000 	C:\Windows\System32\shlwapi.dll
0x00007fffd15d0000 - 0x00007fffd15f4000 	C:\Windows\SYSTEM32\profapi.dll
0x00007fff6c940000 - 0x00007fff6ca17000 	C:\Program Files\Java\jdk-21\bin\jsvml.dll
0x00007fffb5800000 - 0x00007fffb5810000 	C:\Program Files\Java\jdk-21\bin\net.dll
0x00007fffcdc20000 - 0x00007fffcdd2a000 	C:\Windows\SYSTEM32\WINHTTP.dll
0x00007fffd0cf0000 - 0x00007fffd0d5a000 	C:\Windows\system32\mswsock.dll
0x00007fff91440000 - 0x00007fff91456000 	C:\Program Files\Java\jdk-21\bin\nio.dll
0x00007fff886e0000 - 0x00007fff886f8000 	C:\Program Files\Java\jdk-21\bin\zip.dll
0x00007fffa0ba0000 - 0x00007fffa0bc4000 	C:\Users\marcosjesus.suarez\.m2\wrapper\dists\apache-maven-3.9.14\ed7edd442f634ac1c1ef5ba2b61b6d690b5221091f1a8e1123f5fadcc967520d\lib\jansi-native\Windows\x86_64\jansi.dll
0x00007fffc97e0000 - 0x00007fffc97f0000 	C:\Program Files\Java\jdk-21\bin\verify.dll

dbghelp: loaded successfully - version: 4.0.5 - missing functions: none
symbol engine: initialized successfully - sym options: 0x614 - pdb path: .;C:\Program Files\Java\jdk-21\bin;C:\Windows\SYSTEM32;C:\Windows\WinSxS\amd64_microsoft.windows.common-controls_6595b64144ccf1df_6.0.19041.6456_none_60b8a6cb71f64256;C:\Program Files\Java\jdk-21\bin\server;C:\Users\marcosjesus.suarez\.m2\wrapper\dists\apache-maven-3.9.14\ed7edd442f634ac1c1ef5ba2b61b6d690b5221091f1a8e1123f5fadcc967520d\lib\jansi-native\Windows\x86_64

VM Arguments:
jvm_args: --enable-native-access=ALL-UNNAMED -Dclassworlds.conf=C:\Users\marcosjesus.suarez\.m2\wrapper\dists\apache-maven-3.9.14\ed7edd442f634ac1c1ef5ba2b61b6d690b5221091f1a8e1123f5fadcc967520d\bin\m2.conf -Dmaven.home=C:\Users\marcosjesus.suarez\.m2\wrapper\dists\apache-maven-3.9.14\ed7edd442f634ac1c1ef5ba2b61b6d690b5221091f1a8e1123f5fadcc967520d -Dlibrary.jansi.path=C:\Users\marcosjesus.suarez\.m2\wrapper\dists\apache-maven-3.9.14\ed7edd442f634ac1c1ef5ba2b61b6d690b5221091f1a8e1123f5fadcc967520d\lib\jansi-native -Dmaven.multiModuleProjectDirectory=C:\Users\marcosjesus.suarez\Desktop\Practica final\Proyecto-Intermodular-Unido-main\Proyecto-Final-Multiplataforma-BackApi-master 
java_command: org.codehaus.plexus.classworlds.launcher.Launcher clean compile
java_class_path (initial): C:\Users\marcosjesus.suarez\.m2\wrapper\dists\apache-maven-3.9.14\ed7edd442f634ac1c1ef5ba2b61b6d690b5221091f1a8e1123f5fadcc967520d\boot\plexus-classworlds-2.9.0.jar
Launcher Type: SUN_STANDARD

[Global flags]
     intx CICompilerCount                          = 4                                         {product} {ergonomic}
     uint ConcGCThreads                            = 2                                         {product} {ergonomic}
     uint G1ConcRefinementThreads                  = 8                                         {product} {ergonomic}
   size_t G1HeapRegionSize                         = 1048576                                   {product} {ergonomic}
    uintx GCDrainStackTargetSize                   = 64                                        {product} {ergonomic}
   size_t InitialHeapSize                          = 132120576                                 {product} {ergonomic}
   size_t MarkStackSize                            = 4194304                                   {product} {ergonomic}
   size_t MaxHeapSize                              = 2103443456                                {product} {ergonomic}
   size_t MaxNewSize                               = 1261436928                                {product} {ergonomic}
   size_t MinHeapDeltaBytes                        = 1048576                                   {product} {ergonomic}
   size_t MinHeapSize                              = 8388608                                   {product} {ergonomic}
    uintx NonNMethodCodeHeapSize                   = 5839372                                {pd product} {ergonomic}
    uintx NonProfiledCodeHeapSize                  = 122909434                              {pd product} {ergonomic}
    uintx ProfiledCodeHeapSize                     = 122909434                              {pd product} {ergonomic}
    uintx ReservedCodeCacheSize                    = 251658240                              {pd product} {ergonomic}
     bool SegmentedCodeCache                       = true                                      {product} {ergonomic}
   size_t SoftMaxHeapSize                          = 2103443456                             {manageable} {ergonomic}
     bool UseCompressedOops                        = true                           {product lp64_product} {ergonomic}
     bool UseG1GC                                  = true                                      {product} {ergonomic}
     bool UseLargePagesIndividualAllocation        = false                                  {pd product} {ergonomic}

Logging:
Log output configuration:
 #0: stdout all=warning uptime,level,tags foldmultilines=false
 #1: stderr all=off uptime,level,tags foldmultilines=false

Environment Variables:
PATH=C:\Program Files\Common Files\Oracle\Java\javapath;C:\Program Files (x86)\VMware\VMware Workstation\bin\;C:\Windows\system32;C:\Windows;C:\Windows\System32\Wbem;C:\Windows\System32\WindowsPowerShell\v1.0\;C:\Windows\System32\OpenSSH\;C:\Program Files\PuTTY\;C:\Program Files\nodejs\;C:\Program Files\Microsoft VS Code\bin;C:\Program Files\Microsoft SQL Server\150\Tools\Binn\;C:\Program Files\Microsoft SQL Server\Client SDK\ODBC\170\Tools\Binn\;C:\Program Files\dotnet\;C:\Users\jorge.mendez\AppData\Roaming\npm;C:\xampp\mysql\bin;C:\Users\marcosjesus.suarez\AppData\Local\Microsoft\WindowsApps;C:\Users\marcosjesus.suarez\AppData\Local\GitHubDesktop\bin;C:\Users\marcosjesus.suarez\AppData\Local\Programs\Antigravity\bin;C:\Users\marcosjesus.suarez\AppData\Local\Programs\Git\cmd
USERNAME=marcosjesus.suarez
OS=Windows_NT
PROCESSOR_IDENTIFIER=Intel64 Family 6 Model 165 Stepping 3, GenuineIntel
TMP=C:\Users\MARCOS~1.SUA\AppData\Local\Temp
TEMP=C:\Users\MARCOS~1.SUA\AppData\Local\Temp




Periodic native trim disabled

---------------  S Y S T E M  ---------------

OS:
 Windows 10 , 64 bit Build 19041 (10.0.19041.5915)
OS uptime: 0 days 23:10 hours
Hyper-V role detected

CPU: total 8 (initial active 8) (4 cores per cpu, 2 threads per core) family 6 model 165 stepping 3 microcode 0xea, cx8, cmov, fxsr, ht, mmx, 3dnowpref, sse, sse2, sse3, ssse3, sse4.1, sse4.2, popcnt, lzcnt, tsc, tscinvbit, avx, avx2, aes, erms, clmul, bmi1, bmi2, adx, fma, vzeroupper, clflush, clflushopt, hv, rdtscp, f16c
Processor Information for all 8 processors :
  Max Mhz: 3792, Current Mhz: 3792, Mhz Limit: 3792

Memory: 4k page, system-wide physical 8021M (451M free)
TotalPageFile size 10069M (AvailPageFile size 22M)
current process WorkingSet (physical memory assigned to process): 267M, peak: 267M
current process commit charge ("private bytes"): 304M, peak: 323M

vm_info: Java HotSpot(TM) 64-Bit Server VM (21.0.9+7-LTS-338) for windows-amd64 JRE (21.0.9+7-LTS-338), built on 2025-09-26T06:33:49Z by "mach5run" with MS VC++ 17.6 (VS2022)

END.
