#
# There is insufficient memory for the Java Runtime Environment to continue.
# Native memory allocation (malloc) failed to allocate 1087696 bytes for Chunk::new
# Possible reasons:
#   The system is out of physical RAM or swap space
#   The process is running with CompressedOops enabled, and the Java Heap may be blocking the growth of the native heap
# Possible solutions:
#   Reduce memory load on the system
#   Increase physical memory or swap space
#   Check if swap backing store is full
#   Decrease Java heap size (-Xmx/-Xms)
#   Decrease number of Java threads
#   Decrease Java thread stack sizes (-Xss)
#   Set larger code cache with -XX:ReservedCodeCacheSize=
#   JVM is running with Unscaled Compressed Oops mode in which the Java heap is
#     placed in the first 4GB address space. The Java Heap base address is the
#     maximum limit for the native heap growth. Please use -XX:HeapBaseMinAddress
#     to set the Java Heap base and to place the Java Heap above 4GB virtual address.
# This output file may be truncated or incomplete.
#
#  Out of Memory Error (arena.cpp:168), pid=16184, tid=3144
#
# JRE version: Java(TM) SE Runtime Environment (21.0.9+7) (build 21.0.9+7-LTS-338)
# Java VM: Java HotSpot(TM) 64-Bit Server VM (21.0.9+7-LTS-338, mixed mode, sharing, tiered, compressed oops, compressed class ptrs, g1 gc, windows-amd64)
# No core dump will be written. Minidumps are not enabled by default on client versions of Windows
#

---------------  S U M M A R Y ------------

Command Line: --enable-native-access=ALL-UNNAMED -Dclassworlds.conf=C:\Users\marcosjesus.suarez\.m2\wrapper\dists\apache-maven-3.9.14\ed7edd442f634ac1c1ef5ba2b61b6d690b5221091f1a8e1123f5fadcc967520d\bin\m2.conf -Dmaven.home=C:\Users\marcosjesus.suarez\.m2\wrapper\dists\apache-maven-3.9.14\ed7edd442f634ac1c1ef5ba2b61b6d690b5221091f1a8e1123f5fadcc967520d -Dlibrary.jansi.path=C:\Users\marcosjesus.suarez\.m2\wrapper\dists\apache-maven-3.9.14\ed7edd442f634ac1c1ef5ba2b61b6d690b5221091f1a8e1123f5fadcc967520d\lib\jansi-native -Dmaven.multiModuleProjectDirectory=C:\Users\marcosjesus.suarez\Desktop\Proyecto-intermodular-unido\Proyecto-Intermodular-Unido\Proyecto-Final-Multiplataforma-BackApi-master org.codehaus.plexus.classworlds.launcher.Launcher compile

Host: Intel(R) Core(TM) i3-10320 CPU @ 3.80GHz, 8 cores, 7G,  Windows 10 , 64 bit Build 19041 (10.0.19041.5915)
Time: Mon May 11 18:04:52 2026 Hora de ver. Europa Occidental elapsed time: 1.606390 seconds (0d 0h 0m 1s)

---------------  T H R E A D  ---------------

Current thread (0x000001436f7afac0):  JavaThread "C2 CompilerThread1" daemon [_thread_in_native, id=3144, stack(0x0000003de8100000,0x0000003de8200000) (1024K)]


Current CompileTask:
C2:   1606 3607       4       org.codehaus.plexus.util.xml.pull.MXParser::parseAttribute (1438 bytes)

Stack: [0x0000003de8100000,0x0000003de8200000]
Native frames: (J=compiled Java code, j=interpreted, Vv=VM code, C=native code)
V  [jvm.dll+0x6cbf89]
V  [jvm.dll+0x858421]
V  [jvm.dll+0x85a94e]
V  [jvm.dll+0x85b023]
V  [jvm.dll+0x27ebc6]
V  [jvm.dll+0xc4f4d]
V  [jvm.dll+0xc5483]
V  [jvm.dll+0x3b69fc]
V  [jvm.dll+0x382925]
V  [jvm.dll+0x381d9a]
V  [jvm.dll+0x247640]
V  [jvm.dll+0x246c1f]
V  [jvm.dll+0x1c7a3e]
V  [jvm.dll+0x256329]
V  [jvm.dll+0x2548ba]
V  [jvm.dll+0x3efdee]
V  [jvm.dll+0x80265b]
V  [jvm.dll+0x6ca66d]
C  [ucrtbase.dll+0x21bb2]
C  [KERNEL32.DLL+0x17374]
C  [ntdll.dll+0x4cc91]


---------------  P R O C E S S  ---------------

Threads class SMR info:
_java_thread_list=0x00000143742e2bd0, length=14, elements={
0x00000143504d1fd0, 0x000001436efe48c0, 0x000001436efe6490, 0x000001436efe7700,
0x000001436efe83e0, 0x000001436efe8e40, 0x000001436efe98a0, 0x000001436eff4650,
0x000001436f017110, 0x000001436f277c80, 0x000001436f27d910, 0x000001436f7afac0,
0x000001437406e6a0, 0x00000143741e3710
}

Java Threads: ( => current thread )
  0x00000143504d1fd0 JavaThread "main"                              [_thread_in_Java, id=7208, stack(0x0000003de6f00000,0x0000003de7000000) (1024K)]
  0x000001436efe48c0 JavaThread "Reference Handler"          daemon [_thread_blocked, id=5936, stack(0x0000003de7700000,0x0000003de7800000) (1024K)]
  0x000001436efe6490 JavaThread "Finalizer"                  daemon [_thread_blocked, id=4408, stack(0x0000003de7800000,0x0000003de7900000) (1024K)]
  0x000001436efe7700 JavaThread "Signal Dispatcher"          daemon [_thread_blocked, id=5160, stack(0x0000003de7900000,0x0000003de7a00000) (1024K)]
  0x000001436efe83e0 JavaThread "Attach Listener"            daemon [_thread_blocked, id=7300, stack(0x0000003de7a00000,0x0000003de7b00000) (1024K)]
  0x000001436efe8e40 JavaThread "Service Thread"             daemon [_thread_blocked, id=10144, stack(0x0000003de7b00000,0x0000003de7c00000) (1024K)]
  0x000001436efe98a0 JavaThread "Monitor Deflation Thread"   daemon [_thread_blocked, id=4460, stack(0x0000003de7c00000,0x0000003de7d00000) (1024K)]
  0x000001436eff4650 JavaThread "C2 CompilerThread0"         daemon [_thread_in_native, id=6448, stack(0x0000003de7d00000,0x0000003de7e00000) (1024K)]
  0x000001436f017110 JavaThread "C1 CompilerThread0"         daemon [_thread_in_vm, id=14264, stack(0x0000003de7e00000,0x0000003de7f00000) (1024K)]
  0x000001436f277c80 JavaThread "Notification Thread"        daemon [_thread_blocked, id=10780, stack(0x0000003de7f00000,0x0000003de8000000) (1024K)]
  0x000001436f27d910 JavaThread "Common-Cleaner"             daemon [_thread_blocked, id=11480, stack(0x0000003de8000000,0x0000003de8100000) (1024K)]
=>0x000001436f7afac0 JavaThread "C2 CompilerThread1"         daemon [_thread_in_native, id=3144, stack(0x0000003de8100000,0x0000003de8200000) (1024K)]
  0x000001437406e6a0 JavaThread "C2 CompilerThread2"         daemon [_thread_in_native, id=808, stack(0x0000003de8200000,0x0000003de8300000) (1024K)]
  0x00000143741e3710 JavaThread "Thread-1"                   daemon [_thread_blocked, id=660, stack(0x0000003de8a00000,0x0000003de8b00000) (1024K)]
Total: 14

Other Threads:
  0x000001436efc63d0 VMThread "VM Thread"                           [id=4892, stack(0x0000003de7600000,0x0000003de7700000) (1024K)]
  0x000001436efb49f0 WatcherThread "VM Periodic Task Thread"        [id=8108, stack(0x0000003de7500000,0x0000003de7600000) (1024K)]
  0x0000014352703c20 WorkerThread "GC Thread#0"                     [id=15044, stack(0x0000003de7000000,0x0000003de7100000) (1024K)]
  0x000001436fc36c60 WorkerThread "GC Thread#1"                     [id=15356, stack(0x0000003de8300000,0x0000003de8400000) (1024K)]
  0x000001436fc37010 WorkerThread "GC Thread#2"                     [id=16144, stack(0x0000003de8400000,0x0000003de8500000) (1024K)]
  0x0000014374039510 WorkerThread "GC Thread#3"                     [id=612, stack(0x0000003de8500000,0x0000003de8600000) (1024K)]
  0x000001437403a130 WorkerThread "GC Thread#4"                     [id=6356, stack(0x0000003de8600000,0x0000003de8700000) (1024K)]
  0x000001436fcfca70 WorkerThread "GC Thread#5"                     [id=14700, stack(0x0000003de8700000,0x0000003de8800000) (1024K)]
  0x000001436fc7a160 WorkerThread "GC Thread#6"                     [id=9484, stack(0x0000003de8800000,0x0000003de8900000) (1024K)]
  0x000001437408e400 WorkerThread "GC Thread#7"                     [id=1980, stack(0x0000003de8900000,0x0000003de8a00000) (1024K)]
  0x0000014352715fa0 ConcurrentGCThread "G1 Main Marker"            [id=10448, stack(0x0000003de7100000,0x0000003de7200000) (1024K)]
  0x0000014352717150 WorkerThread "G1 Conc#0"                       [id=13896, stack(0x0000003de7200000,0x0000003de7300000) (1024K)]
  0x000001435277e7c0 ConcurrentGCThread "G1 Refine#0"               [id=4472, stack(0x0000003de7300000,0x0000003de7400000) (1024K)]
  0x000001436ee854e0 ConcurrentGCThread "G1 Service"                [id=11404, stack(0x0000003de7400000,0x0000003de7500000) (1024K)]
Total: 14

Threads with active compile tasks:
C2 CompilerThread0     1623 3687       4       java.util.regex.Pattern$CharPropertyGreedy::match (160 bytes)
C2 CompilerThread1     1623 3607       4       org.codehaus.plexus.util.xml.pull.MXParser::parseAttribute (1438 bytes)
C2 CompilerThread2     1623 3657       4       java.util.HashMap::putVal (300 bytes)
Total: 3

VM state: not at safepoint (normal execution)

VM Mutex/Monitor currently owned by a thread: None

Heap address: 0x0000000082a00000, size: 2006 MB, Compressed Oops mode: 32-bit

CDS archive(s) mapped at: [0x0000014300000000-0x0000014300c90000-0x0000014300c90000), size 13172736, SharedBaseAddress: 0x0000014300000000, ArchiveRelocationMode: 1.
Compressed class space mapped at: 0x0000014301000000-0x0000014341000000, reserved size: 1073741824
Narrow klass base: 0x0000014300000000, Narrow klass shift: 0, Narrow klass range: 0x100000000

GC Precious Log:
 CardTable entry size: 512
 Card Set container configuration: InlinePtr #cards 5 size 8 Array Of Cards #cards 12 size 40 Howl #buckets 4 coarsen threshold 1843 Howl Bitmap #cards 512 size 80 coarsen threshold 460 Card regions per heap region 1 cards per card region 2048
 CPUs: 8 total, 8 available
 Memory: 8021M
 Large Page Support: Disabled
 NUMA Support: Disabled
 Compressed Oops: Enabled (32-bit)
 Heap Region Size: 1M
 Heap Min Capacity: 8M
 Heap Initial Capacity: 126M
 Heap Max Capacity: 2006M
 Pre-touch: Disabled
 Parallel Workers: 8
 Concurrent Workers: 2
 Concurrent Refinement Workers: 8
 Periodic GC: Disabled

Heap:
 garbage-first heap   total 129024K, used 65961K [0x0000000082a00000, 0x0000000100000000)
  region size 1024K, 62 young (63488K), 2 survivors (2048K)
 Metaspace       used 15614K, committed 15872K, reserved 1114112K
  class space    used 1821K, committed 1920K, reserved 1048576K

Heap Regions: E=young(eden), S=young(survivor), O=old, HS=humongous(starts), HC=humongous(continues), CS=collection set, F=free, TAMS=top-at-mark-start, PB=parsable bottom
|   0|0x0000000082a00000, 0x0000000082b00000, 0x0000000082b00000|100%| O|  |TAMS 0x0000000082a00000| PB 0x0000000082a00000| Untracked 
|   1|0x0000000082b00000, 0x0000000082c00000, 0x0000000082c00000|100%| O|  |TAMS 0x0000000082b00000| PB 0x0000000082b00000| Untracked 
|   2|0x0000000082c00000, 0x0000000082d00000, 0x0000000082d00000|100%| O|  |TAMS 0x0000000082c00000| PB 0x0000000082c00000| Untracked 
|   3|0x0000000082d00000, 0x0000000082dc3008, 0x0000000082e00000| 76%| O|  |TAMS 0x0000000082d00000| PB 0x0000000082d00000| Untracked 
|   4|0x0000000082e00000, 0x0000000082e00000, 0x0000000082f00000|  0%| F|  |TAMS 0x0000000082e00000| PB 0x0000000082e00000| Untracked 
|   5|0x0000000082f00000, 0x0000000082f00000, 0x0000000083000000|  0%| F|  |TAMS 0x0000000082f00000| PB 0x0000000082f00000| Untracked 
|   6|0x0000000083000000, 0x0000000083000000, 0x0000000083100000|  0%| F|  |TAMS 0x0000000083000000| PB 0x0000000083000000| Untracked 
|   7|0x0000000083100000, 0x0000000083100000, 0x0000000083200000|  0%| F|  |TAMS 0x0000000083100000| PB 0x0000000083100000| Untracked 
|   8|0x0000000083200000, 0x0000000083200000, 0x0000000083300000|  0%| F|  |TAMS 0x0000000083200000| PB 0x0000000083200000| Untracked 
|   9|0x0000000083300000, 0x0000000083300000, 0x0000000083400000|  0%| F|  |TAMS 0x0000000083300000| PB 0x0000000083300000| Untracked 
|  10|0x0000000083400000, 0x0000000083400000, 0x0000000083500000|  0%| F|  |TAMS 0x0000000083400000| PB 0x0000000083400000| Untracked 
|  11|0x0000000083500000, 0x0000000083500000, 0x0000000083600000|  0%| F|  |TAMS 0x0000000083500000| PB 0x0000000083500000| Untracked 
|  12|0x0000000083600000, 0x0000000083600000, 0x0000000083700000|  0%| F|  |TAMS 0x0000000083600000| PB 0x0000000083600000| Untracked 
|  13|0x0000000083700000, 0x0000000083700000, 0x0000000083800000|  0%| F|  |TAMS 0x0000000083700000| PB 0x0000000083700000| Untracked 
|  14|0x0000000083800000, 0x0000000083800000, 0x0000000083900000|  0%| F|  |TAMS 0x0000000083800000| PB 0x0000000083800000| Untracked 
|  15|0x0000000083900000, 0x0000000083900000, 0x0000000083a00000|  0%| F|  |TAMS 0x0000000083900000| PB 0x0000000083900000| Untracked 
|  16|0x0000000083a00000, 0x0000000083a00000, 0x0000000083b00000|  0%| F|  |TAMS 0x0000000083a00000| PB 0x0000000083a00000| Untracked 
|  17|0x0000000083b00000, 0x0000000083b00000, 0x0000000083c00000|  0%| F|  |TAMS 0x0000000083b00000| PB 0x0000000083b00000| Untracked 
|  18|0x0000000083c00000, 0x0000000083c00000, 0x0000000083d00000|  0%| F|  |TAMS 0x0000000083c00000| PB 0x0000000083c00000| Untracked 
|  19|0x0000000083d00000, 0x0000000083d00000, 0x0000000083e00000|  0%| F|  |TAMS 0x0000000083d00000| PB 0x0000000083d00000| Untracked 
|  20|0x0000000083e00000, 0x0000000083e00000, 0x0000000083f00000|  0%| F|  |TAMS 0x0000000083e00000| PB 0x0000000083e00000| Untracked 
|  21|0x0000000083f00000, 0x0000000083f00000, 0x0000000084000000|  0%| F|  |TAMS 0x0000000083f00000| PB 0x0000000083f00000| Untracked 
|  22|0x0000000084000000, 0x0000000084000000, 0x0000000084100000|  0%| F|  |TAMS 0x0000000084000000| PB 0x0000000084000000| Untracked 
|  23|0x0000000084100000, 0x0000000084100000, 0x0000000084200000|  0%| F|  |TAMS 0x0000000084100000| PB 0x0000000084100000| Untracked 
|  24|0x0000000084200000, 0x0000000084200000, 0x0000000084300000|  0%| F|  |TAMS 0x0000000084200000| PB 0x0000000084200000| Untracked 
|  25|0x0000000084300000, 0x0000000084300000, 0x0000000084400000|  0%| F|  |TAMS 0x0000000084300000| PB 0x0000000084300000| Untracked 
|  26|0x0000000084400000, 0x0000000084400000, 0x0000000084500000|  0%| F|  |TAMS 0x0000000084400000| PB 0x0000000084400000| Untracked 
|  27|0x0000000084500000, 0x0000000084500000, 0x0000000084600000|  0%| F|  |TAMS 0x0000000084500000| PB 0x0000000084500000| Untracked 
|  28|0x0000000084600000, 0x0000000084600000, 0x0000000084700000|  0%| F|  |TAMS 0x0000000084600000| PB 0x0000000084600000| Untracked 
|  29|0x0000000084700000, 0x0000000084700000, 0x0000000084800000|  0%| F|  |TAMS 0x0000000084700000| PB 0x0000000084700000| Untracked 
|  30|0x0000000084800000, 0x0000000084800000, 0x0000000084900000|  0%| F|  |TAMS 0x0000000084800000| PB 0x0000000084800000| Untracked 
|  31|0x0000000084900000, 0x0000000084900000, 0x0000000084a00000|  0%| F|  |TAMS 0x0000000084900000| PB 0x0000000084900000| Untracked 
|  32|0x0000000084a00000, 0x0000000084a00000, 0x0000000084b00000|  0%| F|  |TAMS 0x0000000084a00000| PB 0x0000000084a00000| Untracked 
|  33|0x0000000084b00000, 0x0000000084b00000, 0x0000000084c00000|  0%| F|  |TAMS 0x0000000084b00000| PB 0x0000000084b00000| Untracked 
|  34|0x0000000084c00000, 0x0000000084c00000, 0x0000000084d00000|  0%| F|  |TAMS 0x0000000084c00000| PB 0x0000000084c00000| Untracked 
|  35|0x0000000084d00000, 0x0000000084d00000, 0x0000000084e00000|  0%| F|  |TAMS 0x0000000084d00000| PB 0x0000000084d00000| Untracked 
|  36|0x0000000084e00000, 0x0000000084e00000, 0x0000000084f00000|  0%| F|  |TAMS 0x0000000084e00000| PB 0x0000000084e00000| Untracked 
|  37|0x0000000084f00000, 0x0000000084f00000, 0x0000000085000000|  0%| F|  |TAMS 0x0000000084f00000| PB 0x0000000084f00000| Untracked 
|  38|0x0000000085000000, 0x0000000085000000, 0x0000000085100000|  0%| F|  |TAMS 0x0000000085000000| PB 0x0000000085000000| Untracked 
|  39|0x0000000085100000, 0x0000000085100000, 0x0000000085200000|  0%| F|  |TAMS 0x0000000085100000| PB 0x0000000085100000| Untracked 
|  40|0x0000000085200000, 0x0000000085200000, 0x0000000085300000|  0%| F|  |TAMS 0x0000000085200000| PB 0x0000000085200000| Untracked 
|  41|0x0000000085300000, 0x0000000085300000, 0x0000000085400000|  0%| F|  |TAMS 0x0000000085300000| PB 0x0000000085300000| Untracked 
|  42|0x0000000085400000, 0x0000000085400000, 0x0000000085500000|  0%| F|  |TAMS 0x0000000085400000| PB 0x0000000085400000| Untracked 
|  43|0x0000000085500000, 0x0000000085500000, 0x0000000085600000|  0%| F|  |TAMS 0x0000000085500000| PB 0x0000000085500000| Untracked 
|  44|0x0000000085600000, 0x0000000085600000, 0x0000000085700000|  0%| F|  |TAMS 0x0000000085600000| PB 0x0000000085600000| Untracked 
|  45|0x0000000085700000, 0x0000000085700000, 0x0000000085800000|  0%| F|  |TAMS 0x0000000085700000| PB 0x0000000085700000| Untracked 
|  46|0x0000000085800000, 0x0000000085800000, 0x0000000085900000|  0%| F|  |TAMS 0x0000000085800000| PB 0x0000000085800000| Untracked 
|  47|0x0000000085900000, 0x0000000085900000, 0x0000000085a00000|  0%| F|  |TAMS 0x0000000085900000| PB 0x0000000085900000| Untracked 
|  48|0x0000000085a00000, 0x0000000085a00000, 0x0000000085b00000|  0%| F|  |TAMS 0x0000000085a00000| PB 0x0000000085a00000| Untracked 
|  49|0x0000000085b00000, 0x0000000085b00000, 0x0000000085c00000|  0%| F|  |TAMS 0x0000000085b00000| PB 0x0000000085b00000| Untracked 
|  50|0x0000000085c00000, 0x0000000085c00000, 0x0000000085d00000|  0%| F|  |TAMS 0x0000000085c00000| PB 0x0000000085c00000| Untracked 
|  51|0x0000000085d00000, 0x0000000085d00000, 0x0000000085e00000|  0%| F|  |TAMS 0x0000000085d00000| PB 0x0000000085d00000| Untracked 
|  52|0x0000000085e00000, 0x0000000085e00000, 0x0000000085f00000|  0%| F|  |TAMS 0x0000000085e00000| PB 0x0000000085e00000| Untracked 
|  53|0x0000000085f00000, 0x0000000085f00000, 0x0000000086000000|  0%| F|  |TAMS 0x0000000085f00000| PB 0x0000000085f00000| Untracked 
|  54|0x0000000086000000, 0x0000000086000000, 0x0000000086100000|  0%| F|  |TAMS 0x0000000086000000| PB 0x0000000086000000| Untracked 
|  55|0x0000000086100000, 0x0000000086100000, 0x0000000086200000|  0%| F|  |TAMS 0x0000000086100000| PB 0x0000000086100000| Untracked 
|  56|0x0000000086200000, 0x0000000086200000, 0x0000000086300000|  0%| F|  |TAMS 0x0000000086200000| PB 0x0000000086200000| Untracked 
|  57|0x0000000086300000, 0x0000000086300000, 0x0000000086400000|  0%| F|  |TAMS 0x0000000086300000| PB 0x0000000086300000| Untracked 
|  58|0x0000000086400000, 0x0000000086400000, 0x0000000086500000|  0%| F|  |TAMS 0x0000000086400000| PB 0x0000000086400000| Untracked 
|  59|0x0000000086500000, 0x0000000086500000, 0x0000000086600000|  0%| F|  |TAMS 0x0000000086500000| PB 0x0000000086500000| Untracked 
|  60|0x0000000086600000, 0x0000000086600000, 0x0000000086700000|  0%| F|  |TAMS 0x0000000086600000| PB 0x0000000086600000| Untracked 
|  61|0x0000000086700000, 0x0000000086700000, 0x0000000086800000|  0%| F|  |TAMS 0x0000000086700000| PB 0x0000000086700000| Untracked 
|  62|0x0000000086800000, 0x0000000086800000, 0x0000000086900000|  0%| F|  |TAMS 0x0000000086800000| PB 0x0000000086800000| Untracked 
|  63|0x0000000086900000, 0x0000000086900000, 0x0000000086a00000|  0%| F|  |TAMS 0x0000000086900000| PB 0x0000000086900000| Untracked 
|  64|0x0000000086a00000, 0x0000000086b00000, 0x0000000086b00000|100%| E|  |TAMS 0x0000000086a00000| PB 0x0000000086a00000| Complete 
|  65|0x0000000086b00000, 0x0000000086c00000, 0x0000000086c00000|100%| E|CS|TAMS 0x0000000086b00000| PB 0x0000000086b00000| Complete 
|  66|0x0000000086c00000, 0x0000000086d00000, 0x0000000086d00000|100%| E|CS|TAMS 0x0000000086c00000| PB 0x0000000086c00000| Complete 
|  67|0x0000000086d00000, 0x0000000086e00000, 0x0000000086e00000|100%| E|CS|TAMS 0x0000000086d00000| PB 0x0000000086d00000| Complete 
|  68|0x0000000086e00000, 0x0000000086f00000, 0x0000000086f00000|100%| E|CS|TAMS 0x0000000086e00000| PB 0x0000000086e00000| Complete 
|  69|0x0000000086f00000, 0x0000000087000000, 0x0000000087000000|100%| E|CS|TAMS 0x0000000086f00000| PB 0x0000000086f00000| Complete 
|  70|0x0000000087000000, 0x0000000087100000, 0x0000000087100000|100%| E|CS|TAMS 0x0000000087000000| PB 0x0000000087000000| Complete 
|  71|0x0000000087100000, 0x0000000087200000, 0x0000000087200000|100%| E|CS|TAMS 0x0000000087100000| PB 0x0000000087100000| Complete 
|  72|0x0000000087200000, 0x0000000087300000, 0x0000000087300000|100%| E|CS|TAMS 0x0000000087200000| PB 0x0000000087200000| Complete 
|  73|0x0000000087300000, 0x0000000087400000, 0x0000000087400000|100%| E|CS|TAMS 0x0000000087300000| PB 0x0000000087300000| Complete 
|  74|0x0000000087400000, 0x0000000087500000, 0x0000000087500000|100%| E|CS|TAMS 0x0000000087400000| PB 0x0000000087400000| Complete 
|  75|0x0000000087500000, 0x0000000087600000, 0x0000000087600000|100%| E|CS|TAMS 0x0000000087500000| PB 0x0000000087500000| Complete 
|  76|0x0000000087600000, 0x0000000087700000, 0x0000000087700000|100%| E|CS|TAMS 0x0000000087600000| PB 0x0000000087600000| Complete 
|  77|0x0000000087700000, 0x0000000087800000, 0x0000000087800000|100%| E|CS|TAMS 0x0000000087700000| PB 0x0000000087700000| Complete 
|  78|0x0000000087800000, 0x0000000087900000, 0x0000000087900000|100%| E|CS|TAMS 0x0000000087800000| PB 0x0000000087800000| Complete 
|  79|0x0000000087900000, 0x0000000087a00000, 0x0000000087a00000|100%| E|CS|TAMS 0x0000000087900000| PB 0x0000000087900000| Complete 
|  80|0x0000000087a00000, 0x0000000087b00000, 0x0000000087b00000|100%| E|CS|TAMS 0x0000000087a00000| PB 0x0000000087a00000| Complete 
|  81|0x0000000087b00000, 0x0000000087c00000, 0x0000000087c00000|100%| E|CS|TAMS 0x0000000087b00000| PB 0x0000000087b00000| Complete 
|  82|0x0000000087c00000, 0x0000000087d00000, 0x0000000087d00000|100%| E|CS|TAMS 0x0000000087c00000| PB 0x0000000087c00000| Complete 
|  83|0x0000000087d00000, 0x0000000087e00000, 0x0000000087e00000|100%| E|CS|TAMS 0x0000000087d00000| PB 0x0000000087d00000| Complete 
|  84|0x0000000087e00000, 0x0000000087f00000, 0x0000000087f00000|100%| E|CS|TAMS 0x0000000087e00000| PB 0x0000000087e00000| Complete 
|  85|0x0000000087f00000, 0x0000000088000000, 0x0000000088000000|100%| E|CS|TAMS 0x0000000087f00000| PB 0x0000000087f00000| Complete 
|  86|0x0000000088000000, 0x0000000088100000, 0x0000000088100000|100%| E|CS|TAMS 0x0000000088000000| PB 0x0000000088000000| Complete 
|  87|0x0000000088100000, 0x0000000088200000, 0x0000000088200000|100%| E|CS|TAMS 0x0000000088100000| PB 0x0000000088100000| Complete 
|  88|0x0000000088200000, 0x0000000088300000, 0x0000000088300000|100%| E|CS|TAMS 0x0000000088200000| PB 0x0000000088200000| Complete 
|  89|0x0000000088300000, 0x0000000088400000, 0x0000000088400000|100%| E|CS|TAMS 0x0000000088300000| PB 0x0000000088300000| Complete 
|  90|0x0000000088400000, 0x00000000884a77c0, 0x0000000088500000| 65%| S|CS|TAMS 0x0000000088400000| PB 0x0000000088400000| Complete 
|  91|0x0000000088500000, 0x0000000088600000, 0x0000000088600000|100%| S|CS|TAMS 0x0000000088500000| PB 0x0000000088500000| Complete 
|  92|0x0000000088600000, 0x0000000088700000, 0x0000000088700000|100%| E|CS|TAMS 0x0000000088600000| PB 0x0000000088600000| Complete 
|  93|0x0000000088700000, 0x0000000088800000, 0x0000000088800000|100%| E|CS|TAMS 0x0000000088700000| PB 0x0000000088700000| Complete 
|  94|0x0000000088800000, 0x0000000088900000, 0x0000000088900000|100%| E|CS|TAMS 0x0000000088800000| PB 0x0000000088800000| Complete 
|  95|0x0000000088900000, 0x0000000088a00000, 0x0000000088a00000|100%| E|CS|TAMS 0x0000000088900000| PB 0x0000000088900000| Complete 
|  96|0x0000000088a00000, 0x0000000088b00000, 0x0000000088b00000|100%| E|CS|TAMS 0x0000000088a00000| PB 0x0000000088a00000| Complete 
|  97|0x0000000088b00000, 0x0000000088c00000, 0x0000000088c00000|100%| E|CS|TAMS 0x0000000088b00000| PB 0x0000000088b00000| Complete 
|  98|0x0000000088c00000, 0x0000000088d00000, 0x0000000088d00000|100%| E|CS|TAMS 0x0000000088c00000| PB 0x0000000088c00000| Complete 
|  99|0x0000000088d00000, 0x0000000088e00000, 0x0000000088e00000|100%| E|CS|TAMS 0x0000000088d00000| PB 0x0000000088d00000| Complete 
| 100|0x0000000088e00000, 0x0000000088f00000, 0x0000000088f00000|100%| E|CS|TAMS 0x0000000088e00000| PB 0x0000000088e00000| Complete 
| 101|0x0000000088f00000, 0x0000000089000000, 0x0000000089000000|100%| E|CS|TAMS 0x0000000088f00000| PB 0x0000000088f00000| Complete 
| 102|0x0000000089000000, 0x0000000089100000, 0x0000000089100000|100%| E|CS|TAMS 0x0000000089000000| PB 0x0000000089000000| Complete 
| 103|0x0000000089100000, 0x0000000089200000, 0x0000000089200000|100%| E|CS|TAMS 0x0000000089100000| PB 0x0000000089100000| Complete 
| 104|0x0000000089200000, 0x0000000089300000, 0x0000000089300000|100%| E|CS|TAMS 0x0000000089200000| PB 0x0000000089200000| Complete 
| 105|0x0000000089300000, 0x0000000089400000, 0x0000000089400000|100%| E|CS|TAMS 0x0000000089300000| PB 0x0000000089300000| Complete 
| 106|0x0000000089400000, 0x0000000089500000, 0x0000000089500000|100%| E|CS|TAMS 0x0000000089400000| PB 0x0000000089400000| Complete 
| 107|0x0000000089500000, 0x0000000089600000, 0x0000000089600000|100%| E|CS|TAMS 0x0000000089500000| PB 0x0000000089500000| Complete 
| 108|0x0000000089600000, 0x0000000089700000, 0x0000000089700000|100%| E|CS|TAMS 0x0000000089600000| PB 0x0000000089600000| Complete 
| 109|0x0000000089700000, 0x0000000089800000, 0x0000000089800000|100%| E|CS|TAMS 0x0000000089700000| PB 0x0000000089700000| Complete 
| 110|0x0000000089800000, 0x0000000089900000, 0x0000000089900000|100%| E|CS|TAMS 0x0000000089800000| PB 0x0000000089800000| Complete 
| 111|0x0000000089900000, 0x0000000089a00000, 0x0000000089a00000|100%| E|CS|TAMS 0x0000000089900000| PB 0x0000000089900000| Complete 
| 112|0x0000000089a00000, 0x0000000089b00000, 0x0000000089b00000|100%| E|CS|TAMS 0x0000000089a00000| PB 0x0000000089a00000| Complete 
| 113|0x0000000089b00000, 0x0000000089c00000, 0x0000000089c00000|100%| E|CS|TAMS 0x0000000089b00000| PB 0x0000000089b00000| Complete 
| 114|0x0000000089c00000, 0x0000000089d00000, 0x0000000089d00000|100%| E|CS|TAMS 0x0000000089c00000| PB 0x0000000089c00000| Complete 
| 115|0x0000000089d00000, 0x0000000089e00000, 0x0000000089e00000|100%| E|CS|TAMS 0x0000000089d00000| PB 0x0000000089d00000| Complete 
| 116|0x0000000089e00000, 0x0000000089f00000, 0x0000000089f00000|100%| E|CS|TAMS 0x0000000089e00000| PB 0x0000000089e00000| Complete 
| 117|0x0000000089f00000, 0x000000008a000000, 0x000000008a000000|100%| E|CS|TAMS 0x0000000089f00000| PB 0x0000000089f00000| Complete 
| 118|0x000000008a000000, 0x000000008a100000, 0x000000008a100000|100%| E|CS|TAMS 0x000000008a000000| PB 0x000000008a000000| Complete 
| 119|0x000000008a100000, 0x000000008a200000, 0x000000008a200000|100%| E|CS|TAMS 0x000000008a100000| PB 0x000000008a100000| Complete 
| 120|0x000000008a200000, 0x000000008a300000, 0x000000008a300000|100%| E|CS|TAMS 0x000000008a200000| PB 0x000000008a200000| Complete 
| 121|0x000000008a300000, 0x000000008a400000, 0x000000008a400000|100%| E|CS|TAMS 0x000000008a300000| PB 0x000000008a300000| Complete 
| 122|0x000000008a400000, 0x000000008a500000, 0x000000008a500000|100%| E|CS|TAMS 0x000000008a400000| PB 0x000000008a400000| Complete 
| 123|0x000000008a500000, 0x000000008a600000, 0x000000008a600000|100%| E|CS|TAMS 0x000000008a500000| PB 0x000000008a500000| Complete 
| 124|0x000000008a600000, 0x000000008a700000, 0x000000008a700000|100%| E|CS|TAMS 0x000000008a600000| PB 0x000000008a600000| Complete 
| 125|0x000000008a700000, 0x000000008a800000, 0x000000008a800000|100%| E|CS|TAMS 0x000000008a700000| PB 0x000000008a700000| Complete 

Card table byte_map: [0x000001436a280000,0x000001436a670000] _byte_map_base: 0x0000014369e6b000

Marking Bits: (CMBitMap*) 0x0000014352704a40
 Bits: [0x000001436a670000, 0x000001436c5c8000)

Polling page: 0x0000014350670000

Metaspace:

Usage:
  Non-class:     13.48 MB used.
      Class:      1.78 MB used.
       Both:     15.26 MB used.

Virtual space:
  Non-class space:       64.00 MB reserved,      13.62 MB ( 21%) committed,  1 nodes.
      Class space:        1.00 GB reserved,       1.88 MB ( <1%) committed,  1 nodes.
             Both:        1.06 GB reserved,      15.50 MB (  1%) committed. 

Chunk freelists:
   Non-Class:  1.89 MB
       Class:  13.95 MB
        Both:  15.84 MB

MaxMetaspaceSize: unlimited
CompressedClassSpaceSize: 1.00 GB
Initial GC threshold: 21.00 MB
Current GC threshold: 21.00 MB
CDS: on
 - commit_granule_bytes: 65536.
 - commit_granule_words: 8192.
 - virtual_space_node_default_size: 8388608.
 - enlarge_chunks_in_place: 1.
 - use_allocation_guard: 0.


Internal statistics:

num_allocs_failed_limit: 0.
num_arena_births: 136.
num_arena_deaths: 0.
num_vsnodes_births: 2.
num_vsnodes_deaths: 0.
num_space_committed: 248.
num_space_uncommitted: 0.
num_chunks_returned_to_freelist: 0.
num_chunks_taken_from_freelist: 678.
num_chunk_merges: 0.
num_chunk_splits: 463.
num_chunks_enlarged: 369.
num_inconsistent_stats: 0.

CodeHeap 'non-profiled nmethods': size=120000Kb used=1729Kb max_used=1729Kb free=118271Kb
 bounds [0x0000014362630000, 0x00000143628a0000, 0x0000014369b60000]
CodeHeap 'profiled nmethods': size=120000Kb used=7535Kb max_used=7535Kb free=112464Kb
 bounds [0x000001435ab60000, 0x000001435b2c0000, 0x0000014362090000]
CodeHeap 'non-nmethods': size=5760Kb used=1390Kb max_used=1455Kb free=4369Kb
 bounds [0x0000014362090000, 0x0000014362300000, 0x0000014362630000]
 total_blobs=4181 nmethods=3697 adapters=388
 compilation: enabled
              stopped_count=0, restarted_count=0
 full_count=0

Compilation events (20 events):
Event: 1.601 Thread 0x000001436f017110 3648       3       org.apache.maven.model.ModelBase::getLocation (366 bytes)
Event: 1.601 Thread 0x000001437406e6a0 3654       4       java.util.regex.Pattern$$Lambda/0x800000032::is (9 bytes)
Event: 1.601 Thread 0x000001436f017110 nmethod 3648 0x000001435b29aa10 code [0x000001435b29ad40, 0x000001435b29c050]
Event: 1.601 Thread 0x000001436f017110 3649       1       org.apache.maven.model.Resource::getTargetPath (5 bytes)
Event: 1.601 Thread 0x000001436f017110 nmethod 3649 0x00000143627dae10 code [0x00000143627dafa0, 0x00000143627db068]
Event: 1.601 Thread 0x000001436f017110 3651       1       org.apache.maven.model.building.DefaultModelBuildingRequest::isProcessPlugins (5 bytes)
Event: 1.601 Thread 0x000001436f017110 nmethod 3651 0x00000143627db110 code [0x00000143627db2a0, 0x00000143627db370]
Event: 1.601 Thread 0x000001436f017110 3652       1       org.apache.maven.model.building.DefaultModelBuildingResult::getEffectiveModel (5 bytes)
Event: 1.601 Thread 0x000001436f017110 nmethod 3652 0x00000143627db410 code [0x00000143627db5a0, 0x00000143627db668]
Event: 1.601 Thread 0x000001436f017110 3653       1       org.apache.maven.model.building.DefaultModelBuildingRequest::getPomFile (5 bytes)
Event: 1.602 Thread 0x000001436f017110 nmethod 3653 0x00000143627db710 code [0x00000143627db8a0, 0x00000143627db968]
Event: 1.602 Thread 0x000001437406e6a0 nmethod 3654 0x00000143627dba10 code [0x00000143627dbbc0, 0x00000143627dbd38]
Event: 1.603 Thread 0x000001437406e6a0 3655       4       jdk.internal.misc.InternalLock::lock (8 bytes)
Event: 1.603 Thread 0x000001436f017110 3656   !   3       org.apache.maven.model.RepositoryPolicy::clone (73 bytes)
Event: 1.604 Thread 0x000001436f017110 nmethod 3656 0x000001435b29c310 code [0x000001435b29c5e0, 0x000001435b29d310]
Event: 1.604 Thread 0x000001436f017110 3658       3       org.apache.maven.model.validation.DefaultModelValidator::validateEffectiveDependencies (290 bytes)
Event: 1.604 Thread 0x000001437406e6a0 nmethod 3655 0x00000143627dbe90 code [0x00000143627dc020, 0x00000143627dc238]
Event: 1.604 Thread 0x000001437406e6a0 3657       4       java.util.HashMap::putVal (300 bytes)
Event: 1.604 Thread 0x000001436f017110 nmethod 3658 0x000001435b29d890 code [0x000001435b29dc60, 0x000001435b29fcb8]
Event: 1.604 Thread 0x000001436f017110 3661       3       org.apache.maven.repository.internal.ArtifactDescriptorReaderDelegate::convert (205 bytes)

GC Heap History (4 events):
Event: 0.453 GC heap before
{Heap before GC invocations=0 (full 0):
 garbage-first heap   total 129024K, used 23552K [0x0000000082a00000, 0x0000000100000000)
  region size 1024K, 23 young (23552K), 0 survivors (0K)
 Metaspace       used 5580K, committed 5760K, reserved 1114112K
  class space    used 642K, committed 768K, reserved 1048576K
}
Event: 0.456 GC heap after
{Heap after GC invocations=1 (full 0):
 garbage-first heap   total 129024K, used 3898K [0x0000000082a00000, 0x0000000100000000)
  region size 1024K, 3 young (3072K), 3 survivors (3072K)
 Metaspace       used 5580K, committed 5760K, reserved 1114112K
  class space    used 642K, committed 768K, reserved 1048576K
}
Event: 0.822 GC heap before
{Heap before GC invocations=1 (full 0):
 garbage-first heap   total 129024K, used 35642K [0x0000000082a00000, 0x0000000100000000)
  region size 1024K, 34 young (34816K), 3 survivors (3072K)
 Metaspace       used 9576K, committed 9792K, reserved 1114112K
  class space    used 1122K, committed 1216K, reserved 1048576K
}
Event: 0.826 GC heap after
{Heap after GC invocations=2 (full 0):
 garbage-first heap   total 129024K, used 5545K [0x0000000082a00000, 0x0000000100000000)
  region size 1024K, 2 young (2048K), 2 survivors (2048K)
 Metaspace       used 9576K, committed 9792K, reserved 1114112K
  class space    used 1122K, committed 1216K, reserved 1048576K
}

Dll operation events (8 events):
Event: 0.003 Loaded shared library C:\Program Files\Java\jdk-21\bin\java.dll
Event: 0.024 Loaded shared library C:\Program Files\Java\jdk-21\bin\jsvml.dll
Event: 0.035 Loaded shared library C:\Program Files\Java\jdk-21\bin\net.dll
Event: 0.036 Loaded shared library C:\Program Files\Java\jdk-21\bin\nio.dll
Event: 0.039 Loaded shared library C:\Program Files\Java\jdk-21\bin\zip.dll
Event: 0.144 Loaded shared library C:\Program Files\Java\jdk-21\bin\jimage.dll
Event: 0.146 Loaded shared library C:\Users\marcosjesus.suarez\.m2\wrapper\dists\apache-maven-3.9.14\ed7edd442f634ac1c1ef5ba2b61b6d690b5221091f1a8e1123f5fadcc967520d\lib\jansi-native\Windows\x86_64\jansi.dll
Event: 0.154 Loaded shared library C:\Program Files\Java\jdk-21\bin\verify.dll

Deoptimization events (20 events):
Event: 1.545 Thread 0x00000143504d1fd0 DEOPT PACKING pc=0x00000143627b5f60 sp=0x0000003de6ffca00
Event: 1.545 Thread 0x00000143504d1fd0 DEOPT UNPACKING pc=0x00000143620e46a2 sp=0x0000003de6ffc948 mode 2
Event: 1.545 Thread 0x00000143504d1fd0 Uncommon trap: trap_request=0xffffff45 fr.pc=0x000001436277da90 relative=0x0000000000000070
Event: 1.545 Thread 0x00000143504d1fd0 Uncommon trap: reason=unstable_if action=reinterpret pc=0x000001436277da90 method=org.codehaus.plexus.util.xml.pull.MXParser.isValidCodePoint(I)Z @ 15 c2
Event: 1.545 Thread 0x00000143504d1fd0 DEOPT PACKING pc=0x000001436277da90 sp=0x0000003de6ffc9b0
Event: 1.545 Thread 0x00000143504d1fd0 DEOPT UNPACKING pc=0x00000143620e46a2 sp=0x0000003de6ffc948 mode 2
Event: 1.545 Thread 0x00000143504d1fd0 Uncommon trap: trap_request=0xffffff45 fr.pc=0x00000143627877fc relative=0x000000000000053c
Event: 1.545 Thread 0x00000143504d1fd0 Uncommon trap: reason=unstable_if action=reinterpret pc=0x00000143627877fc method=org.codehaus.plexus.util.xml.pull.MXParser.isValidCodePoint(I)Z @ 15 c2
Event: 1.545 Thread 0x00000143504d1fd0 DEOPT PACKING pc=0x00000143627877fc sp=0x0000003de6ffca00
Event: 1.545 Thread 0x00000143504d1fd0 DEOPT UNPACKING pc=0x00000143620e46a2 sp=0x0000003de6ffc948 mode 2
Event: 1.546 Thread 0x00000143504d1fd0 Uncommon trap: trap_request=0xffffff45 fr.pc=0x00000143627b911c relative=0x000000000000165c
Event: 1.546 Thread 0x00000143504d1fd0 Uncommon trap: reason=unstable_if action=reinterpret pc=0x00000143627b911c method=org.codehaus.plexus.util.xml.pull.MXParser.nextImpl()I @ 280 c2
Event: 1.546 Thread 0x00000143504d1fd0 DEOPT PACKING pc=0x00000143627b911c sp=0x0000003de6ffc7e0
Event: 1.546 Thread 0x00000143504d1fd0 DEOPT UNPACKING pc=0x00000143620e46a2 sp=0x0000003de6ffc788 mode 2
Event: 1.574 Thread 0x00000143504d1fd0 Uncommon trap: trap_request=0xffffff45 fr.pc=0x0000014362773d44 relative=0x0000000000000584
Event: 1.574 Thread 0x00000143504d1fd0 Uncommon trap: reason=unstable_if action=reinterpret pc=0x0000014362773d44 method=java.lang.String.indexOf(Ljava/lang/String;)I @ 10 c2
Event: 1.574 Thread 0x00000143504d1fd0 DEOPT PACKING pc=0x0000014362773d44 sp=0x0000003de6ffcb30
Event: 1.574 Thread 0x00000143504d1fd0 DEOPT UNPACKING pc=0x00000143620e46a2 sp=0x0000003de6ffc9f0 mode 2
Event: 1.577 Thread 0x00000143504d1fd0 DEOPT PACKING pc=0x000001435b0fda2c sp=0x0000003de6ffc190
Event: 1.577 Thread 0x00000143504d1fd0 DEOPT UNPACKING pc=0x00000143620e4e42 sp=0x0000003de6ffb6e8 mode 0

Classes loaded (20 events):
Event: 1.226 Loading class sun/util/resources/Bundles$2
Event: 1.226 Loading class sun/util/resources/Bundles$2 done
Event: 1.245 Loading class java/util/StringTokenizer
Event: 1.245 Loading class java/util/StringTokenizer done
Event: 1.254 Loading class sun/invoke/util/ValueConversions$1
Event: 1.254 Loading class sun/invoke/util/ValueConversions$1 done
Event: 1.255 Loading class java/lang/invoke/BoundMethodHandle$Species_LI
Event: 1.255 Loading class java/lang/invoke/BoundMethodHandle$Species_LI done
Event: 1.290 Loading class java/util/stream/Streams$RangeIntSpliterator
Event: 1.290 Loading class java/util/stream/Streams$RangeIntSpliterator done
Event: 1.460 Loading class java/util/stream/MatchOps$MatchKind
Event: 1.460 Loading class java/util/stream/MatchOps$MatchKind done
Event: 1.460 Loading class java/util/stream/MatchOps
Event: 1.460 Loading class java/util/stream/MatchOps done
Event: 1.460 Loading class java/util/stream/MatchOps$MatchOp
Event: 1.460 Loading class java/util/stream/MatchOps$MatchOp done
Event: 1.461 Loading class java/util/stream/MatchOps$BooleanTerminalSink
Event: 1.461 Loading class java/util/stream/MatchOps$BooleanTerminalSink done
Event: 1.461 Loading class java/util/stream/MatchOps$1MatchSink
Event: 1.461 Loading class java/util/stream/MatchOps$1MatchSink done

Classes unloaded (0 events):
No events

Classes redefined (0 events):
No events

Internal exceptions (20 events):
Event: 0.410 Thread 0x00000143504d1fd0 Exception <a 'java/lang/NoSuchMethodError'{0x000000008943e8c8}: 'int java.lang.invoke.DirectMethodHandle$Holder.invokeStaticInit(java.lang.Object, java.lang.Object)'> (0x000000008943e8c8) 
thrown [s\open\src\hotspot\share\interpreter\linkResolver.cpp, line 773]
Event: 0.414 Thread 0x00000143504d1fd0 Exception <a 'java/lang/NoClassDefFoundError'{0x0000000089478308}: javax/enterprise/inject/Typed> (0x0000000089478308) 
thrown [s\open\src\hotspot\share\classfile\systemDictionary.cpp, line 301]
Event: 0.897 Thread 0x00000143504d1fd0 Exception <a 'java/lang/NoSuchMethodError'{0x000000008a276e10}: 'void java.lang.invoke.DirectMethodHandle$Holder.invokeStaticInit(java.lang.Object, java.lang.Object, java.lang.Object)'> (0x000000008a276e10) 
thrown [s\open\src\hotspot\share\interpreter\linkResolver.cpp, line 773]
Event: 0.905 Thread 0x00000143504d1fd0 Implicit null exception at 0x00000143626e5860 to 0x00000143626e5a64
Event: 0.906 Thread 0x00000143504d1fd0 Exception <a 'java/lang/NoSuchMethodError'{0x000000008a2eafd0}: 'java.lang.Object java.lang.invoke.Invokers$Holder.invokeExact_MT(java.lang.Object, int, java.lang.Object)'> (0x000000008a2eafd0) 
thrown [s\open\src\hotspot\share\interpreter\linkResolver.cpp, line 773]
Event: 1.035 Thread 0x00000143504d1fd0 Exception <a 'java/lang/NoSuchMethodError'{0x0000000089946f30}: 'void java.lang.invoke.Invokers$Holder.invokeExact_MT(java.lang.Object, java.lang.Object, java.lang.Object, java.lang.Object)'> (0x0000000089946f30) 
thrown [s\open\src\hotspot\share\interpreter\linkResolver.cpp, line 773]
Event: 1.046 Thread 0x00000143504d1fd0 Exception <a 'java/lang/NoClassDefFoundError'{0x00000000899dc008}: com/google/inject/servlet/ServletModuleTargetVisitor> (0x00000000899dc008) 
thrown [s\open\src\hotspot\share\classfile\systemDictionary.cpp, line 301]
Event: 1.118 Thread 0x00000143504d1fd0 Exception <a 'java/lang/NoSuchMethodError'{0x0000000089649210}: 'java.lang.Object java.lang.invoke.DirectMethodHandle$Holder.invokeStaticInit(java.lang.Object, int, int, int, int)'> (0x0000000089649210) 
thrown [s\open\src\hotspot\share\interpreter\linkResolver.cpp, line 773]
Event: 1.173 Thread 0x00000143504d1fd0 Implicit null exception at 0x000001436265fa24 to 0x00000143626600bc
Event: 1.173 Thread 0x00000143504d1fd0 Implicit null exception at 0x000001436265c5a0 to 0x000001436265cc3c
Event: 1.199 Thread 0x00000143504d1fd0 Exception <a 'java/lang/NoSuchMethodError'{0x0000000089139388}: 'void java.lang.invoke.DirectMethodHandle$Holder.invokeSpecial(java.lang.Object, java.lang.Object, java.lang.Object, java.lang.Object, java.lang.Object)'> (0x0000000089139388) 
thrown [s\open\src\hotspot\share\interpreter\linkResolver.cpp, line 773]
Event: 1.201 Thread 0x00000143504d1fd0 Exception <a 'java/lang/NoSuchMethodError'{0x0000000089153600}: 'void java.lang.invoke.DirectMethodHandle$Holder.invokeSpecial(java.lang.Object, java.lang.Object, java.lang.Object, java.lang.Object, java.lang.Object, java.lang.Object)'> (0x0000000089153600) 
thrown [s\open\src\hotspot\share\interpreter\linkResolver.cpp, line 773]
Event: 1.211 Thread 0x00000143504d1fd0 Exception <a 'java/lang/NoSuchMethodError'{0x0000000089098820}: 'java.lang.Object java.lang.invoke.DirectMethodHandle$Holder.invokeVirtual(java.lang.Object, java.lang.Object, java.lang.Object)'> (0x0000000089098820) 
thrown [s\open\src\hotspot\share\interpreter\linkResolver.cpp, line 773]
Event: 1.254 Thread 0x00000143504d1fd0 Exception <a 'java/lang/NoSuchMethodError'{0x0000000088e8a870}: 'void java.lang.invoke.DirectMethodHandle$Holder.invokeVirtual(java.lang.Object, java.lang.Object, int)'> (0x0000000088e8a870) 
thrown [s\open\src\hotspot\share\interpreter\linkResolver.cpp, line 773]
Event: 1.254 Thread 0x00000143504d1fd0 Exception <a 'java/lang/NoSuchMethodError'{0x0000000088e8e9d8}: 'int java.lang.invoke.DirectMethodHandle$Holder.invokeSpecial(java.lang.Object, java.lang.Object, java.lang.Object, int)'> (0x0000000088e8e9d8) 
thrown [s\open\src\hotspot\share\interpreter\linkResolver.cpp, line 773]
Event: 1.255 Thread 0x00000143504d1fd0 Exception <a 'java/lang/NoSuchMethodError'{0x0000000088ea10c0}: 'java.lang.Object java.lang.invoke.DirectMethodHandle$Holder.invokeStatic(java.lang.Object, java.lang.Object, java.lang.Object, java.lang.Object, int)'> (0x0000000088ea10c0) 
thrown [s\open\src\hotspot\share\interpreter\linkResolver.cpp, line 773]
Event: 1.256 Thread 0x00000143504d1fd0 Exception <a 'java/lang/NoSuchMethodError'{0x0000000088ea8ec0}: 'void java.lang.invoke.DirectMethodHandle$Holder.invokeSpecial(java.lang.Object, java.lang.Object, java.lang.Object, int)'> (0x0000000088ea8ec0) 
thrown [s\open\src\hotspot\share\interpreter\linkResolver.cpp, line 773]
Event: 1.256 Thread 0x00000143504d1fd0 Exception <a 'java/lang/NoSuchMethodError'{0x0000000088eac590}: 'void java.lang.invoke.DelegatingMethodHandle$Holder.reinvoke_L(java.lang.Object, java.lang.Object, int)'> (0x0000000088eac590) 
thrown [s\open\src\hotspot\share\interpreter\linkResolver.cpp, line 773]
Event: 1.516 Thread 0x00000143504d1fd0 Exception <a 'java/lang/NoSuchMethodError'{0x0000000087379a58}: 'void java.lang.invoke.DirectMethodHandle$Holder.invokeStatic(java.lang.Object, java.lang.Object, java.lang.Object, java.lang.Object)'> (0x0000000087379a58) 
thrown [s\open\src\hotspot\share\interpreter\linkResolver.cpp, line 773]
Event: 1.518 Thread 0x00000143504d1fd0 Exception <a 'java/lang/NoSuchMethodError'{0x0000000087392b70}: 'int java.lang.invoke.DirectMethodHandle$Holder.invokeSpecialIFC(java.lang.Object, java.lang.Object, java.lang.Object, java.lang.Object)'> (0x0000000087392b70) 
thrown [s\open\src\hotspot\share\interpreter\linkResolver.cpp, line 773]

ZGC Phase Switch (0 events):
No events

VM Operations (20 events):
Event: 0.964 Executing VM operation: HandshakeAllThreads (Deoptimize)
Event: 0.964 Executing VM operation: HandshakeAllThreads (Deoptimize) done
Event: 1.018 Executing VM operation: ICBufferFull
Event: 1.019 Executing VM operation: ICBufferFull done
Event: 1.032 Executing VM operation: HandshakeAllThreads (Deoptimize)
Event: 1.032 Executing VM operation: HandshakeAllThreads (Deoptimize) done
Event: 1.083 Executing VM operation: HandshakeAllThreads (Deoptimize)
Event: 1.083 Executing VM operation: HandshakeAllThreads (Deoptimize) done
Event: 1.098 Executing VM operation: HandshakeAllThreads (Deoptimize)
Event: 1.098 Executing VM operation: HandshakeAllThreads (Deoptimize) done
Event: 1.127 Executing VM operation: HandshakeAllThreads (Deoptimize)
Event: 1.127 Executing VM operation: HandshakeAllThreads (Deoptimize) done
Event: 1.154 Executing VM operation: HandshakeAllThreads (Deoptimize)
Event: 1.154 Executing VM operation: HandshakeAllThreads (Deoptimize) done
Event: 1.155 Executing VM operation: HandshakeAllThreads (Deoptimize)
Event: 1.155 Executing VM operation: HandshakeAllThreads (Deoptimize) done
Event: 1.245 Executing VM operation: ICBufferFull
Event: 1.245 Executing VM operation: ICBufferFull done
Event: 1.416 Executing VM operation: ICBufferFull
Event: 1.416 Executing VM operation: ICBufferFull done

Events (16 events):
Event: 0.014 Thread 0x00000143504d1fd0 Thread added: 0x00000143504d1fd0
Event: 0.023 Thread 0x000001436efe48c0 Thread added: 0x000001436efe48c0
Event: 0.023 Thread 0x000001436efe6490 Thread added: 0x000001436efe6490
Event: 0.023 Thread 0x000001436efe7700 Thread added: 0x000001436efe7700
Event: 0.023 Thread 0x000001436efe83e0 Thread added: 0x000001436efe83e0
Event: 0.023 Thread 0x000001436efe8e40 Thread added: 0x000001436efe8e40
Event: 0.023 Thread 0x000001436efe98a0 Thread added: 0x000001436efe98a0
Event: 0.023 Thread 0x000001436eff4650 Thread added: 0x000001436eff4650
Event: 0.023 Thread 0x000001436f017110 Thread added: 0x000001436f017110
Event: 0.032 Thread 0x000001436f277c80 Thread added: 0x000001436f277c80
Event: 0.033 Thread 0x000001436f27d910 Thread added: 0x000001436f27d910
Event: 0.143 Thread 0x000001436f6523f0 Thread added: 0x000001436f6523f0
Event: 0.148 Thread 0x000001436f6523f0 Thread exited: 0x000001436f6523f0
Event: 0.212 Thread 0x000001436f7afac0 Thread added: 0x000001436f7afac0
Event: 0.440 Thread 0x000001437406e6a0 Thread added: 0x000001437406e6a0
Event: 1.137 Thread 0x00000143741e3710 Thread added: 0x00000143741e3710


Dynamic libraries:
0x00007ff650b50000 - 0x00007ff650b60000 	C:\Program Files\Java\jdk-21\bin\java.exe
0x00007ff9814b0000 - 0x00007ff9816a8000 	C:\Windows\SYSTEM32\ntdll.dll
0x00007ff97f4d0000 - 0x00007ff97f592000 	C:\Windows\System32\KERNEL32.DLL
0x00007ff97ed40000 - 0x00007ff97f036000 	C:\Windows\System32\KERNELBASE.dll
0x00007ff97f230000 - 0x00007ff97f330000 	C:\Windows\System32\ucrtbase.dll
0x00007ff9754b0000 - 0x00007ff9754cb000 	C:\Program Files\Java\jdk-21\bin\VCRUNTIME140.dll
0x00007ff975490000 - 0x00007ff9754a9000 	C:\Program Files\Java\jdk-21\bin\jli.dll
0x00007ff980e90000 - 0x00007ff980f41000 	C:\Windows\System32\ADVAPI32.dll
0x00007ff980850000 - 0x00007ff9808ee000 	C:\Windows\System32\msvcrt.dll
0x00007ff980df0000 - 0x00007ff980e8f000 	C:\Windows\System32\sechost.dll
0x00007ff980c00000 - 0x00007ff980d20000 	C:\Windows\System32\RPCRT4.dll
0x00007ff97eb70000 - 0x00007ff97eb97000 	C:\Windows\System32\bcrypt.dll
0x00007ff980640000 - 0x00007ff9807e1000 	C:\Windows\System32\USER32.dll
0x00007ff97eb40000 - 0x00007ff97eb62000 	C:\Windows\System32\win32u.dll
0x00007ff954340000 - 0x00007ff9545db000 	C:\Windows\WinSxS\amd64_microsoft.windows.common-controls_6595b64144ccf1df_6.0.19041.6456_none_60b8a6cb71f64256\COMCTL32.dll
0x00007ff981440000 - 0x00007ff98146b000 	C:\Windows\System32\GDI32.dll
0x00007ff97eba0000 - 0x00007ff97ecb9000 	C:\Windows\System32\gdi32full.dll
0x00007ff97f3e0000 - 0x00007ff97f47d000 	C:\Windows\System32\msvcp_win.dll
0x00007ff97aa60000 - 0x00007ff97aa6a000 	C:\Windows\SYSTEM32\VERSION.dll
0x00007ff980a20000 - 0x00007ff980a4f000 	C:\Windows\System32\IMM32.DLL
0x00007ff975ba0000 - 0x00007ff975bac000 	C:\Program Files\Java\jdk-21\bin\vcruntime140_1.dll
0x00007ff941c70000 - 0x00007ff941cfe000 	C:\Program Files\Java\jdk-21\bin\msvcp140.dll
0x00007ff92c1b0000 - 0x00007ff92cecd000 	C:\Program Files\Java\jdk-21\bin\server\jvm.dll
0x00007ff980d20000 - 0x00007ff980d8b000 	C:\Windows\System32\WS2_32.dll
0x00007ff97e9a0000 - 0x00007ff97e9eb000 	C:\Windows\SYSTEM32\POWRPROF.dll
0x00007ff96c060000 - 0x00007ff96c087000 	C:\Windows\SYSTEM32\WINMM.dll
0x00007ff97e980000 - 0x00007ff97e992000 	C:\Windows\SYSTEM32\UMPDC.dll
0x00007ff97c7b0000 - 0x00007ff97c7c2000 	C:\Windows\SYSTEM32\kernel.appcore.dll
0x00007ff975220000 - 0x00007ff97522a000 	C:\Program Files\Java\jdk-21\bin\jimage.dll
0x00007ff96ca70000 - 0x00007ff96cc71000 	C:\Windows\SYSTEM32\DBGHELP.DLL
0x00007ff9694c0000 - 0x00007ff9694f4000 	C:\Windows\SYSTEM32\dbgcore.DLL
0x00007ff97f040000 - 0x00007ff97f0c2000 	C:\Windows\System32\bcryptPrimitives.dll
0x00007ff974610000 - 0x00007ff97462f000 	C:\Program Files\Java\jdk-21\bin\java.dll
0x00007ff97f5b0000 - 0x00007ff97fd20000 	C:\Windows\System32\SHELL32.dll
0x00007ff97c9b0000 - 0x00007ff97d155000 	C:\Windows\SYSTEM32\windows.storage.dll
0x00007ff980f50000 - 0x00007ff9812a4000 	C:\Windows\System32\combase.dll
0x00007ff97e3b0000 - 0x00007ff97e3db000 	C:\Windows\SYSTEM32\Wldp.dll
0x00007ff97fea0000 - 0x00007ff97ff6d000 	C:\Windows\System32\OLEAUT32.dll
0x00007ff97fff0000 - 0x00007ff98009d000 	C:\Windows\System32\SHCORE.dll
0x00007ff9807f0000 - 0x00007ff98084b000 	C:\Windows\System32\shlwapi.dll
0x00007ff97ea70000 - 0x00007ff97ea94000 	C:\Windows\SYSTEM32\profapi.dll
0x00007ff92df70000 - 0x00007ff92e047000 	C:\Program Files\Java\jdk-21\bin\jsvml.dll
0x00007ff975210000 - 0x00007ff975220000 	C:\Program Files\Java\jdk-21\bin\net.dll
0x00007ff97ac40000 - 0x00007ff97ad4a000 	C:\Windows\SYSTEM32\WINHTTP.dll
0x00007ff97e190000 - 0x00007ff97e1fa000 	C:\Windows\system32\mswsock.dll
0x00007ff958ec0000 - 0x00007ff958ed6000 	C:\Program Files\Java\jdk-21\bin\nio.dll
0x00007ff958e00000 - 0x00007ff958e18000 	C:\Program Files\Java\jdk-21\bin\zip.dll
0x00007ff951dc0000 - 0x00007ff951de4000 	C:\Users\marcosjesus.suarez\.m2\wrapper\dists\apache-maven-3.9.14\ed7edd442f634ac1c1ef5ba2b61b6d690b5221091f1a8e1123f5fadcc967520d\lib\jansi-native\Windows\x86_64\jansi.dll
0x00007ff967ab0000 - 0x00007ff967ac0000 	C:\Program Files\Java\jdk-21\bin\verify.dll

dbghelp: loaded successfully - version: 4.0.5 - missing functions: none
symbol engine: initialized successfully - sym options: 0x614 - pdb path: .;C:\Program Files\Java\jdk-21\bin;C:\Windows\SYSTEM32;C:\Windows\WinSxS\amd64_microsoft.windows.common-controls_6595b64144ccf1df_6.0.19041.6456_none_60b8a6cb71f64256;C:\Program Files\Java\jdk-21\bin\server;C:\Users\marcosjesus.suarez\.m2\wrapper\dists\apache-maven-3.9.14\ed7edd442f634ac1c1ef5ba2b61b6d690b5221091f1a8e1123f5fadcc967520d\lib\jansi-native\Windows\x86_64

VM Arguments:
jvm_args: --enable-native-access=ALL-UNNAMED -Dclassworlds.conf=C:\Users\marcosjesus.suarez\.m2\wrapper\dists\apache-maven-3.9.14\ed7edd442f634ac1c1ef5ba2b61b6d690b5221091f1a8e1123f5fadcc967520d\bin\m2.conf -Dmaven.home=C:\Users\marcosjesus.suarez\.m2\wrapper\dists\apache-maven-3.9.14\ed7edd442f634ac1c1ef5ba2b61b6d690b5221091f1a8e1123f5fadcc967520d -Dlibrary.jansi.path=C:\Users\marcosjesus.suarez\.m2\wrapper\dists\apache-maven-3.9.14\ed7edd442f634ac1c1ef5ba2b61b6d690b5221091f1a8e1123f5fadcc967520d\lib\jansi-native -Dmaven.multiModuleProjectDirectory=C:\Users\marcosjesus.suarez\Desktop\Proyecto-intermodular-unido\Proyecto-Intermodular-Unido\Proyecto-Final-Multiplataforma-BackApi-master 
java_command: org.codehaus.plexus.classworlds.launcher.Launcher compile
java_class_path (initial): C:\Users\marcosjesus.suarez\.m2\wrapper\dists\apache-maven-3.9.14\ed7edd442f634ac1c1ef5ba2b61b6d690b5221091f1a8e1123f5fadcc967520d\boot\plexus-classworlds-2.9.0.jar
Launcher Type: SUN_STANDARD

[Global flags]
     intx CICompilerCount                          = 4                                         {product} {ergonomic}
     uint ConcGCThreads                            = 2                                         {product} {ergonomic}
     uint G1ConcRefinementThreads                  = 8                                         {product} {ergonomic}
   size_t G1HeapRegionSize                         = 1048576                                   {product} {ergonomic}
    uintx GCDrainStackTargetSize                   = 64                                        {product} {ergonomic}
   size_t InitialHeapSize                          = 132120576                                 {product} {ergonomic}
   size_t MarkStackSize                            = 4194304                                   {product} {ergonomic}
   size_t MaxHeapSize                              = 2103443456                                {product} {ergonomic}
   size_t MaxNewSize                               = 1261436928                                {product} {ergonomic}
   size_t MinHeapDeltaBytes                        = 1048576                                   {product} {ergonomic}
   size_t MinHeapSize                              = 8388608                                   {product} {ergonomic}
    uintx NonNMethodCodeHeapSize                   = 5839372                                {pd product} {ergonomic}
    uintx NonProfiledCodeHeapSize                  = 122909434                              {pd product} {ergonomic}
    uintx ProfiledCodeHeapSize                     = 122909434                              {pd product} {ergonomic}
    uintx ReservedCodeCacheSize                    = 251658240                              {pd product} {ergonomic}
     bool SegmentedCodeCache                       = true                                      {product} {ergonomic}
   size_t SoftMaxHeapSize                          = 2103443456                             {manageable} {ergonomic}
     bool UseCompressedOops                        = true                           {product lp64_product} {ergonomic}
     bool UseG1GC                                  = true                                      {product} {ergonomic}
     bool UseLargePagesIndividualAllocation        = false                                  {pd product} {ergonomic}

Logging:
Log output configuration:
 #0: stdout all=warning uptime,level,tags foldmultilines=false
 #1: stderr all=off uptime,level,tags foldmultilines=false

Environment Variables:
PATH=C:\Program Files\Common Files\Oracle\Java\javapath;C:\Program Files (x86)\VMware\VMware Workstation\bin\;C:\Windows\system32;C:\Windows;C:\Windows\System32\Wbem;C:\Windows\System32\WindowsPowerShell\v1.0\;C:\Windows\System32\OpenSSH\;C:\Program Files\PuTTY\;C:\Program Files\nodejs\;C:\Program Files\Microsoft VS Code\bin;C:\Program Files\Microsoft SQL Server\150\Tools\Binn\;C:\Program Files\Microsoft SQL Server\Client SDK\ODBC\170\Tools\Binn\;C:\Program Files\dotnet\;C:\Users\jorge.mendez\AppData\Roaming\npm;C:\xampp\mysql\bin;C:\Users\marcosjesus.suarez\AppData\Local\Microsoft\WindowsApps;C:\Users\marcosjesus.suarez\AppData\Local\GitHubDesktop\bin;C:\Users\marcosjesus.suarez\AppData\Local\Programs\Antigravity\bin;C:\Users\marcosjesus.suarez\AppData\Local\Programs\Git\cmd
USERNAME=marcosjesus.suarez
OS=Windows_NT
PROCESSOR_IDENTIFIER=Intel64 Family 6 Model 165 Stepping 3, GenuineIntel
TMP=C:\Users\MARCOS~1.SUA\AppData\Local\Temp
TEMP=C:\Users\MARCOS~1.SUA\AppData\Local\Temp




Periodic native trim disabled

---------------  S Y S T E M  ---------------

OS:
 Windows 10 , 64 bit Build 19041 (10.0.19041.5915)
OS uptime: 4 days 0:14 hours
Hyper-V role detected

CPU: total 8 (initial active 8) (4 cores per cpu, 2 threads per core) family 6 model 165 stepping 3 microcode 0xea, cx8, cmov, fxsr, ht, mmx, 3dnowpref, sse, sse2, sse3, ssse3, sse4.1, sse4.2, popcnt, lzcnt, tsc, tscinvbit, avx, avx2, aes, erms, clmul, bmi1, bmi2, adx, fma, vzeroupper, clflush, clflushopt, hv, rdtscp, f16c
Processor Information for all 8 processors :
  Max Mhz: 3792, Current Mhz: 3792, Mhz Limit: 3792

Memory: 4k page, system-wide physical 8021M (869M free)
TotalPageFile size 10069M (AvailPageFile size 5M)
current process WorkingSet (physical memory assigned to process): 153M, peak: 153M
current process commit charge ("private bytes"): 255M, peak: 255M

vm_info: Java HotSpot(TM) 64-Bit Server VM (21.0.9+7-LTS-338) for windows-amd64 JRE (21.0.9+7-LTS-338), built on 2025-09-26T06:33:49Z by "mach5run" with MS VC++ 17.6 (VS2022)

END.
